#
# There is insufficient memory for the Java Runtime Environment to continue.
# Native memory allocation (malloc) failed to allocate 530736 bytes for Chunk::new
# Possible reasons:
#   The system is out of physical RAM or swap space
#   The process is running with CompressedOops enabled, and the Java Heap may be blocking the growth of the native heap
# Possible solutions:
#   Reduce memory load on the system
#   Increase physical memory or swap space
#   Check if swap backing store is full
#   Decrease Java heap size (-Xmx/-Xms)
#   Decrease number of Java threads
#   Decrease Java thread stack sizes (-Xss)
#   Set larger code cache with -XX:ReservedCodeCacheSize=
#   JVM is running with Unscaled Compressed Oops mode in which the Java heap is
#     placed in the first 4GB address space. The Java Heap base address is the
#     maximum limit for the native heap growth. Please use -XX:HeapBaseMinAddress
#     to set the Java Heap base and to place the Java Heap above 4GB virtual address.
# This output file may be truncated or incomplete.
#
#  Out of Memory Error (./src/hotspot/share/memory/arena.cpp:197), pid=3820, tid=1536
#
# JRE version: OpenJDK Runtime Environment (11.0.10) (build 11.0.10+0-b96-7249189)
# Java VM: OpenJDK 64-Bit Server VM (11.0.10+0-b96-7249189, mixed mode, tiered, compressed oops, g1 gc, windows-amd64)
# No core dump will be written. Minidumps are not enabled by default on client versions of Windows
#

---------------  S U M M A R Y ------------

Command Line: --add-opens=java.base/java.util=ALL-UNNAMED --add-opens=java.base/java.lang=ALL-UNNAMED --add-opens=java.base/java.lang.invoke=ALL-UNNAMED --add-opens=java.base/java.util=ALL-UNNAMED --add-opens=java.prefs/java.util.prefs=ALL-UNNAMED --add-opens=java.prefs/java.util.prefs=ALL-UNNAMED --add-opens=java.base/java.nio.charset=ALL-UNNAMED --add-opens=java.base/java.net=ALL-UNNAMED --add-opens=java.base/java.util.concurrent.atomic=ALL-UNNAMED -Xmx2048m -Dfile.encoding=UTF-8 -Duser.country=BR -Duser.language=pt -Duser.variant org.gradle.launcher.daemon.bootstrap.GradleDaemon 7.0.2

Host: Intel(R) Core(TM) i5-6200U CPU @ 2.30GHz, 4 cores, 7G,  Windows 10 , 64 bit Build 19041 (10.0.19041.1348)
Time: Thu Nov 18 20:41:51 2021 Hora oficial do Brasil elapsed time: 19.660099 seconds (0d 0h 0m 19s)

---------------  T H R E A D  ---------------

Current thread (0x000001d63bc52000):  JavaThread "C2 CompilerThread0" daemon [_thread_in_native, id=1536, stack(0x0000006722f00000,0x0000006723000000)]


Current CompileTask:
C2:  19660 10396       4       java.lang.invoke.MethodType::makeImpl (108 bytes)

Stack: [0x0000006722f00000,0x0000006723000000]
Native frames: (J=compiled Java code, j=interpreted, Vv=VM code, C=native code)
V  [jvm.dll+0x5ecfaa]
V  [jvm.dll+0x722bd5]
V  [jvm.dll+0x72412d]
V  [jvm.dll+0x7247e3]
V  [jvm.dll+0x242928]
V  [jvm.dll+0xbc4fc]
V  [jvm.dll+0xbca0c]
V  [jvm.dll+0x352d7d]
V  [jvm.dll+0x19800c]
V  [jvm.dll+0x1fb70e]
V  [jvm.dll+0x1fa7f4]
V  [jvm.dll+0x18354c]
V  [jvm.dll+0x208ee7]
V  [jvm.dll+0x207731]
V  [jvm.dll+0x6eb1cf]
V  [jvm.dll+0x6e3d45]
V  [jvm.dll+0x5ebe96]
C  [ucrtbase.dll+0x21bb2]
C  [KERNEL32.DLL+0x17034]
C  [ntdll.dll+0x52651]


---------------  P R O C E S S  ---------------

Threads class SMR info:
_java_thread_list=0x000001d641c99bf0, length=53, elements={
0x000001d62205e800, 0x000001d63bc30000, 0x000001d63bc33000, 0x000001d63c5d3000,
0x000001d63bc4d800, 0x000001d63bc50000, 0x000001d63bc52000, 0x000001d63bc56800,
0x000001d63bc5f800, 0x000001d63c713800, 0x000001d63f328800, 0x000001d63f826800,
0x000001d63ede6800, 0x000001d63e851000, 0x000001d63e76d800, 0x000001d63ea5e000,
0x000001d63e6b2800, 0x000001d63e759000, 0x000001d63e75a000, 0x000001d63e80e800,
0x000001d63e812800, 0x000001d63e814000, 0x000001d63e80f000, 0x000001d63e815000,
0x000001d63e810000, 0x000001d63e813000, 0x000001d63e810800, 0x000001d63e811800,
0x000001d63d5b0000, 0x000001d63d5b1000, 0x000001d63d5ad800, 0x000001d63d5b1800,
0x000001d63d5ae800, 0x000001d63d5b5000, 0x000001d63d5af000, 0x000001d63d5b6800,
0x000001d63d5ba800, 0x000001d63d5b7800, 0x000001d63d5bb800, 0x000001d63d5b9000,
0x000001d63d5ba000, 0x000001d63d5b8000, 0x000001d63ed23000, 0x000001d63ed25800,
0x000001d63ed28000, 0x000001d63ed26800, 0x000001d63ed22000, 0x000001d63ed24000,
0x000001d63debb800, 0x000001d63debd000, 0x000001d63deb9000, 0x000001d63debc800,
0x000001d63debe800
}

Java Threads: ( => current thread )
  0x000001d62205e800 JavaThread "main" [_thread_blocked, id=13924, stack(0x0000006722300000,0x0000006722400000)]
  0x000001d63bc30000 JavaThread "Reference Handler" daemon [_thread_blocked, id=2796, stack(0x0000006722a00000,0x0000006722b00000)]
  0x000001d63bc33000 JavaThread "Finalizer" daemon [_thread_blocked, id=8432, stack(0x0000006722b00000,0x0000006722c00000)]
  0x000001d63c5d3000 JavaThread "Signal Dispatcher" daemon [_thread_blocked, id=7572, stack(0x0000006722c00000,0x0000006722d00000)]
  0x000001d63bc4d800 JavaThread "Attach Listener" daemon [_thread_blocked, id=14200, stack(0x0000006722d00000,0x0000006722e00000)]
  0x000001d63bc50000 JavaThread "Service Thread" daemon [_thread_blocked, id=8024, stack(0x0000006722e00000,0x0000006722f00000)]
=>0x000001d63bc52000 JavaThread "C2 CompilerThread0" daemon [_thread_in_native, id=1536, stack(0x0000006722f00000,0x0000006723000000)]
  0x000001d63bc56800 JavaThread "C1 CompilerThread0" daemon [_thread_blocked, id=15404, stack(0x0000006723000000,0x0000006723100000)]
  0x000001d63bc5f800 JavaThread "Sweeper thread" daemon [_thread_blocked, id=636, stack(0x0000006723100000,0x0000006723200000)]
  0x000001d63c713800 JavaThread "Common-Cleaner" daemon [_thread_blocked, id=2492, stack(0x0000006723200000,0x0000006723300000)]
  0x000001d63f328800 JavaThread "Daemon health stats" [_thread_blocked, id=11672, stack(0x0000006723700000,0x0000006723800000)]
  0x000001d63f826800 JavaThread "Incoming local TCP Connector on port 57332" [_thread_in_native, id=16092, stack(0x0000006723600000,0x0000006723700000)]
  0x000001d63ede6800 JavaThread "Daemon periodic checks" [_thread_blocked, id=2296, stack(0x0000006723800000,0x0000006723900000)]
  0x000001d63e851000 JavaThread "Daemon" [_thread_blocked, id=15148, stack(0x0000006723a00000,0x0000006723b00000)]
  0x000001d63e76d800 JavaThread "Handler for socket connection from /127.0.0.1:57332 to /127.0.0.1:57333" [_thread_in_native, id=8032, stack(0x0000006723b00000,0x0000006723c00000)]
  0x000001d63ea5e000 JavaThread "Cancel handler" [_thread_blocked, id=10048, stack(0x0000006723c00000,0x0000006723d00000)]
  0x000001d63e6b2800 JavaThread "Daemon worker" [_thread_in_native, id=11316, stack(0x0000006723d00000,0x0000006723e00000)]
  0x000001d63e759000 JavaThread "Asynchronous log dispatcher for DefaultDaemonConnection: socket connection from /127.0.0.1:57332 to /127.0.0.1:57333" [_thread_blocked, id=9412, stack(0x0000006723e00000,0x0000006723f00000)]
  0x000001d63e75a000 JavaThread "Stdin handler" [_thread_blocked, id=13264, stack(0x0000006723f00000,0x0000006724000000)]
  0x000001d63e80e800 JavaThread "Daemon client event forwarder" [_thread_blocked, id=13064, stack(0x0000006724000000,0x0000006724100000)]
  0x000001d63e812800 JavaThread "Cache worker for file hash cache (C:\Users\usuario\.gradle\caches\7.0.2\fileHashes)" [_thread_blocked, id=1372, stack(0x0000006724100000,0x0000006724200000)]
  0x000001d63e814000 JavaThread "File lock request listener" [_thread_in_native, id=13296, stack(0x0000006724200000,0x0000006724300000)]
  0x000001d63e80f000 JavaThread "Cache worker for journal cache (C:\Users\usuario\.gradle\caches\journal-1)" [_thread_blocked, id=11332, stack(0x0000006724300000,0x0000006724400000)]
  0x000001d63e815000 JavaThread "Cache worker for file hash cache (C:\Users\usuario\AndroidStudioProjects\CardView\.gradle\7.0.2\fileHashes)" [_thread_blocked, id=11880, stack(0x0000006724500000,0x0000006724600000)]
  0x000001d63e810000 JavaThread "File watcher server" daemon [_thread_in_native, id=8668, stack(0x0000006724600000,0x0000006724700000)]
  0x000001d63e813000 JavaThread "File watcher consumer" daemon [_thread_blocked, id=14412, stack(0x0000006724700000,0x0000006724800000)]
  0x000001d63e810800 JavaThread "Cache worker for checksums cache (C:\Users\usuario\AndroidStudioProjects\CardView\.gradle\checksums)" [_thread_blocked, id=5372, stack(0x0000006724800000,0x0000006724900000)]
  0x000001d63e811800 JavaThread "Cache worker for cache directory md-supplier (C:\Users\usuario\.gradle\caches\7.0.2\md-supplier)" [_thread_blocked, id=11324, stack(0x0000006724900000,0x0000006724a00000)]
  0x000001d63d5b0000 JavaThread "Cache worker for cache directory md-rule (C:\Users\usuario\.gradle\caches\7.0.2\md-rule)" [_thread_blocked, id=12044, stack(0x0000006724a00000,0x0000006724b00000)]
  0x000001d63d5b1000 JavaThread "Cache worker for execution history cache (C:\Users\usuario\.gradle\caches\7.0.2\executionHistory)" [_thread_blocked, id=7888, stack(0x0000006724b00000,0x0000006724c00000)]
  0x000001d63d5ad800 JavaThread "jar transforms" [_thread_blocked, id=15332, stack(0x0000006724c00000,0x0000006724d00000)]
  0x000001d63d5b1800 JavaThread "jar transforms Thread 2" [_thread_blocked, id=9492, stack(0x0000006724d00000,0x0000006724e00000)]
  0x000001d63d5ae800 JavaThread "Cache worker for file content cache (C:\Users\usuario\.gradle\caches\7.0.2\fileContent)" [_thread_blocked, id=8152, stack(0x0000006724e00000,0x0000006724f00000)]
  0x000001d63d5b5000 JavaThread "Cache worker for dependencies-accessors (C:\Users\usuario\AndroidStudioProjects\CardView\.gradle\7.0.2\dependencies-accessors)" [_thread_blocked, id=3744, stack(0x0000006724f00000,0x0000006725000000)]
  0x000001d63d5af000 JavaThread "jar transforms Thread 3" [_thread_blocked, id=1292, stack(0x0000006725000000,0x0000006725100000)]
  0x000001d63d5b6800 JavaThread "Cache worker for Build Output Cleanup Cache (C:\Users\usuario\AndroidStudioProjects\CardView\.gradle\buildOutputCleanup)" [_thread_blocked, id=12532, stack(0x0000006725100000,0x0000006725200000)]
  0x000001d63d5ba800 JavaThread "Build operations" [_thread_blocked, id=3668, stack(0x0000006725200000,0x0000006725300000)]
  0x000001d63d5b7800 JavaThread "Build operations Thread 2" [_thread_blocked, id=16292, stack(0x0000006725300000,0x0000006725400000)]
  0x000001d63d5bb800 JavaThread "Build operations Thread 3" [_thread_blocked, id=4368, stack(0x0000006725400000,0x0000006725500000)]
  0x000001d63d5b9000 JavaThread "Build operations Thread 4" [_thread_blocked, id=6468, stack(0x0000006725500000,0x0000006725600000)]
  0x000001d63d5ba000 JavaThread "jar transforms Thread 4" [_thread_blocked, id=14052, stack(0x0000006725600000,0x0000006725700000)]
  0x000001d63d5b8000 JavaThread "Memory manager" [_thread_blocked, id=5004, stack(0x0000006725700000,0x0000006725800000)]
  0x000001d63ed23000 JavaThread "build event listener" [_thread_blocked, id=15080, stack(0x0000006725800000,0x0000006725900000)]
  0x000001d63ed25800 JavaThread "Execution worker for ':'" [_thread_blocked, id=12396, stack(0x0000006725900000,0x0000006725a00000)]
  0x000001d63ed28000 JavaThread "Execution worker for ':' Thread 2" [_thread_blocked, id=4012, stack(0x0000006725a00000,0x0000006725b00000)]
  0x000001d63ed26800 JavaThread "Execution worker for ':' Thread 3" [_thread_blocked, id=15936, stack(0x0000006725b00000,0x0000006725c00000)]
  0x000001d63ed22000 JavaThread "Cache worker for execution history cache (C:\Users\usuario\AndroidStudioProjects\CardView\.gradle\7.0.2\executionHistory)" [_thread_blocked, id=11868, stack(0x0000006725c00000,0x0000006725d00000)]
  0x000001d63ed24000 JavaThread "RMI Scheduler(0)" daemon [_thread_blocked, id=1424, stack(0x0000006724400000,0x0000006724500000)]
  0x000001d63debb800 JavaThread "RMI RenewClean-[127.0.0.1:17415,org.jetbrains.kotlin.daemon.common.LoopbackNetworkInterface$ClientLoopbackSocketFactory@2633a318]" daemon [_thread_blocked, id=12992, stack(0x0000006725d00000,0x0000006725e00000)]
  0x000001d63debd000 JavaThread "RMI GC Daemon" daemon [_thread_blocked, id=7580, stack(0x0000006725e00000,0x0000006725f00000)]
  0x000001d63deb9000 JavaThread "RMI TCP Accept-0" daemon [_thread_in_native, id=11972, stack(0x0000006725f00000,0x0000006726000000)]
  0x000001d63debc800 JavaThread "RMI Reaper" [_thread_blocked, id=4876, stack(0x0000006726000000,0x0000006726100000)]
  0x000001d63debe800 JavaThread "C2 CompilerThread1" daemon [_thread_in_native, id=14852, stack(0x0000006726100000,0x0000006726200000)]

Other Threads:
  0x000001d63bc2c000 VMThread "VM Thread" [stack: 0x0000006722900000,0x0000006722a00000] [id=14068]
  0x000001d63c739800 WatcherThread [stack: 0x0000006723300000,0x0000006723400000] [id=15984]
  0x000001d622076000 GCTaskThread "GC Thread#0" [stack: 0x0000006722400000,0x0000006722500000] [id=12276]
  0x000001d63cab9000 GCTaskThread "GC Thread#1" [stack: 0x0000006723400000,0x0000006723500000] [id=10824]
  0x000001d63c869800 GCTaskThread "GC Thread#2" [stack: 0x0000006723500000,0x0000006723600000] [id=13056]
  0x000001d63d28c000 GCTaskThread "GC Thread#3" [stack: 0x0000006723900000,0x0000006723a00000] [id=12820]
  0x000001d6220a7000 ConcurrentGCThread "G1 Main Marker" [stack: 0x0000006722500000,0x0000006722600000] [id=5584]
  0x000001d6220a9000 ConcurrentGCThread "G1 Conc#0" [stack: 0x0000006722600000,0x0000006722700000] [id=16148]
  0x000001d622137000 ConcurrentGCThread "G1 Refine#0" [stack: 0x0000006722700000,0x0000006722800000] [id=8652]
  0x000001d622138000 ConcurrentGCThread "G1 Young RemSet Sampling" [stack: 0x0000006722800000,0x0000006722900000] [id=9952]

Threads with active compile tasks:
C2 CompilerThread0  19712 10396       4       java.lang.invoke.MethodType::makeImpl (108 bytes)
C2 CompilerThread1  19712 10395       4       java.lang.invoke.MemberName::getMethodOrFieldType (72 bytes)

VM state:not at safepoint (normal execution)

VM Mutex/Monitor currently owned by a thread: None

Heap address: 0x0000000080000000, size: 2048 MB, Compressed Oops mode: 32-bit
Narrow klass base: 0x0000000000000000, Narrow klass shift: 3
Compressed class space size: 1073741824 Address: 0x0000000100000000

Heap:
 garbage-first heap   total 227328K, used 160712K [0x0000000080000000, 0x0000000100000000)
  region size 1024K, 95 young (97280K), 10 survivors (10240K)
 Metaspace       used 90814K, capacity 93042K, committed 93132K, reserved 1130496K
  class space    used 11854K, capacity 12680K, committed 12748K, reserved 1048576K
Heap Regions: E=young(eden), S=young(survivor), O=old, HS=humongous(starts), HC=humongous(continues), CS=collection set, F=free, A=archive, TAMS=top-at-mark-start (previous, next)
|   0|0x0000000080000000, 0x0000000080100000, 0x0000000080100000|100%| O|  |TAMS 0x0000000080100000, 0x0000000080000000| Untracked 
|   1|0x0000000080100000, 0x0000000080200000, 0x0000000080200000|100%| O|  |TAMS 0x0000000080200000, 0x0000000080100000| Untracked 
|   2|0x0000000080200000, 0x0000000080300000, 0x0000000080300000|100%| O|  |TAMS 0x0000000080300000, 0x0000000080200000| Untracked 
|   3|0x0000000080300000, 0x0000000080400000, 0x0000000080400000|100%|HS|  |TAMS 0x0000000080400000, 0x0000000080300000| Complete 
|   4|0x0000000080400000, 0x0000000080500000, 0x0000000080500000|100%|HC|  |TAMS 0x0000000080500000, 0x0000000080400000| Complete 
|   5|0x0000000080500000, 0x0000000080600000, 0x0000000080600000|100%|HC|  |TAMS 0x0000000080600000, 0x0000000080500000| Complete 
|   6|0x0000000080600000, 0x0000000080700000, 0x0000000080700000|100%| O|  |TAMS 0x0000000080700000, 0x0000000080600000| Untracked 
|   7|0x0000000080700000, 0x0000000080800000, 0x0000000080800000|100%| O|  |TAMS 0x0000000080800000, 0x0000000080700000| Untracked 
|   8|0x0000000080800000, 0x0000000080900000, 0x0000000080900000|100%| O|  |TAMS 0x0000000080900000, 0x0000000080800000| Untracked 
|   9|0x0000000080900000, 0x0000000080a00000, 0x0000000080a00000|100%| O|  |TAMS 0x0000000080a00000, 0x0000000080900000| Untracked 
|  10|0x0000000080a00000, 0x0000000080b00000, 0x0000000080b00000|100%| O|  |TAMS 0x0000000080b00000, 0x0000000080a00000| Untracked 
|  11|0x0000000080b00000, 0x0000000080c00000, 0x0000000080c00000|100%| O|  |TAMS 0x0000000080c00000, 0x0000000080b00000| Untracked 
|  12|0x0000000080c00000, 0x0000000080d00000, 0x0000000080d00000|100%| O|  |TAMS 0x0000000080d00000, 0x0000000080c00000| Untracked 
|  13|0x0000000080d00000, 0x0000000080e00000, 0x0000000080e00000|100%| O|  |TAMS 0x0000000080e00000, 0x0000000080d00000| Untracked 
|  14|0x0000000080e00000, 0x0000000080f00000, 0x0000000080f00000|100%| O|  |TAMS 0x0000000080f00000, 0x0000000080e00000| Untracked 
|  15|0x0000000080f00000, 0x0000000081000000, 0x0000000081000000|100%| O|  |TAMS 0x0000000081000000, 0x0000000080f00000| Untracked 
|  16|0x0000000081000000, 0x0000000081100000, 0x0000000081100000|100%|HS|  |TAMS 0x0000000081100000, 0x0000000081000000| Complete 
|  17|0x0000000081100000, 0x0000000081200000, 0x0000000081200000|100%| O|  |TAMS 0x0000000081200000, 0x0000000081100000| Untracked 
|  18|0x0000000081200000, 0x0000000081300000, 0x0000000081300000|100%| O|  |TAMS 0x0000000081300000, 0x0000000081200000| Untracked 
|  19|0x0000000081300000, 0x0000000081400000, 0x0000000081400000|100%| O|  |TAMS 0x0000000081400000, 0x0000000081300000| Untracked 
|  20|0x0000000081400000, 0x0000000081500000, 0x0000000081500000|100%| O|  |TAMS 0x0000000081500000, 0x0000000081400000| Untracked 
|  21|0x0000000081500000, 0x0000000081600000, 0x0000000081600000|100%| O|  |TAMS 0x0000000081600000, 0x0000000081500000| Untracked 
|  22|0x0000000081600000, 0x0000000081700000, 0x0000000081700000|100%| O|  |TAMS 0x0000000081700000, 0x0000000081600000| Untracked 
|  23|0x0000000081700000, 0x0000000081800000, 0x0000000081800000|100%|HS|  |TAMS 0x0000000081800000, 0x0000000081700000| Complete 
|  24|0x0000000081800000, 0x0000000081900000, 0x0000000081900000|100%|HS|  |TAMS 0x0000000081900000, 0x0000000081800000| Complete 
|  25|0x0000000081900000, 0x0000000081a00000, 0x0000000081a00000|100%|HS|  |TAMS 0x0000000081a00000, 0x0000000081900000| Complete 
|  26|0x0000000081a00000, 0x0000000081b00000, 0x0000000081b00000|100%|HC|  |TAMS 0x0000000081b00000, 0x0000000081a00000| Complete 
|  27|0x0000000081b00000, 0x0000000081c00000, 0x0000000081c00000|100%|HC|  |TAMS 0x0000000081c00000, 0x0000000081b00000| Complete 
|  28|0x0000000081c00000, 0x0000000081d00000, 0x0000000081d00000|100%|HS|  |TAMS 0x0000000081d00000, 0x0000000081c00000| Complete 
|  29|0x0000000081d00000, 0x0000000081e00000, 0x0000000081e00000|100%|HC|  |TAMS 0x0000000081e00000, 0x0000000081d00000| Complete 
|  30|0x0000000081e00000, 0x0000000081f00000, 0x0000000081f00000|100%| O|  |TAMS 0x0000000081f00000, 0x0000000081e00000| Untracked 
|  31|0x0000000081f00000, 0x0000000082000000, 0x0000000082000000|100%| O|  |TAMS 0x0000000082000000, 0x0000000081f00000| Untracked 
|  32|0x0000000082000000, 0x0000000082100000, 0x0000000082100000|100%| O|  |TAMS 0x0000000082100000, 0x0000000082000000| Untracked 
|  33|0x0000000082100000, 0x0000000082200000, 0x0000000082200000|100%| O|  |TAMS 0x0000000082200000, 0x0000000082100000| Untracked 
|  34|0x0000000082200000, 0x0000000082300000, 0x0000000082300000|100%| O|  |TAMS 0x0000000082300000, 0x0000000082200000| Untracked 
|  35|0x0000000082300000, 0x0000000082400000, 0x0000000082400000|100%| O|  |TAMS 0x0000000082400000, 0x0000000082300000| Untracked 
|  36|0x0000000082400000, 0x0000000082500000, 0x0000000082500000|100%| O|  |TAMS 0x0000000082500000, 0x0000000082400000| Untracked 
|  37|0x0000000082500000, 0x0000000082600000, 0x0000000082600000|100%| O|  |TAMS 0x0000000082600000, 0x0000000082500000| Untracked 
|  38|0x0000000082600000, 0x0000000082700000, 0x0000000082700000|100%| O|  |TAMS 0x0000000082700000, 0x0000000082600000| Untracked 
|  39|0x0000000082700000, 0x0000000082800000, 0x0000000082800000|100%| O|  |TAMS 0x0000000082800000, 0x0000000082700000| Untracked 
|  40|0x0000000082800000, 0x0000000082900000, 0x0000000082900000|100%| O|  |TAMS 0x0000000082900000, 0x0000000082800000| Untracked 
|  41|0x0000000082900000, 0x0000000082a00000, 0x0000000082a00000|100%| O|  |TAMS 0x0000000082a00000, 0x0000000082900000| Untracked 
|  42|0x0000000082a00000, 0x0000000082b00000, 0x0000000082b00000|100%| O|  |TAMS 0x0000000082b00000, 0x0000000082a00000| Untracked 
|  43|0x0000000082b00000, 0x0000000082c00000, 0x0000000082c00000|100%| O|  |TAMS 0x0000000082c00000, 0x0000000082b00000| Untracked 
|  44|0x0000000082c00000, 0x0000000082d00000, 0x0000000082d00000|100%| O|  |TAMS 0x0000000082d00000, 0x0000000082c00000| Untracked 
|  45|0x0000000082d00000, 0x0000000082e00000, 0x0000000082e00000|100%| O|  |TAMS 0x0000000082dea800, 0x0000000082d00000| Untracked 
|  46|0x0000000082e00000, 0x0000000082f00000, 0x0000000082f00000|100%| O|  |TAMS 0x0000000082e00000, 0x0000000082e00000| Untracked 
|  47|0x0000000082f00000, 0x0000000083000000, 0x0000000083000000|100%| O|  |TAMS 0x0000000082f00000, 0x0000000082f00000| Untracked 
|  48|0x0000000083000000, 0x0000000083100000, 0x0000000083100000|100%| O|  |TAMS 0x0000000083000000, 0x0000000083000000| Untracked 
|  49|0x0000000083100000, 0x0000000083200000, 0x0000000083200000|100%| O|  |TAMS 0x0000000083100000, 0x0000000083100000| Untracked 
|  50|0x0000000083200000, 0x0000000083300000, 0x0000000083300000|100%| O|  |TAMS 0x0000000083200000, 0x0000000083200000| Untracked 
|  51|0x0000000083300000, 0x0000000083400000, 0x0000000083400000|100%| O|  |TAMS 0x0000000083300000, 0x0000000083300000| Untracked 
|  52|0x0000000083400000, 0x0000000083500000, 0x0000000083500000|100%| O|  |TAMS 0x0000000083400000, 0x0000000083400000| Untracked 
|  53|0x0000000083500000, 0x0000000083600000, 0x0000000083600000|100%| O|  |TAMS 0x0000000083500000, 0x0000000083500000| Untracked 
|  54|0x0000000083600000, 0x0000000083700000, 0x0000000083700000|100%| O|  |TAMS 0x0000000083600000, 0x0000000083600000| Untracked 
|  55|0x0000000083700000, 0x0000000083800000, 0x0000000083800000|100%| O|  |TAMS 0x0000000083700000, 0x0000000083700000| Untracked 
|  56|0x0000000083800000, 0x0000000083900000, 0x0000000083900000|100%| O|  |TAMS 0x0000000083800000, 0x0000000083800000| Untracked 
|  57|0x0000000083900000, 0x0000000083a00000, 0x0000000083a00000|100%| O|  |TAMS 0x0000000083900000, 0x0000000083900000| Untracked 
|  58|0x0000000083a00000, 0x0000000083b00000, 0x0000000083b00000|100%| O|  |TAMS 0x0000000083a00000, 0x0000000083a00000| Untracked 
|  59|0x0000000083b00000, 0x0000000083c00000, 0x0000000083c00000|100%| O|  |TAMS 0x0000000083b00000, 0x0000000083b00000| Untracked 
|  60|0x0000000083c00000, 0x0000000083d00000, 0x0000000083d00000|100%| O|  |TAMS 0x0000000083c00000, 0x0000000083c00000| Untracked 
|  61|0x0000000083d00000, 0x0000000083e00000, 0x0000000083e00000|100%| O|  |TAMS 0x0000000083d00000, 0x0000000083d00000| Untracked 
|  62|0x0000000083e00000, 0x0000000083f00000, 0x0000000083f00000|100%| O|  |TAMS 0x0000000083e00000, 0x0000000083e00000| Untracked 
|  63|0x0000000083f00000, 0x0000000083f7f600, 0x0000000084000000| 49%| O|  |TAMS 0x0000000083f00000, 0x0000000083f00000| Untracked 
|  64|0x0000000084000000, 0x0000000084000000, 0x0000000084100000|  0%| F|  |TAMS 0x0000000084000000, 0x0000000084000000| Untracked 
|  65|0x0000000084100000, 0x0000000084100000, 0x0000000084200000|  0%| F|  |TAMS 0x0000000084100000, 0x0000000084100000| Untracked 
|  66|0x0000000084200000, 0x0000000084200000, 0x0000000084300000|  0%| F|  |TAMS 0x0000000084200000, 0x0000000084200000| Untracked 
|  67|0x0000000084300000, 0x0000000084300000, 0x0000000084400000|  0%| F|  |TAMS 0x0000000084300000, 0x0000000084300000| Untracked 
|  68|0x0000000084400000, 0x0000000084400000, 0x0000000084500000|  0%| F|  |TAMS 0x0000000084400000, 0x0000000084400000| Untracked 
|  69|0x0000000084500000, 0x0000000084500000, 0x0000000084600000|  0%| F|  |TAMS 0x0000000084500000, 0x0000000084500000| Untracked 
|  70|0x0000000084600000, 0x0000000084600000, 0x0000000084700000|  0%| F|  |TAMS 0x0000000084600000, 0x0000000084600000| Untracked 
|  71|0x0000000084700000, 0x0000000084700000, 0x0000000084800000|  0%| F|  |TAMS 0x0000000084700000, 0x0000000084700000| Untracked 
|  72|0x0000000084800000, 0x0000000084800000, 0x0000000084900000|  0%| F|  |TAMS 0x0000000084800000, 0x0000000084800000| Untracked 
|  73|0x0000000084900000, 0x0000000084900000, 0x0000000084a00000|  0%| F|  |TAMS 0x0000000084900000, 0x0000000084900000| Untracked 
|  74|0x0000000084a00000, 0x0000000084a00000, 0x0000000084b00000|  0%| F|  |TAMS 0x0000000084a00000, 0x0000000084a00000| Untracked 
|  75|0x0000000084b00000, 0x0000000084b00000, 0x0000000084c00000|  0%| F|  |TAMS 0x0000000084b00000, 0x0000000084b00000| Untracked 
|  76|0x0000000084c00000, 0x0000000084c00000, 0x0000000084d00000|  0%| F|  |TAMS 0x0000000084c00000, 0x0000000084c00000| Untracked 
|  77|0x0000000084d00000, 0x0000000084d00000, 0x0000000084e00000|  0%| F|  |TAMS 0x0000000084d00000, 0x0000000084d00000| Untracked 
|  78|0x0000000084e00000, 0x0000000084e00000, 0x0000000084f00000|  0%| F|  |TAMS 0x0000000084e00000, 0x0000000084e00000| Untracked 
|  79|0x0000000084f00000, 0x0000000084f00000, 0x0000000085000000|  0%| F|  |TAMS 0x0000000084f00000, 0x0000000084f00000| Untracked 
|  80|0x0000000085000000, 0x0000000085000000, 0x0000000085100000|  0%| F|  |TAMS 0x0000000085000000, 0x0000000085000000| Untracked 
|  81|0x0000000085100000, 0x0000000085100000, 0x0000000085200000|  0%| F|  |TAMS 0x0000000085100000, 0x0000000085100000| Untracked 
|  82|0x0000000085200000, 0x0000000085200000, 0x0000000085300000|  0%| F|  |TAMS 0x0000000085200000, 0x0000000085200000| Untracked 
|  83|0x0000000085300000, 0x0000000085300000, 0x0000000085400000|  0%| F|  |TAMS 0x0000000085300000, 0x0000000085300000| Untracked 
|  84|0x0000000085400000, 0x0000000085400000, 0x0000000085500000|  0%| F|  |TAMS 0x0000000085400000, 0x0000000085400000| Untracked 
|  85|0x0000000085500000, 0x0000000085500000, 0x0000000085600000|  0%| F|  |TAMS 0x0000000085500000, 0x0000000085500000| Untracked 
|  86|0x0000000085600000, 0x0000000085600000, 0x0000000085700000|  0%| F|  |TAMS 0x0000000085600000, 0x0000000085600000| Untracked 
|  87|0x0000000085700000, 0x0000000085700000, 0x0000000085800000|  0%| F|  |TAMS 0x0000000085700000, 0x0000000085700000| Untracked 
|  88|0x0000000085800000, 0x0000000085800000, 0x0000000085900000|  0%| F|  |TAMS 0x0000000085800000, 0x0000000085800000| Untracked 
|  89|0x0000000085900000, 0x0000000085900000, 0x0000000085a00000|  0%| F|  |TAMS 0x0000000085900000, 0x0000000085900000| Untracked 
|  90|0x0000000085a00000, 0x0000000085a00000, 0x0000000085b00000|  0%| F|  |TAMS 0x0000000085a00000, 0x0000000085a00000| Untracked 
|  91|0x0000000085b00000, 0x0000000085b00000, 0x0000000085c00000|  0%| F|  |TAMS 0x0000000085b00000, 0x0000000085b00000| Untracked 
|  92|0x0000000085c00000, 0x0000000085c00000, 0x0000000085d00000|  0%| F|  |TAMS 0x0000000085c00000, 0x0000000085c00000| Untracked 
|  93|0x0000000085d00000, 0x0000000085d00000, 0x0000000085e00000|  0%| F|  |TAMS 0x0000000085d00000, 0x0000000085d00000| Untracked 
|  94|0x0000000085e00000, 0x0000000085e72d80, 0x0000000085f00000| 44%| S|CS|TAMS 0x0000000085e00000, 0x0000000085e00000| Complete 
|  95|0x0000000085f00000, 0x0000000086000000, 0x0000000086000000|100%| S|CS|TAMS 0x0000000085f00000, 0x0000000085f00000| Complete 
|  96|0x0000000086000000, 0x0000000086100000, 0x0000000086100000|100%| S|CS|TAMS 0x0000000086000000, 0x0000000086000000| Complete 
|  97|0x0000000086100000, 0x0000000086100000, 0x0000000086200000|  0%| F|  |TAMS 0x0000000086100000, 0x0000000086100000| Untracked 
|  98|0x0000000086200000, 0x0000000086200000, 0x0000000086300000|  0%| F|  |TAMS 0x0000000086200000, 0x0000000086200000| Untracked 
|  99|0x0000000086300000, 0x0000000086300000, 0x0000000086400000|  0%| F|  |TAMS 0x0000000086300000, 0x0000000086300000| Untracked 
| 100|0x0000000086400000, 0x0000000086400000, 0x0000000086500000|  0%| F|  |TAMS 0x0000000086400000, 0x0000000086400000| Untracked 
| 101|0x0000000086500000, 0x0000000086500000, 0x0000000086600000|  0%| F|  |TAMS 0x0000000086500000, 0x0000000086500000| Untracked 
| 102|0x0000000086600000, 0x0000000086600000, 0x0000000086700000|  0%| F|  |TAMS 0x0000000086600000, 0x0000000086600000| Untracked 
| 103|0x0000000086700000, 0x0000000086700000, 0x0000000086800000|  0%| F|  |TAMS 0x0000000086700000, 0x0000000086700000| Untracked 
| 104|0x0000000086800000, 0x0000000086800000, 0x0000000086900000|  0%| F|  |TAMS 0x0000000086800000, 0x0000000086800000| Untracked 
| 105|0x0000000086900000, 0x0000000086900000, 0x0000000086a00000|  0%| F|  |TAMS 0x0000000086900000, 0x0000000086900000| Untracked 
| 106|0x0000000086a00000, 0x0000000086b00000, 0x0000000086b00000|100%| S|CS|TAMS 0x0000000086a00000, 0x0000000086a00000| Complete 
| 107|0x0000000086b00000, 0x0000000086c00000, 0x0000000086c00000|100%| S|CS|TAMS 0x0000000086b00000, 0x0000000086b00000| Complete 
| 108|0x0000000086c00000, 0x0000000086d00000, 0x0000000086d00000|100%| S|CS|TAMS 0x0000000086c00000, 0x0000000086c00000| Complete 
| 109|0x0000000086d00000, 0x0000000086e00000, 0x0000000086e00000|100%| S|CS|TAMS 0x0000000086d00000, 0x0000000086d00000| Complete 
| 110|0x0000000086e00000, 0x0000000086f00000, 0x0000000086f00000|100%| S|CS|TAMS 0x0000000086e00000, 0x0000000086e00000| Complete 
| 111|0x0000000086f00000, 0x0000000087000000, 0x0000000087000000|100%| S|CS|TAMS 0x0000000086f00000, 0x0000000086f00000| Complete 
| 112|0x0000000087000000, 0x0000000087100000, 0x0000000087100000|100%| S|CS|TAMS 0x0000000087000000, 0x0000000087000000| Complete 
| 113|0x0000000087100000, 0x0000000087100000, 0x0000000087200000|  0%| F|  |TAMS 0x0000000087100000, 0x0000000087100000| Untracked 
| 114|0x0000000087200000, 0x0000000087200000, 0x0000000087300000|  0%| F|  |TAMS 0x0000000087200000, 0x0000000087200000| Untracked 
| 115|0x0000000087300000, 0x0000000087300000, 0x0000000087400000|  0%| F|  |TAMS 0x0000000087300000, 0x0000000087300000| Untracked 
| 116|0x0000000087400000, 0x0000000087400000, 0x0000000087500000|  0%| F|  |TAMS 0x0000000087400000, 0x0000000087400000| Untracked 
| 117|0x0000000087500000, 0x0000000087500000, 0x0000000087600000|  0%| F|  |TAMS 0x0000000087500000, 0x0000000087500000| Untracked 
| 118|0x0000000087600000, 0x0000000087600000, 0x0000000087700000|  0%| F|  |TAMS 0x0000000087600000, 0x0000000087600000| Untracked 
| 119|0x0000000087700000, 0x0000000087700000, 0x0000000087800000|  0%| F|  |TAMS 0x0000000087700000, 0x0000000087700000| Untracked 
| 120|0x0000000087800000, 0x0000000087800000, 0x0000000087900000|  0%| F|  |TAMS 0x0000000087800000, 0x0000000087800000| Untracked 
| 121|0x0000000087900000, 0x0000000087900000, 0x0000000087a00000|  0%| F|  |TAMS 0x0000000087900000, 0x0000000087900000| Untracked 
| 122|0x0000000087a00000, 0x0000000087a00000, 0x0000000087b00000|  0%| F|  |TAMS 0x0000000087a00000, 0x0000000087a00000| Untracked 
| 123|0x0000000087b00000, 0x0000000087b00000, 0x0000000087c00000|  0%| F|  |TAMS 0x0000000087b00000, 0x0000000087b00000| Untracked 
| 124|0x0000000087c00000, 0x0000000087c00000, 0x0000000087d00000|  0%| F|  |TAMS 0x0000000087c00000, 0x0000000087c00000| Untracked 
| 125|0x0000000087d00000, 0x0000000087d00000, 0x0000000087e00000|  0%| F|  |TAMS 0x0000000087d00000, 0x0000000087d00000| Untracked 
| 126|0x0000000087e00000, 0x0000000087e00000, 0x0000000087f00000|  0%| F|  |TAMS 0x0000000087e00000, 0x0000000087e00000| Untracked 
| 127|0x0000000087f00000, 0x0000000087f00000, 0x0000000088000000|  0%| F|  |TAMS 0x0000000087f00000, 0x0000000087f00000| Untracked 
| 128|0x0000000088000000, 0x0000000088000000, 0x0000000088100000|  0%| F|  |TAMS 0x0000000088000000, 0x0000000088000000| Untracked 
| 129|0x0000000088100000, 0x0000000088100000, 0x0000000088200000|  0%| F|  |TAMS 0x0000000088100000, 0x0000000088100000| Untracked 
| 130|0x0000000088200000, 0x0000000088200000, 0x0000000088300000|  0%| F|  |TAMS 0x0000000088200000, 0x0000000088200000| Untracked 
| 131|0x0000000088300000, 0x0000000088300000, 0x0000000088400000|  0%| F|  |TAMS 0x0000000088300000, 0x0000000088300000| Untracked 
| 132|0x0000000088400000, 0x0000000088400000, 0x0000000088500000|  0%| F|  |TAMS 0x0000000088400000, 0x0000000088400000| Untracked 
| 133|0x0000000088500000, 0x0000000088500000, 0x0000000088600000|  0%| F|  |TAMS 0x0000000088500000, 0x0000000088500000| Untracked 
| 134|0x0000000088600000, 0x0000000088600000, 0x0000000088700000|  0%| F|  |TAMS 0x0000000088600000, 0x0000000088600000| Untracked 
| 135|0x0000000088700000, 0x0000000088700000, 0x0000000088800000|  0%| F|  |TAMS 0x0000000088700000, 0x0000000088700000| Untracked 
| 136|0x0000000088800000, 0x0000000088800000, 0x0000000088900000|  0%| F|  |TAMS 0x0000000088800000, 0x0000000088800000| Untracked 
| 137|0x0000000088900000, 0x0000000088a00000, 0x0000000088a00000|100%| E|  |TAMS 0x0000000088900000, 0x0000000088900000| Complete 
| 138|0x0000000088a00000, 0x0000000088b00000, 0x0000000088b00000|100%| E|CS|TAMS 0x0000000088a00000, 0x0000000088a00000| Complete 
| 139|0x0000000088b00000, 0x0000000088c00000, 0x0000000088c00000|100%| E|CS|TAMS 0x0000000088b00000, 0x0000000088b00000| Complete 
| 140|0x0000000088c00000, 0x0000000088d00000, 0x0000000088d00000|100%| E|CS|TAMS 0x0000000088c00000, 0x0000000088c00000| Complete 
| 141|0x0000000088d00000, 0x0000000088e00000, 0x0000000088e00000|100%| E|CS|TAMS 0x0000000088d00000, 0x0000000088d00000| Complete 
| 142|0x0000000088e00000, 0x0000000088f00000, 0x0000000088f00000|100%| E|CS|TAMS 0x0000000088e00000, 0x0000000088e00000| Complete 
| 143|0x0000000088f00000, 0x0000000089000000, 0x0000000089000000|100%| E|CS|TAMS 0x0000000088f00000, 0x0000000088f00000| Complete 
| 144|0x0000000089000000, 0x0000000089100000, 0x0000000089100000|100%| E|CS|TAMS 0x0000000089000000, 0x0000000089000000| Complete 
| 145|0x0000000089100000, 0x0000000089200000, 0x0000000089200000|100%| E|CS|TAMS 0x0000000089100000, 0x0000000089100000| Complete 
| 146|0x0000000089200000, 0x0000000089300000, 0x0000000089300000|100%| E|CS|TAMS 0x0000000089200000, 0x0000000089200000| Complete 
| 147|0x0000000089300000, 0x0000000089400000, 0x0000000089400000|100%| E|CS|TAMS 0x0000000089300000, 0x0000000089300000| Complete 
| 148|0x0000000089400000, 0x0000000089500000, 0x0000000089500000|100%| E|CS|TAMS 0x0000000089400000, 0x0000000089400000| Complete 
| 149|0x0000000089500000, 0x0000000089600000, 0x0000000089600000|100%| E|CS|TAMS 0x0000000089500000, 0x0000000089500000| Complete 
| 150|0x0000000089600000, 0x0000000089700000, 0x0000000089700000|100%| E|CS|TAMS 0x0000000089600000, 0x0000000089600000| Complete 
| 151|0x0000000089700000, 0x0000000089800000, 0x0000000089800000|100%| E|CS|TAMS 0x0000000089700000, 0x0000000089700000| Complete 
| 152|0x0000000089800000, 0x0000000089900000, 0x0000000089900000|100%| E|CS|TAMS 0x0000000089800000, 0x0000000089800000| Complete 
| 153|0x0000000089900000, 0x0000000089a00000, 0x0000000089a00000|100%| E|CS|TAMS 0x0000000089900000, 0x0000000089900000| Complete 
| 154|0x0000000089a00000, 0x0000000089b00000, 0x0000000089b00000|100%| E|CS|TAMS 0x0000000089a00000, 0x0000000089a00000| Complete 
| 155|0x0000000089b00000, 0x0000000089c00000, 0x0000000089c00000|100%| E|CS|TAMS 0x0000000089b00000, 0x0000000089b00000| Complete 
| 156|0x0000000089c00000, 0x0000000089d00000, 0x0000000089d00000|100%| E|CS|TAMS 0x0000000089c00000, 0x0000000089c00000| Complete 
| 157|0x0000000089d00000, 0x0000000089e00000, 0x0000000089e00000|100%| E|CS|TAMS 0x0000000089d00000, 0x0000000089d00000| Complete 
| 158|0x0000000089e00000, 0x0000000089f00000, 0x0000000089f00000|100%| E|CS|TAMS 0x0000000089e00000, 0x0000000089e00000| Complete 
| 159|0x0000000089f00000, 0x000000008a000000, 0x000000008a000000|100%| E|CS|TAMS 0x0000000089f00000, 0x0000000089f00000| Complete 
| 160|0x000000008a000000, 0x000000008a100000, 0x000000008a100000|100%| E|CS|TAMS 0x000000008a000000, 0x000000008a000000| Complete 
| 161|0x000000008a100000, 0x000000008a200000, 0x000000008a200000|100%| E|CS|TAMS 0x000000008a100000, 0x000000008a100000| Complete 
| 162|0x000000008a200000, 0x000000008a300000, 0x000000008a300000|100%| E|CS|TAMS 0x000000008a200000, 0x000000008a200000| Complete 
| 163|0x000000008a300000, 0x000000008a400000, 0x000000008a400000|100%| E|CS|TAMS 0x000000008a300000, 0x000000008a300000| Complete 
| 164|0x000000008a400000, 0x000000008a500000, 0x000000008a500000|100%| E|CS|TAMS 0x000000008a400000, 0x000000008a400000| Complete 
| 165|0x000000008a500000, 0x000000008a600000, 0x000000008a600000|100%| E|CS|TAMS 0x000000008a500000, 0x000000008a500000| Complete 
| 166|0x000000008a600000, 0x000000008a700000, 0x000000008a700000|100%| E|CS|TAMS 0x000000008a600000, 0x000000008a600000| Complete 
| 167|0x000000008a700000, 0x000000008a800000, 0x000000008a800000|100%| E|CS|TAMS 0x000000008a700000, 0x000000008a700000| Complete 
| 168|0x000000008a800000, 0x000000008a900000, 0x000000008a900000|100%| E|CS|TAMS 0x000000008a800000, 0x000000008a800000| Complete 
| 169|0x000000008a900000, 0x000000008aa00000, 0x000000008aa00000|100%| E|CS|TAMS 0x000000008a900000, 0x000000008a900000| Complete 
| 170|0x000000008aa00000, 0x000000008ab00000, 0x000000008ab00000|100%| E|CS|TAMS 0x000000008aa00000, 0x000000008aa00000| Complete 
| 171|0x000000008ab00000, 0x000000008ac00000, 0x000000008ac00000|100%| E|CS|TAMS 0x000000008ab00000, 0x000000008ab00000| Complete 
| 172|0x000000008ac00000, 0x000000008ad00000, 0x000000008ad00000|100%| E|CS|TAMS 0x000000008ac00000, 0x000000008ac00000| Complete 
| 173|0x000000008ad00000, 0x000000008ae00000, 0x000000008ae00000|100%| E|CS|TAMS 0x000000008ad00000, 0x000000008ad00000| Complete 
| 174|0x000000008ae00000, 0x000000008af00000, 0x000000008af00000|100%| E|CS|TAMS 0x000000008ae00000, 0x000000008ae00000| Complete 
| 175|0x000000008af00000, 0x000000008b000000, 0x000000008b000000|100%| E|CS|TAMS 0x000000008af00000, 0x000000008af00000| Complete 
| 176|0x000000008b000000, 0x000000008b100000, 0x000000008b100000|100%| E|CS|TAMS 0x000000008b000000, 0x000000008b000000| Complete 
| 177|0x000000008b100000, 0x000000008b200000, 0x000000008b200000|100%| E|CS|TAMS 0x000000008b100000, 0x000000008b100000| Complete 
| 178|0x000000008b200000, 0x000000008b300000, 0x000000008b300000|100%| E|CS|TAMS 0x000000008b200000, 0x000000008b200000| Complete 
| 179|0x000000008b300000, 0x000000008b400000, 0x000000008b400000|100%| E|CS|TAMS 0x000000008b300000, 0x000000008b300000| Complete 
| 180|0x000000008b400000, 0x000000008b500000, 0x000000008b500000|100%| E|CS|TAMS 0x000000008b400000, 0x000000008b400000| Complete 
| 181|0x000000008b500000, 0x000000008b600000, 0x000000008b600000|100%| E|CS|TAMS 0x000000008b500000, 0x000000008b500000| Complete 
| 182|0x000000008b600000, 0x000000008b700000, 0x000000008b700000|100%| E|CS|TAMS 0x000000008b600000, 0x000000008b600000| Complete 
| 183|0x000000008b700000, 0x000000008b800000, 0x000000008b800000|100%| E|CS|TAMS 0x000000008b700000, 0x000000008b700000| Complete 
| 184|0x000000008b800000, 0x000000008b900000, 0x000000008b900000|100%| E|CS|TAMS 0x000000008b800000, 0x000000008b800000| Complete 
| 185|0x000000008b900000, 0x000000008ba00000, 0x000000008ba00000|100%| E|CS|TAMS 0x000000008b900000, 0x000000008b900000| Complete 
| 186|0x000000008ba00000, 0x000000008bb00000, 0x000000008bb00000|100%| E|CS|TAMS 0x000000008ba00000, 0x000000008ba00000| Complete 
| 187|0x000000008bb00000, 0x000000008bc00000, 0x000000008bc00000|100%| E|CS|TAMS 0x000000008bb00000, 0x000000008bb00000| Complete 
| 188|0x000000008bc00000, 0x000000008bd00000, 0x000000008bd00000|100%| E|CS|TAMS 0x000000008bc00000, 0x000000008bc00000| Complete 
| 189|0x000000008bd00000, 0x000000008be00000, 0x000000008be00000|100%| E|CS|TAMS 0x000000008bd00000, 0x000000008bd00000| Complete 
| 190|0x000000008be00000, 0x000000008bf00000, 0x000000008bf00000|100%| E|CS|TAMS 0x000000008be00000, 0x000000008be00000| Complete 
| 191|0x000000008bf00000, 0x000000008c000000, 0x000000008c000000|100%| E|CS|TAMS 0x000000008bf00000, 0x000000008bf00000| Complete 
| 192|0x000000008c000000, 0x000000008c100000, 0x000000008c100000|100%| E|CS|TAMS 0x000000008c000000, 0x000000008c000000| Complete 
| 193|0x000000008c100000, 0x000000008c200000, 0x000000008c200000|100%| E|CS|TAMS 0x000000008c100000, 0x000000008c100000| Complete 
| 194|0x000000008c200000, 0x000000008c300000, 0x000000008c300000|100%| E|CS|TAMS 0x000000008c200000, 0x000000008c200000| Complete 
| 195|0x000000008c300000, 0x000000008c400000, 0x000000008c400000|100%| E|CS|TAMS 0x000000008c300000, 0x000000008c300000| Complete 
| 196|0x000000008c400000, 0x000000008c500000, 0x000000008c500000|100%| E|CS|TAMS 0x000000008c400000, 0x000000008c400000| Complete 
| 197|0x000000008c500000, 0x000000008c600000, 0x000000008c600000|100%| E|CS|TAMS 0x000000008c500000, 0x000000008c500000| Complete 
| 198|0x000000008c600000, 0x000000008c700000, 0x000000008c700000|100%| E|CS|TAMS 0x000000008c600000, 0x000000008c600000| Complete 
| 199|0x000000008c700000, 0x000000008c800000, 0x000000008c800000|100%| E|CS|TAMS 0x000000008c700000, 0x000000008c700000| Complete 
| 200|0x000000008c800000, 0x000000008c900000, 0x000000008c900000|100%| E|CS|TAMS 0x000000008c800000, 0x000000008c800000| Complete 
| 201|0x000000008c900000, 0x000000008ca00000, 0x000000008ca00000|100%| E|CS|TAMS 0x000000008c900000, 0x000000008c900000| Complete 
| 202|0x000000008ca00000, 0x000000008cb00000, 0x000000008cb00000|100%| E|CS|TAMS 0x000000008ca00000, 0x000000008ca00000| Complete 
| 203|0x000000008cb00000, 0x000000008cc00000, 0x000000008cc00000|100%| E|CS|TAMS 0x000000008cb00000, 0x000000008cb00000| Complete 
| 204|0x000000008cc00000, 0x000000008cd00000, 0x000000008cd00000|100%| E|CS|TAMS 0x000000008cc00000, 0x000000008cc00000| Complete 
| 205|0x000000008cd00000, 0x000000008ce00000, 0x000000008ce00000|100%| E|CS|TAMS 0x000000008cd00000, 0x000000008cd00000| Complete 
| 206|0x000000008ce00000, 0x000000008cf00000, 0x000000008cf00000|100%| E|CS|TAMS 0x000000008ce00000, 0x000000008ce00000| Complete 
| 207|0x000000008cf00000, 0x000000008d000000, 0x000000008d000000|100%| E|CS|TAMS 0x000000008cf00000, 0x000000008cf00000| Complete 
| 208|0x000000008d000000, 0x000000008d100000, 0x000000008d100000|100%| E|CS|TAMS 0x000000008d000000, 0x000000008d000000| Complete 
| 209|0x000000008d100000, 0x000000008d200000, 0x000000008d200000|100%| E|CS|TAMS 0x000000008d100000, 0x000000008d100000| Complete 
| 210|0x000000008d200000, 0x000000008d300000, 0x000000008d300000|100%| E|CS|TAMS 0x000000008d200000, 0x000000008d200000| Complete 
| 211|0x000000008d300000, 0x000000008d400000, 0x000000008d400000|100%| E|CS|TAMS 0x000000008d300000, 0x000000008d300000| Complete 
| 212|0x000000008d400000, 0x000000008d500000, 0x000000008d500000|100%| E|CS|TAMS 0x000000008d400000, 0x000000008d400000| Complete 
| 213|0x000000008d500000, 0x000000008d600000, 0x000000008d600000|100%| E|CS|TAMS 0x000000008d500000, 0x000000008d500000| Complete 
| 214|0x000000008d600000, 0x000000008d700000, 0x000000008d700000|100%| E|CS|TAMS 0x000000008d600000, 0x000000008d600000| Complete 
| 215|0x000000008d700000, 0x000000008d800000, 0x000000008d800000|100%| E|CS|TAMS 0x000000008d700000, 0x000000008d700000| Complete 
| 216|0x000000008d800000, 0x000000008d900000, 0x000000008d900000|100%| E|CS|TAMS 0x000000008d800000, 0x000000008d800000| Complete 
| 217|0x000000008d900000, 0x000000008da00000, 0x000000008da00000|100%| E|CS|TAMS 0x000000008d900000, 0x000000008d900000| Complete 
| 218|0x000000008da00000, 0x000000008db00000, 0x000000008db00000|100%| E|CS|TAMS 0x000000008da00000, 0x000000008da00000| Complete 
| 219|0x000000008db00000, 0x000000008dc00000, 0x000000008dc00000|100%| E|CS|TAMS 0x000000008db00000, 0x000000008db00000| Complete 
| 220|0x000000008dc00000, 0x000000008dd00000, 0x000000008dd00000|100%| E|CS|TAMS 0x000000008dc00000, 0x000000008dc00000| Complete 
| 221|0x000000008dd00000, 0x000000008de00000, 0x000000008de00000|100%| E|CS|TAMS 0x000000008dd00000, 0x000000008dd00000| Complete 

Card table byte_map: [0x000001d634f50000,0x000001d635350000] _byte_map_base: 0x000001d634b50000

Marking Bits (Prev, Next): (CMBitMap*) 0x000001d62209e008, (CMBitMap*) 0x000001d62209e040
 Prev Bits: [0x000001d635750000, 0x000001d637750000)
 Next Bits: [0x000001d637750000, 0x000001d639750000)

Polling page: 0x000001d621840000

Metaspace:

Usage:
  Non-class:     78.48 MB capacity,    77.11 MB ( 98%) used,     1.12 MB (  1%) free+waste,   255.25 KB ( <1%) overhead. 
      Class:     12.38 MB capacity,    11.58 MB ( 93%) used,   708.62 KB (  6%) free+waste,   116.56 KB ( <1%) overhead. 
       Both:     90.86 MB capacity,    88.69 MB ( 98%) used,     1.81 MB (  2%) free+waste,   371.81 KB ( <1%) overhead. 

Virtual space:
  Non-class space:       80.00 MB reserved,      78.50 MB ( 98%) committed 
      Class space:        1.00 GB reserved,      12.45 MB (  1%) committed 
             Both:        1.08 GB reserved,      90.95 MB (  8%) committed 

Chunk freelists:
   Non-Class:  2.00 KB
       Class:  0 bytes
        Both:  2.00 KB

MaxMetaspaceSize: 17179869184.00 GB
CompressedClassSpaceSize: 1.00 GB

CodeHeap 'non-profiled nmethods': size=120064Kb used=5483Kb max_used=5483Kb free=114580Kb
 bounds [0x000001d62d610000, 0x000001d62db70000, 0x000001d634b50000]
CodeHeap 'profiled nmethods': size=120000Kb used=22179Kb max_used=22179Kb free=97820Kb
 bounds [0x000001d6260e0000, 0x000001d627690000, 0x000001d62d610000]
CodeHeap 'non-nmethods': size=5696Kb used=2310Kb max_used=2350Kb free=3385Kb
 bounds [0x000001d625b50000, 0x000001d625dc0000, 0x000001d6260e0000]
 total_blobs=11287 nmethods=10363 adapters=835
 compilation: enabled
              stopped_count=0, restarted_count=0
 full_count=0

Compilation events (20 events):
Event: 19.587 Thread 0x000001d63bc56800 nmethod 10433 0x000001d627681990 code [0x000001d627681b60, 0x000001d627681de8]
Event: 19.587 Thread 0x000001d63bc56800 10434       3       java.io.ObjectInputStream$BlockDataInputStream::readUTF (10 bytes)
Event: 19.587 Thread 0x000001d63bc56800 nmethod 10434 0x000001d627681e90 code [0x000001d627682060, 0x000001d6276821d8]
Event: 19.587 Thread 0x000001d63bc56800 10435       3       java.io.ObjectInputStream$BlockDataInputStream::readUnsignedShort (76 bytes)
Event: 19.588 Thread 0x000001d63bc56800 nmethod 10435 0x000001d627682290 code [0x000001d627682480, 0x000001d627682798]
Event: 19.594 Thread 0x000001d63bc56800 10436       3       java.io.ObjectStreamClass$MemberSignature::<init> (33 bytes)
Event: 19.594 Thread 0x000001d63bc56800 nmethod 10436 0x000001d627682910 code [0x000001d627682b00, 0x000001d627682ff8]
Event: 19.603 Thread 0x000001d63bc56800 10438       3       sun.net.www.ParseUtil::encodePath (41 bytes)
Event: 19.603 Thread 0x000001d63bc56800 nmethod 10438 0x000001d627683190 code [0x000001d627683360, 0x000001d6276835a8]
Event: 19.622 Thread 0x000001d63bc56800 10439       3       java.lang.reflect.ProxyGenerator$ProxyMethod::codeWrapArgument (171 bytes)
Event: 19.625 Thread 0x000001d63bc56800 nmethod 10439 0x000001d627683690 code [0x000001d627683aa0, 0x000001d6276854f8]
Event: 19.625 Thread 0x000001d63bc56800 10442       3       java.io.ObjectStreamField::compareTo (40 bytes)
Event: 19.626 Thread 0x000001d63bc56800 nmethod 10442 0x000001d627685f90 code [0x000001d627686240, 0x000001d627686ee8]
Event: 19.626 Thread 0x000001d63bc56800 10440       3       jdk.internal.misc.Unsafe::objectFieldOffset (18 bytes)
Event: 19.627 Thread 0x000001d63bc56800 nmethod 10440 0x000001d627687390 code [0x000001d627687560, 0x000001d627687778]
Event: 19.628 Thread 0x000001d63bc56800 10443   !   3       java.io.ObjectOutputStream::writeObject (38 bytes)
Event: 19.628 Thread 0x000001d63bc56800 nmethod 10443 0x000001d627687890 code [0x000001d627687a60, 0x000001d627687d78]
Event: 19.629 Thread 0x000001d63debe800 10437       4       sun.security.provider.SHA::implCompress0 (482 bytes)
Event: 19.636 Thread 0x000001d63bc56800 10447       3       java.lang.Integer::formatUnsignedInt (44 bytes)
Event: 19.637 Thread 0x000001d63bc56800 nmethod 10447 0x000001d627687e90 code [0x000001d627688060, 0x000001d627688278]

GC Heap History (20 events):
Event: 6.071 GC heap before
{Heap before GC invocations=8 (full 0):
 garbage-first heap   total 131072K, used 34433K [0x0000000080000000, 0x0000000100000000)
  region size 1024K, 19 young (19456K), 4 survivors (4096K)
 Metaspace       used 35049K, capacity 35826K, committed 35840K, reserved 1081344K
  class space    used 4547K, capacity 4864K, committed 4864K, reserved 1048576K
}
Event: 6.083 GC heap after
{Heap after GC invocations=9 (full 0):
 garbage-first heap   total 157696K, used 22086K [0x0000000080000000, 0x0000000100000000)
  region size 1024K, 6 young (6144K), 6 survivors (6144K)
 Metaspace       used 35049K, capacity 35826K, committed 35840K, reserved 1081344K
  class space    used 4547K, capacity 4864K, committed 4864K, reserved 1048576K
}
Event: 7.075 GC heap before
{Heap before GC invocations=10 (full 0):
 garbage-first heap   total 157696K, used 88646K [0x0000000080000000, 0x0000000100000000)
  region size 1024K, 68 young (69632K), 6 survivors (6144K)
 Metaspace       used 39593K, capacity 40522K, committed 40780K, reserved 1085440K
  class space    used 5071K, capacity 5422K, committed 5452K, reserved 1048576K
}
Event: 7.092 GC heap after
{Heap after GC invocations=11 (full 0):
 garbage-first heap   total 157696K, used 26912K [0x0000000080000000, 0x0000000100000000)
  region size 1024K, 9 young (9216K), 9 survivors (9216K)
 Metaspace       used 39593K, capacity 40522K, committed 40780K, reserved 1085440K
  class space    used 5071K, capacity 5422K, committed 5452K, reserved 1048576K
}
Event: 8.012 GC heap before
{Heap before GC invocations=11 (full 0):
 garbage-first heap   total 157696K, used 92448K [0x0000000080000000, 0x0000000100000000)
  region size 1024K, 73 young (74752K), 9 survivors (9216K)
 Metaspace       used 45462K, capacity 46535K, committed 46796K, reserved 1089536K
  class space    used 5845K, capacity 6228K, committed 6348K, reserved 1048576K
}
Event: 8.027 GC heap after
{Heap after GC invocations=12 (full 0):
 garbage-first heap   total 157696K, used 29069K [0x0000000080000000, 0x0000000100000000)
  region size 1024K, 7 young (7168K), 7 survivors (7168K)
 Metaspace       used 45462K, capacity 46535K, committed 46796K, reserved 1089536K
  class space    used 5845K, capacity 6228K, committed 6348K, reserved 1048576K
}
Event: 9.453 GC heap before
{Heap before GC invocations=12 (full 0):
 garbage-first heap   total 157696K, used 112013K [0x0000000080000000, 0x0000000100000000)
  region size 1024K, 81 young (82944K), 7 survivors (7168K)
 Metaspace       used 50379K, capacity 51724K, committed 52044K, reserved 1093632K
  class space    used 6431K, capacity 6913K, committed 6988K, reserved 1048576K
}
Event: 9.470 GC heap after
{Heap after GC invocations=13 (full 0):
 garbage-first heap   total 157696K, used 46960K [0x0000000080000000, 0x0000000100000000)
  region size 1024K, 11 young (11264K), 11 survivors (11264K)
 Metaspace       used 50379K, capacity 51724K, committed 52044K, reserved 1093632K
  class space    used 6431K, capacity 6913K, committed 6988K, reserved 1048576K
}
Event: 10.542 GC heap before
{Heap before GC invocations=13 (full 0):
 garbage-first heap   total 157696K, used 99184K [0x0000000080000000, 0x0000000100000000)
  region size 1024K, 63 young (64512K), 11 survivors (11264K)
 Metaspace       used 58432K, capacity 60005K, committed 60236K, reserved 1101824K
  class space    used 7420K, capacity 7985K, committed 8012K, reserved 1048576K
}
Event: 10.566 GC heap after
{Heap after GC invocations=14 (full 0):
 garbage-first heap   total 189440K, used 50090K [0x0000000080000000, 0x0000000100000000)
  region size 1024K, 3 young (3072K), 3 survivors (3072K)
 Metaspace       used 58432K, capacity 60005K, committed 60236K, reserved 1101824K
  class space    used 7420K, capacity 7985K, committed 8012K, reserved 1048576K
}
Event: 11.865 GC heap before
{Heap before GC invocations=15 (full 0):
 garbage-first heap   total 189440K, used 121770K [0x0000000080000000, 0x0000000100000000)
  region size 1024K, 73 young (74752K), 3 survivors (3072K)
 Metaspace       used 65201K, capacity 66793K, committed 67020K, reserved 1107968K
  class space    used 8273K, capacity 8867K, committed 8908K, reserved 1048576K
}
Event: 11.878 GC heap after
{Heap after GC invocations=16 (full 0):
 garbage-first heap   total 189440K, used 54571K [0x0000000080000000, 0x0000000100000000)
  region size 1024K, 8 young (8192K), 8 survivors (8192K)
 Metaspace       used 65201K, capacity 66793K, committed 67020K, reserved 1107968K
  class space    used 8273K, capacity 8867K, committed 8908K, reserved 1048576K
}
Event: 13.238 GC heap before
{Heap before GC invocations=17 (full 0):
 garbage-first heap   total 189440K, used 127275K [0x0000000080000000, 0x0000000100000000)
  region size 1024K, 79 young (80896K), 8 survivors (8192K)
 Metaspace       used 70854K, capacity 72473K, committed 72780K, reserved 1112064K
  class space    used 9143K, capacity 9752K, committed 9804K, reserved 1048576K
}
Event: 13.256 GC heap after
{Heap after GC invocations=18 (full 0):
 garbage-first heap   total 189440K, used 59957K [0x0000000080000000, 0x0000000100000000)
  region size 1024K, 10 young (10240K), 10 survivors (10240K)
 Metaspace       used 70854K, capacity 72473K, committed 72780K, reserved 1112064K
  class space    used 9143K, capacity 9752K, committed 9804K, reserved 1048576K
}
Event: 14.485 GC heap before
{Heap before GC invocations=18 (full 0):
 garbage-first heap   total 189440K, used 133685K [0x0000000080000000, 0x0000000100000000)
  region size 1024K, 82 young (83968K), 10 survivors (10240K)
 Metaspace       used 78491K, capacity 80215K, committed 80332K, reserved 1118208K
  class space    used 10217K, capacity 10858K, committed 10956K, reserved 1048576K
}
Event: 14.509 GC heap after
{Heap after GC invocations=19 (full 0):
 garbage-first heap   total 189440K, used 65302K [0x0000000080000000, 0x0000000100000000)
  region size 1024K, 11 young (11264K), 11 survivors (11264K)
 Metaspace       used 78491K, capacity 80215K, committed 80332K, reserved 1118208K
  class space    used 10217K, capacity 10858K, committed 10956K, reserved 1048576K
}
Event: 15.926 GC heap before
{Heap before GC invocations=19 (full 0):
 garbage-first heap   total 189440K, used 136982K [0x0000000080000000, 0x0000000100000000)
  region size 1024K, 82 young (83968K), 11 survivors (11264K)
 Metaspace       used 82042K, capacity 84046K, committed 84172K, reserved 1122304K
  class space    used 10709K, capacity 11463K, committed 11468K, reserved 1048576K
}
Event: 15.954 GC heap after
{Heap after GC invocations=20 (full 0):
 garbage-first heap   total 189440K, used 70628K [0x0000000080000000, 0x0000000100000000)
  region size 1024K, 10 young (10240K), 10 survivors (10240K)
 Metaspace       used 82042K, capacity 84046K, committed 84172K, reserved 1122304K
  class space    used 10709K, capacity 11463K, committed 11468K, reserved 1048576K
}
Event: 17.017 GC heap before
{Heap before GC invocations=20 (full 0):
 garbage-first heap   total 189440K, used 142308K [0x0000000080000000, 0x0000000100000000)
  region size 1024K, 81 young (82944K), 10 survivors (10240K)
 Metaspace       used 84192K, capacity 86224K, committed 86476K, reserved 1124352K
  class space    used 10963K, capacity 11712K, committed 11724K, reserved 1048576K
}
Event: 17.040 GC heap after
{Heap after GC invocations=21 (full 0):
 garbage-first heap   total 227328K, used 74696K [0x0000000080000000, 0x0000000100000000)
  region size 1024K, 10 young (10240K), 10 survivors (10240K)
 Metaspace       used 84192K, capacity 86224K, committed 86476K, reserved 1124352K
  class space    used 10963K, capacity 11712K, committed 11724K, reserved 1048576K
}

Deoptimization events (20 events):
Event: 19.413 Thread 0x000001d63e6b2800 Uncommon trap: trap_request=0xffffffde fr.pc=0x000001d62d72bc14 relative=0x0000000000000334
Event: 19.413 Thread 0x000001d63e6b2800 Uncommon trap: reason=class_check action=maybe_recompile pc=0x000001d62d72bc14 method=java.io.DataOutputStream.write(I)V @ 5 c2
Event: 19.413 Thread 0x000001d63e6b2800 DEOPT PACKING pc=0x000001d62d72bc14 sp=0x0000006723df66c0
Event: 19.413 Thread 0x000001d63e6b2800 DEOPT UNPACKING pc=0x000001d625b778af sp=0x0000006723df6698 mode 2
Event: 19.413 Thread 0x000001d63e6b2800 Uncommon trap: trap_request=0xffffffde fr.pc=0x000001d62d72a458 relative=0x0000000000000f78
Event: 19.413 Thread 0x000001d63e6b2800 Uncommon trap: reason=class_check action=maybe_recompile pc=0x000001d62d72a458 method=java.io.DataOutputStream.write(I)V @ 5 c2
Event: 19.413 Thread 0x000001d63e6b2800 DEOPT PACKING pc=0x000001d62d72a458 sp=0x0000006723df66e0
Event: 19.413 Thread 0x000001d63e6b2800 DEOPT UNPACKING pc=0x000001d625b778af sp=0x0000006723df6670 mode 2
Event: 19.490 Thread 0x000001d63e6b2800 Uncommon trap: trap_request=0xffffff4d fr.pc=0x000001d62d730378 relative=0x0000000000000058
Event: 19.490 Thread 0x000001d63e6b2800 Uncommon trap: reason=unstable_if action=reinterpret pc=0x000001d62d730378 method=java.util.Objects.equals(Ljava/lang/Object;Ljava/lang/Object;)Z @ 6 c2
Event: 19.490 Thread 0x000001d63e6b2800 DEOPT PACKING pc=0x000001d62d730378 sp=0x0000006723df61d0
Event: 19.490 Thread 0x000001d63e6b2800 DEOPT UNPACKING pc=0x000001d625b778af sp=0x0000006723df6170 mode 2
Event: 19.594 Thread 0x000001d63e6b2800 DEOPT PACKING pc=0x000001d6263e5dc9 sp=0x0000006723df4ab0
Event: 19.594 Thread 0x000001d63e6b2800 DEOPT UNPACKING pc=0x000001d625b776ce sp=0x0000006723df3f28 mode 0
Event: 19.611 Thread 0x000001d63e6b2800 Uncommon trap: trap_request=0xffffff4d fr.pc=0x000001d62db255c4 relative=0x0000000000000664
Event: 19.611 Thread 0x000001d63e6b2800 Uncommon trap: reason=unstable_if action=reinterpret pc=0x000001d62db255c4 method=java.lang.String.valueOf(Ljava/lang/Object;)Ljava/lang/String; @ 1 c2
Event: 19.611 Thread 0x000001d63e6b2800 DEOPT PACKING pc=0x000001d62db255c4 sp=0x0000006723df6fa0
Event: 19.611 Thread 0x000001d63e6b2800 DEOPT UNPACKING pc=0x000001d625b778af sp=0x0000006723df6f28 mode 2
Event: 19.641 Thread 0x000001d63e6b2800 DEOPT PACKING pc=0x000001d6267ebcf6 sp=0x0000006723df4f80
Event: 19.641 Thread 0x000001d63e6b2800 DEOPT UNPACKING pc=0x000001d625b776ce sp=0x0000006723df4450 mode 0

Classes redefined (0 events):
No events

Internal exceptions (20 events):
Event: 18.150 Thread 0x000001d63e6b2800 Exception <a 'java/lang/NoSuchMethodError'{0x00000000891087f8}: 'java.lang.Object java.lang.invoke.DirectMethodHandle$Holder.invokeStatic(java.lang.Object, java.lang.Object, long)'> (0x00000000891087f8) thrown at [./src/hotspot/share/interpreter/linkResolver.cpp, line 773]
Event: 18.150 Thread 0x000001d63e6b2800 Exception <a 'java/lang/NoSuchMethodError'{0x000000008910fd60}: 'java.lang.Object java.lang.invoke.Invokers$Holder.linkToTargetMethod(java.lang.Object, long, java.lang.Object)'> (0x000000008910fd60) thrown at [./src/hotspot/share/interpreter/linkResolver.cpp, line 773]
Event: 19.501 Thread 0x000001d63e6b2800 Exception <a 'java/lang/NoSuchMethodError'{0x0000000088fa8118}: <clinit>> (0x0000000088fa8118) thrown at [./src/hotspot/share/prims/jni.cpp, line 1362]
Event: 19.502 Thread 0x000001d63e6b2800 Exception <a 'java/lang/NoSuchMethodError'{0x0000000088fbfe80}: <clinit>> (0x0000000088fbfe80) thrown at [./src/hotspot/share/prims/jni.cpp, line 1362]
Event: 19.520 Thread 0x000001d63e6b2800 Exception <a 'java/lang/NoSuchMethodError'{0x0000000088e5a170}: 'java.lang.Object java.lang.invoke.DirectMethodHandle$Holder.invokeSpecial(java.lang.Object, java.lang.Object, int, int, java.lang.Object, int, java.lang.Object, java.lang.Object)'> (0x0000000088e5a170) thrown at [./src/hotspot/share/interpreter/linkResolver.cpp, line 773]
Event: 19.520 Thread 0x000001d63e6b2800 Exception <a 'java/lang/NoSuchMethodError'{0x0000000088e5ecf0}: 'java.lang.Object java.lang.invoke.DelegatingMethodHandle$Holder.reinvoke_L(java.lang.Object, int, int, java.lang.Object, int, java.lang.Object, java.lang.Object)'> (0x0000000088e5ecf0) thrown at [./src/hotspot/share/interpreter/linkResolver.cpp, line 773]
Event: 19.523 Thread 0x000001d63e6b2800 Exception <a 'java/lang/NoSuchMethodError'{0x0000000088e8a7c0}: 'java.lang.Object java.lang.invoke.DirectMethodHandle$Holder.invokeStatic(java.lang.Object, java.lang.Object, java.lang.Object, java.lang.Object, java.lang.Object, java.lang.Object, java.lang.Object, java.lang.Object, int)'> (0x0000000088e8a7c0) thrown at [./src/hotspot/share/interpreter/linkResolver.cpp, line 773]
Event: 19.524 Thread 0x000001d63e6b2800 Exception <a 'java/lang/NoSuchMethodError'{0x0000000088ea6258}: 'java.lang.Object java.lang.invoke.DirectMethodHandle$Holder.invokeStatic(java.lang.Object, java.lang.Object, java.lang.Object, java.lang.Object, java.lang.Object, java.lang.Object, java.lang.Object, java.lang.Object, int, int)'> (0x0000000088ea6258) thrown at [./src/hotspot/share/interpreter/linkResolver.cpp, line 773]
Event: 19.526 Thread 0x000001d63e6b2800 Exception <a 'java/lang/NoSuchMethodError'{0x0000000088ec2bf0}: 'java.lang.Object java.lang.invoke.DirectMethodHandle$Holder.invokeStatic(java.lang.Object, java.lang.Object, java.lang.Object, java.lang.Object, java.lang.Object, java.lang.Object, java.lang.Object, java.lang.Object, int, int, java.lang.Object)'> (0x0000000088ec2bf0) thrown at [./src/hotspot/share/interpreter/linkResolver.cpp, line 773]
Event: 19.529 Thread 0x000001d63e6b2800 Exception <a 'java/lang/NoSuchMethodError'{0x0000000088ee0960}: 'java.lang.Object java.lang.invoke.DirectMethodHandle$Holder.invokeStatic(java.lang.Object, java.lang.Object, java.lang.Object, java.lang.Object, java.lang.Object, java.lang.Object, java.lang.Object, java.lang.Object, int, int, java.lang.Object, java.lang.Object)'> (0x0000000088ee0960) thrown at [./src/hotspot/share/interpreter/linkResolver.cpp, line 773]
Event: 19.541 Thread 0x000001d63e6b2800 Exception <a 'java/lang/NoSuchMethodError'{0x0000000088d14238}: <clinit>> (0x0000000088d14238) thrown at [./src/hotspot/share/prims/jni.cpp, line 1362]
Event: 19.546 Thread 0x000001d63e6b2800 Exception <a 'java/lang/NoSuchMethodError'{0x0000000088d570b0}: <clinit>> (0x0000000088d570b0) thrown at [./src/hotspot/share/prims/jni.cpp, line 1362]
Event: 19.559 Thread 0x000001d63debb800 Exception <a 'java/lang/InterruptedException'{0x0000000088da2ae8}> (0x0000000088da2ae8) thrown at [./src/hotspot/share/runtime/objectMonitor.cpp, line 1635]
Event: 19.560 Thread 0x000001d63debb800 Exception <a 'java/lang/NoSuchMethodError'{0x0000000088daa8f0}: 'java.lang.Object java.lang.invoke.DirectMethodHandle$Holder.invokeStatic(java.lang.Object, java.lang.Object, int, java.lang.Object, long)'> (0x0000000088daa8f0) thrown at [./src/hotspot/share/interpreter/linkResolver.cpp, line 773]
Event: 19.583 Thread 0x000001d63e6b2800 Exception <a 'java/lang/NoSuchMethodError'{0x0000000088de90c0}: <clinit>> (0x0000000088de90c0) thrown at [./src/hotspot/share/prims/jni.cpp, line 1362]
Event: 19.585 Thread 0x000001d63e6b2800 Exception <a 'java/lang/NoSuchMethodError'{0x0000000088c01380}: <clinit>> (0x0000000088c01380) thrown at [./src/hotspot/share/prims/jni.cpp, line 1362]
Event: 19.586 Thread 0x000001d63e6b2800 Exception <a 'java/lang/NoSuchMethodError'{0x0000000088c18100}: <clinit>> (0x0000000088c18100) thrown at [./src/hotspot/share/prims/jni.cpp, line 1362]
Event: 19.593 Thread 0x000001d63e6b2800 Exception <a 'java/lang/NoSuchMethodError'{0x0000000088c449a0}: <clinit>> (0x0000000088c449a0) thrown at [./src/hotspot/share/prims/jni.cpp, line 1362]
Event: 19.611 Thread 0x000001d63e6b2800 Implicit null exception at 0x000001d62db24f91 to 0x000001d62db255ac
Event: 19.628 Thread 0x000001d63e6b2800 Exception <a 'java/lang/NoSuchMethodError'{0x0000000088a460c0}: <clinit>> (0x0000000088a460c0) thrown at [./src/hotspot/share/prims/jni.cpp, line 1362]

Events (20 events):
Event: 19.618 loading class sun/rmi/transport/tcp/TCPTransport$AcceptLoop done
Event: 19.618 Thread 0x000001d63deb9000 Thread added: 0x000001d63deb9000
Event: 19.619 loading class sun/rmi/transport/ObjectTable$Reaper
Event: 19.619 loading class sun/rmi/transport/ObjectTable$Reaper done
Event: 19.620 Thread 0x000001d63debc800 Thread added: 0x000001d63debc800
Event: 19.620 loading class sun/rmi/server/UnicastServerRef$HashToMethod_Maps$1
Event: 19.620 loading class sun/rmi/server/UnicastServerRef$HashToMethod_Maps$1 done
Event: 19.620 loading class org/jetbrains/kotlin/compilerRunner/GradleCompilationResults
Event: 19.620 loading class org/jetbrains/kotlin/compilerRunner/GradleCompilationResults done
Event: 19.622 loading class org/jetbrains/kotlin/compilerRunner/GradleCompilationResults_Stub
Event: 19.622 loading class org/jetbrains/kotlin/compilerRunner/GradleCompilationResults_Stub done
Event: 19.626 loading class sun/rmi/server/LoaderHandler$Loader
Event: 19.626 loading class sun/rmi/server/LoaderHandler$Loader done
Event: 19.628 Thread 0x000001d63debe800 Thread added: 0x000001d63debe800
Event: 19.635 loading class java/rmi/server/ServerNotActiveException
Event: 19.635 loading class java/rmi/server/ServerNotActiveException done
Event: 19.642 loading class sun/rmi/transport/DGCAckHandler
Event: 19.642 loading class sun/rmi/transport/DGCAckHandler done
Event: 19.644 loading class org/jetbrains/kotlin/build/report/metrics/BuildMetrics
Event: 19.644 loading class org/jetbrains/kotlin/build/report/metrics/BuildMetrics done


Dynamic libraries:
0x00007ff74b830000 - 0x00007ff74b83a000 	C:\Program Files\Android\Android Studio\jre\bin\java.exe
0x00007ffd00270000 - 0x00007ffd00465000 	C:\Windows\SYSTEM32\ntdll.dll
0x00007ffcfe490000 - 0x00007ffcfe54e000 	C:\Windows\System32\KERNEL32.DLL
0x00007ffcfdc80000 - 0x00007ffcfdf48000 	C:\Windows\System32\KERNELBASE.dll
0x00007ffcfda20000 - 0x00007ffcfdb20000 	C:\Windows\System32\ucrtbase.dll
0x00007ffcdbb10000 - 0x00007ffcdbb27000 	C:\Program Files\Android\Android Studio\jre\bin\VCRUNTIME140.dll
0x00007ffcdb4e0000 - 0x00007ffcdb4f9000 	C:\Program Files\Android\Android Studio\jre\bin\jli.dll
0x00007ffcffec0000 - 0x00007ffd00061000 	C:\Windows\System32\USER32.dll
0x00007ffceb400000 - 0x00007ffceb69a000 	C:\Windows\WinSxS\amd64_microsoft.windows.common-controls_6595b64144ccf1df_6.0.19041.1110_none_60b5254171f9507e\COMCTL32.dll
0x00007ffcfe320000 - 0x00007ffcfe3be000 	C:\Windows\System32\msvcrt.dll
0x00007ffcfd9f0000 - 0x00007ffcfda12000 	C:\Windows\System32\win32u.dll
0x00007ffcff8c0000 - 0x00007ffcff8eb000 	C:\Windows\System32\GDI32.dll
0x00007ffcfe1b0000 - 0x00007ffcfe2bb000 	C:\Windows\System32\gdi32full.dll
0x00007ffcfdb50000 - 0x00007ffcfdbed000 	C:\Windows\System32\msvcp_win.dll
0x00007ffd00200000 - 0x00007ffd00230000 	C:\Windows\System32\IMM32.DLL
0x00007ffccc650000 - 0x00007ffccc6ed000 	C:\Program Files\Android\Android Studio\jre\bin\msvcp140.dll
0x00007ffcabdb0000 - 0x00007ffcac87f000 	C:\Program Files\Android\Android Studio\jre\bin\server\jvm.dll
0x00007ffcff8f0000 - 0x00007ffcff99c000 	C:\Windows\System32\ADVAPI32.dll
0x00007ffcffd90000 - 0x00007ffcffe2b000 	C:\Windows\System32\sechost.dll
0x00007ffcff2f0000 - 0x00007ffcff41a000 	C:\Windows\System32\RPCRT4.dll
0x00007ffcff9a0000 - 0x00007ffcff9a8000 	C:\Windows\System32\PSAPI.DLL
0x00007ffcf1df0000 - 0x00007ffcf1df9000 	C:\Windows\SYSTEM32\WSOCK32.dll
0x00007ffcfe550000 - 0x00007ffcfe5bb000 	C:\Windows\System32\WS2_32.dll
0x00007ffce6e40000 - 0x00007ffce6e67000 	C:\Windows\SYSTEM32\WINMM.dll
0x00007ffcf7f50000 - 0x00007ffcf7f5a000 	C:\Windows\SYSTEM32\VERSION.dll
0x00007ffcfc260000 - 0x00007ffcfc272000 	C:\Windows\SYSTEM32\kernel.appcore.dll
0x00007ffcf4d70000 - 0x00007ffcf4d81000 	C:\Program Files\Android\Android Studio\jre\bin\verify.dll
0x00007ffcfb780000 - 0x00007ffcfb964000 	C:\Windows\SYSTEM32\DBGHELP.DLL
0x00007ffcf5fb0000 - 0x00007ffcf5fdc000 	C:\Windows\SYSTEM32\dbgcore.DLL
0x00007ffcfdbf0000 - 0x00007ffcfdc73000 	C:\Windows\System32\bcryptPrimitives.dll
0x00007ffcd26d0000 - 0x00007ffcd26f9000 	C:\Program Files\Android\Android Studio\jre\bin\java.dll
0x00007ffcf7950000 - 0x00007ffcf795b000 	C:\Program Files\Android\Android Studio\jre\bin\jimage.dll
0x00007ffce9d50000 - 0x00007ffce9d68000 	C:\Program Files\Android\Android Studio\jre\bin\zip.dll
0x00007ffcfebb0000 - 0x00007ffcff2ef000 	C:\Windows\System32\SHELL32.dll
0x00007ffcfb970000 - 0x00007ffcfc100000 	C:\Windows\SYSTEM32\windows.storage.dll
0x00007ffcfe5c0000 - 0x00007ffcfe915000 	C:\Windows\System32\combase.dll
0x00007ffcfd310000 - 0x00007ffcfd33e000 	C:\Windows\SYSTEM32\Wldp.dll
0x00007ffcfe920000 - 0x00007ffcfe9cd000 	C:\Windows\System32\SHCORE.dll
0x00007ffcfea30000 - 0x00007ffcfea85000 	C:\Windows\System32\shlwapi.dll
0x00007ffcfd8d0000 - 0x00007ffcfd8ef000 	C:\Windows\SYSTEM32\profapi.dll
0x00007ffce7e70000 - 0x00007ffce7e8a000 	C:\Program Files\Android\Android Studio\jre\bin\net.dll
0x00007ffcf3950000 - 0x00007ffcf3a5c000 	C:\Windows\SYSTEM32\WINHTTP.dll
0x00007ffcfd070000 - 0x00007ffcfd0da000 	C:\Windows\system32\mswsock.dll
0x00007ffce3710000 - 0x00007ffce3724000 	C:\Program Files\Android\Android Studio\jre\bin\nio.dll
0x00007ffccdf60000 - 0x00007ffccdf87000 	C:\Users\usuario\.gradle\native\8bec1ad78214c89d9ad589b4d07fe93259594b29d510b10fafb7a158f7737e5d\windows-amd64\native-platform.dll
0x00007ffccb9f0000 - 0x00007ffccbb2d000 	C:\Users\usuario\.gradle\native\53dbd7edfb1c66fb8903c78663c9afc45aea4f116125fa6feffd364cf09443e8\windows-amd64\native-platform-file-events.dll
0x00007ffcf69d0000 - 0x00007ffcf69da000 	C:\Program Files\Android\Android Studio\jre\bin\management.dll
0x00007ffced270000 - 0x00007ffced27c000 	C:\Program Files\Android\Android Studio\jre\bin\management_ext.dll
0x00007ffcfd260000 - 0x00007ffcfd278000 	C:\Windows\SYSTEM32\CRYPTSP.dll
0x00007ffcfc9f0000 - 0x00007ffcfca24000 	C:\Windows\system32\rsaenh.dll
0x00007ffcfdb20000 - 0x00007ffcfdb47000 	C:\Windows\System32\bcrypt.dll
0x00007ffcfd850000 - 0x00007ffcfd87e000 	C:\Windows\SYSTEM32\USERENV.dll
0x00007ffcfd280000 - 0x00007ffcfd28c000 	C:\Windows\SYSTEM32\CRYPTBASE.dll
0x00007ffcfcd60000 - 0x00007ffcfcd9b000 	C:\Windows\SYSTEM32\IPHLPAPI.DLL
0x00007ffcffe30000 - 0x00007ffcffe38000 	C:\Windows\System32\NSI.dll
0x00007ffcf4c00000 - 0x00007ffcf4c17000 	C:\Windows\SYSTEM32\dhcpcsvc6.DLL
0x00007ffcf5660000 - 0x00007ffcf567d000 	C:\Windows\SYSTEM32\dhcpcsvc.DLL
0x00007ffcfcda0000 - 0x00007ffcfce6b000 	C:\Windows\SYSTEM32\DNSAPI.dll
0x00007ffcd92f0000 - 0x00007ffcd930e000 	C:\Users\usuario\AppData\Local\Temp\native-platform12338255756226112647dir\native-platform.dll
0x00007ffce55c0000 - 0x00007ffce55c8000 	C:\Program Files\Android\Android Studio\jre\bin\rmi.dll

dbghelp: loaded successfully - version: 4.0.5 - missing functions: none
symbol engine: initialized successfully - sym options: 0x614 - pdb path: .;C:\Program Files\Android\Android Studio\jre\bin;C:\Windows\SYSTEM32;C:\Windows\WinSxS\amd64_microsoft.windows.common-controls_6595b64144ccf1df_6.0.19041.1110_none_60b5254171f9507e;C:\Program Files\Android\Android Studio\jre\bin\server;C:\Users\usuario\.gradle\native\8bec1ad78214c89d9ad589b4d07fe93259594b29d510b10fafb7a158f7737e5d\windows-amd64;C:\Users\usuario\.gradle\native\53dbd7edfb1c66fb8903c78663c9afc45aea4f116125fa6feffd364cf09443e8\windows-amd64;C:\Users\usuario\AppData\Local\Temp\native-platform12338255756226112647dir

VM Arguments:
jvm_args: --add-opens=java.base/java.util=ALL-UNNAMED --add-opens=java.base/java.lang=ALL-UNNAMED --add-opens=java.base/java.lang.invoke=ALL-UNNAMED --add-opens=java.base/java.util=ALL-UNNAMED --add-opens=java.prefs/java.util.prefs=ALL-UNNAMED --add-opens=java.prefs/java.util.prefs=ALL-UNNAMED --add-opens=java.base/java.nio.charset=ALL-UNNAMED --add-opens=java.base/java.net=ALL-UNNAMED --add-opens=java.base/java.util.concurrent.atomic=ALL-UNNAMED -Xmx2048m -Dfile.encoding=UTF-8 -Duser.country=BR -Duser.language=pt -Duser.variant 
java_command: org.gradle.launcher.daemon.bootstrap.GradleDaemon 7.0.2
java_class_path (initial): C:\Users\usuario\.gradle\wrapper\dists\gradle-7.0.2-bin\857tjihv64xamwrf0h14cai3r\gradle-7.0.2\lib\gradle-launcher-7.0.2.jar
Launcher Type: SUN_STANDARD

[Global flags]
     intx CICompilerCount                          = 3                                         {product} {ergonomic}
     uint ConcGCThreads                            = 1                                         {product} {ergonomic}
     uint G1ConcRefinementThreads                  = 4                                         {product} {ergonomic}
   size_t G1HeapRegionSize                         = 1048576                                   {product} {ergonomic}
    uintx GCDrainStackTargetSize                   = 64                                        {product} {ergonomic}
   size_t InitialHeapSize                          = 134217728                                 {product} {ergonomic}
   size_t MarkStackSize                            = 4194304                                   {product} {ergonomic}
   size_t MaxHeapSize                              = 2147483648                                {product} {command line}
   size_t MaxNewSize                               = 1287651328                                {product} {ergonomic}
   size_t MinHeapDeltaBytes                        = 1048576                                   {product} {ergonomic}
    uintx NonNMethodCodeHeapSize                   = 5830732                                {pd product} {ergonomic}
    uintx NonProfiledCodeHeapSize                  = 122913754                              {pd product} {ergonomic}
    uintx ProfiledCodeHeapSize                     = 122913754                              {pd product} {ergonomic}
    uintx ReservedCodeCacheSize                    = 251658240                              {pd product} {ergonomic}
     bool SegmentedCodeCache                       = true                                      {product} {ergonomic}
     bool UseCompressedClassPointers               = true                                 {lp64_product} {ergonomic}
     bool UseCompressedOops                        = true                                 {lp64_product} {ergonomic}
     bool UseG1GC                                  = true                                      {product} {ergonomic}
     bool UseLargePagesIndividualAllocation        = false                                  {pd product} {ergonomic}

Logging:
Log output configuration:
 #0: stdout all=warning uptime,level,tags
 #1: stderr all=off uptime,level,tags

Environment Variables:
JAVA_HOME=C:\Program Files\Zulu\zulu-8\
PATH=C:\Program Files\Zulu\zulu-8\bin\;C:\Windows\system32;C:\Windows;C:\Windows\System32\Wbem;C:\Windows\System32\WindowsPowerShell\v1.0\;C:\Windows\System32\OpenSSH\;C:\Program Files (x86)\Intel\Intel(R) Management Engine Components\DAL;C:\Program Files\Intel\Intel(R) Management Engine Components\DAL;C:\ProgramData\UNIVALI\Portugol Studio;C:\Program Files\Git\cmd;C:\Program Files\Microsoft SQL Server\150\Tools\Binn\;C:\Program Files\Microsoft SQL Server\Client SDK\ODBC\170\Tools\Binn\;C:\Program Files\dotnet\;C:\Users\usuario\AppData\Local\Microsoft\WindowsApps;C:\Users\usuario\.dotnet\tools;C:\Users\usuario\AppData\Local\Programs\Microsoft VS Code\bin
USERNAME=usuario
OS=Windows_NT
PROCESSOR_IDENTIFIER=Intel64 Family 6 Model 78 Stepping 3, GenuineIntel



---------------  S Y S T E M  ---------------

OS: Windows 10 , 64 bit Build 19041 (10.0.19041.1348)
OS uptime: 6 days 20:50 hours

CPU:total 4 (initial active 4) (2 cores per cpu, 2 threads per core) family 6 model 78 stepping 3 microcode 0xcc, cmov, cx8, fxsr, mmx, sse, sse2, sse3, ssse3, sse4.1, sse4.2, popcnt, avx, avx2, aes, clmul, erms, 3dnowpref, lzcnt, ht, tsc, tscinvbit, bmi1, bmi2, adx, fma

Memory: 4k page, system-wide physical 8083M (487M free)
TotalPageFile size 12179M (AvailPageFile size 3M)
current process WorkingSet (physical memory assigned to process): 472M, peak: 472M
current process commit charge ("private bytes"): 500M, peak: 501M

vm_info: OpenJDK 64-Bit Server VM (11.0.10+0-b96-7249189) for windows-amd64 JRE (11.0.10+0-b96-7249189), built on Mar 31 2021 21:44:00 by "builder" with MS VC++ 14.0 (VS2015)

END.
