#
# There is insufficient memory for the Java Runtime Environment to continue.
# Native memory allocation (mmap) failed to map 69206016 bytes for Failed to commit area from 0x0000000091a00000 to 0x0000000095c00000 of length 69206016.
# Possible reasons:
#   The system is out of physical RAM or swap space
#   The process is running with CompressedOops enabled, and the Java Heap may be blocking the growth of the native heap
# Possible solutions:
#   Reduce memory load on the system
#   Increase physical memory or swap space
#   Check if swap backing store is full
#   Decrease Java heap size (-Xmx/-Xms)
#   Decrease number of Java threads
#   Decrease Java thread stack sizes (-Xss)
#   Set larger code cache with -XX:ReservedCodeCacheSize=
#   JVM is running with Unscaled Compressed Oops mode in which the Java heap is
#     placed in the first 4GB address space. The Java Heap base address is the
#     maximum limit for the native heap growth. Please use -XX:HeapBaseMinAddress
#     to set the Java Heap base and to place the Java Heap above 4GB virtual address.
# This output file may be truncated or incomplete.
#
#  Out of Memory Error (./src/hotspot/os/windows/os_windows.cpp:3301), pid=6976, tid=15480
#
# JRE version: OpenJDK Runtime Environment (11.0.10) (build 11.0.10+0-b96-7249189)
# Java VM: OpenJDK 64-Bit Server VM (11.0.10+0-b96-7249189, mixed mode, tiered, compressed oops, g1 gc, windows-amd64)
# No core dump will be written. Minidumps are not enabled by default on client versions of Windows
#

---------------  S U M M A R Y ------------

Command Line: --add-opens=java.base/java.util=ALL-UNNAMED --add-opens=java.base/java.lang=ALL-UNNAMED --add-opens=java.base/java.lang.invoke=ALL-UNNAMED --add-opens=java.base/java.util=ALL-UNNAMED --add-opens=java.prefs/java.util.prefs=ALL-UNNAMED --add-opens=java.prefs/java.util.prefs=ALL-UNNAMED --add-opens=java.base/java.nio.charset=ALL-UNNAMED --add-opens=java.base/java.net=ALL-UNNAMED --add-opens=java.base/java.util.concurrent.atomic=ALL-UNNAMED -Xmx2048m -Dfile.encoding=UTF-8 -Duser.country=BR -Duser.language=pt -Duser.variant org.gradle.launcher.daemon.bootstrap.GradleDaemon 7.0.2

Host: Intel(R) Core(TM) i5-6200U CPU @ 2.30GHz, 4 cores, 7G,  Windows 10 , 64 bit Build 19041 (10.0.19041.1348)
Time: Thu Nov 18 20:40:18 2021 Hora oficial do Brasil elapsed time: 3361.805146 seconds (0d 0h 56m 1s)

---------------  T H R E A D  ---------------

Current thread (0x00000183a8b0d800):  VMThread "VM Thread" [stack: 0x0000005934000000,0x0000005934100000] [id=15480]

Stack: [0x0000005934000000,0x0000005934100000]
[error occurred during error reporting (printing stack bounds), id 0xc0000005, EXCEPTION_ACCESS_VIOLATION (0xc0000005) at pc=0x0000018392a30f2d]

Native frames: (J=compiled Java code, j=interpreted, Vv=VM code, C=native code)
V  [jvm.dll+0x5ecfaa]
V  [jvm.dll+0x722bd5]
V  [jvm.dll+0x72412d]
V  [jvm.dll+0x724745]
V  [jvm.dll+0x7246fb]
V  [jvm.dll+0x5ec348]
V  [jvm.dll+0x5ecad8]
C  [ntdll.dll+0xa20cf]
C  [ntdll.dll+0x51454]
C  [ntdll.dll+0xa0bfe]
C  0x0000018392a30f2d

VM_Operation (0x0000005937dfdb40): G1CollectForAllocation, mode: safepoint, requested by thread 0x00000183acd4f000


---------------  P R O C E S S  ---------------

Threads class SMR info:
_java_thread_list=0x00000183af0221f0, length=59, elements={
0x000001838ef3d800, 0x00000183a8b11800, 0x00000183a8b13000, 0x00000183a94b3000,
0x00000183a8b2a800, 0x00000183a8b34800, 0x00000183a8b3c000, 0x00000183a8b3d000,
0x00000183a8b43000, 0x00000183a95f9800, 0x00000183aac9d000, 0x00000183aafbd000,
0x00000183ac839000, 0x00000183aaf41800, 0x00000183aaf3c000, 0x00000183aaf3d800,
0x00000183aaf3e800, 0x00000183aaf40800, 0x00000183aaf3f000, 0x00000183aaf40000,
0x00000183acb78000, 0x00000183acb75800, 0x00000183acb76800, 0x00000183acb75000,
0x00000183acb7b800, 0x00000183acb79000, 0x00000183acb7a000, 0x00000183acb74000,
0x00000183acb7e800, 0x00000183acb7a800, 0x00000183acb7f800, 0x00000183acb81000,
0x00000183acb80800, 0x00000183acb82800, 0x00000183acb7c000, 0x00000183ac869000,
0x00000183ac868000, 0x00000183ac866000, 0x00000183ac866800, 0x00000183ac863800,
0x00000183ac86a000, 0x00000183ac867800, 0x00000183ac864000, 0x00000183ac86a800,
0x00000183ac865000, 0x00000183ac86e000, 0x00000183ac86f000, 0x00000183ac86c800,
0x00000183ac86d000, 0x00000183ac86f800, 0x00000183ac870800, 0x00000183aaf3c800,
0x00000183acd51800, 0x00000183acd4d000, 0x00000183acd4e800, 0x00000183acd4d800,
0x00000183acd4f000, 0x00000183acd4c000, 0x00000183acd50000
}

Java Threads: ( => current thread )
  0x000001838ef3d800 JavaThread "main" [_thread_blocked, id=7284, stack(0x0000005933a00000,0x0000005933b00000)]
  0x00000183a8b11800 JavaThread "Reference Handler" daemon [_thread_blocked, id=12892, stack(0x0000005934100000,0x0000005934200000)]
  0x00000183a8b13000 JavaThread "Finalizer" daemon [_thread_blocked, id=13688, stack(0x0000005934200000,0x0000005934300000)]
  0x00000183a94b3000 JavaThread "Signal Dispatcher" daemon [_thread_blocked, id=10328, stack(0x0000005934300000,0x0000005934400000)]
  0x00000183a8b2a800 JavaThread "Attach Listener" daemon [_thread_blocked, id=12128, stack(0x0000005934400000,0x0000005934500000)]
  0x00000183a8b34800 JavaThread "Service Thread" daemon [_thread_blocked, id=2788, stack(0x0000005934500000,0x0000005934600000)]
  0x00000183a8b3c000 JavaThread "C2 CompilerThread0" daemon [_thread_blocked, id=15224, stack(0x0000005934600000,0x0000005934700000)]
  0x00000183a8b3d000 JavaThread "C1 CompilerThread0" daemon [_thread_blocked, id=1392, stack(0x0000005934700000,0x0000005934800000)]
  0x00000183a8b43000 JavaThread "Sweeper thread" daemon [_thread_blocked, id=3508, stack(0x0000005934800000,0x0000005934900000)]
  0x00000183a95f9800 JavaThread "Common-Cleaner" daemon [_thread_blocked, id=12824, stack(0x0000005934900000,0x0000005934a00000)]
  0x00000183aac9d000 JavaThread "Daemon health stats" [_thread_blocked, id=6832, stack(0x0000005934e00000,0x0000005934f00000)]
  0x00000183aafbd000 JavaThread "Incoming local TCP Connector on port 65039" [_thread_in_native, id=16108, stack(0x0000005934b00000,0x0000005934c00000)]
  0x00000183ac839000 JavaThread "Daemon periodic checks" [_thread_blocked, id=2624, stack(0x0000005934f00000,0x0000005935000000)]
  0x00000183aaf41800 JavaThread "Cache worker for file hash cache (C:\Users\usuario\.gradle\caches\7.0.2\fileHashes)" [_thread_blocked, id=6856, stack(0x0000005935800000,0x0000005935900000)]
  0x00000183aaf3c000 JavaThread "File lock request listener" [_thread_in_native, id=1924, stack(0x0000005935900000,0x0000005935a00000)]
  0x00000183aaf3d800 JavaThread "Cache worker for journal cache (C:\Users\usuario\.gradle\caches\journal-1)" [_thread_blocked, id=1912, stack(0x0000005935a00000,0x0000005935b00000)]
  0x00000183aaf3e800 JavaThread "File watcher server" daemon [_thread_blocked, id=12372, stack(0x0000005935b00000,0x0000005935c00000)]
  0x00000183aaf40800 JavaThread "File watcher consumer" daemon [_thread_blocked, id=14392, stack(0x0000005935d00000,0x0000005935e00000)]
  0x00000183aaf3f000 JavaThread "jar transforms" [_thread_blocked, id=11424, stack(0x0000005935e00000,0x0000005935f00000)]
  0x00000183aaf40000 JavaThread "jar transforms Thread 2" [_thread_blocked, id=5160, stack(0x0000005935f00000,0x0000005936000000)]
  0x00000183acb78000 JavaThread "jar transforms Thread 3" [_thread_blocked, id=11480, stack(0x0000005936000000,0x0000005936100000)]
  0x00000183acb75800 JavaThread "jar transforms Thread 4" [_thread_blocked, id=10380, stack(0x0000005936100000,0x0000005936200000)]
  0x00000183acb76800 JavaThread "Cache worker for execution history cache (C:\Users\usuario\.gradle\caches\7.0.2\executionHistory)" [_thread_blocked, id=9480, stack(0x0000005936500000,0x0000005936600000)]
  0x00000183acb75000 JavaThread "Cache worker for file content cache (C:\Users\usuario\.gradle\caches\7.0.2\fileContent)" [_thread_blocked, id=15028, stack(0x0000005936700000,0x0000005936800000)]
  0x00000183acb7b800 JavaThread "Memory manager" [_thread_blocked, id=14576, stack(0x0000005936e00000,0x0000005936f00000)]
  0x00000183acb79000 JavaThread "Daemon Thread 3" [_thread_blocked, id=15464, stack(0x0000005933700000,0x0000005933800000)]
  0x00000183acb7a000 JavaThread "Handler for socket connection from /127.0.0.1:65039 to /127.0.0.1:57274" [_thread_in_native, id=6988, stack(0x0000005933800000,0x0000005933900000)]
  0x00000183acb74000 JavaThread "Cancel handler" [_thread_blocked, id=8340, stack(0x0000005933900000,0x0000005933a00000)]
  0x00000183acb7e800 JavaThread "Daemon worker Thread 3" [_thread_blocked, id=15840, stack(0x0000005935000000,0x0000005935100000)]
  0x00000183acb7a800 JavaThread "Asynchronous log dispatcher for DefaultDaemonConnection: socket connection from /127.0.0.1:65039 to /127.0.0.1:57274" [_thread_blocked, id=12300, stack(0x0000005935100000,0x0000005935200000)]
  0x00000183acb7f800 JavaThread "Stdin handler" [_thread_blocked, id=2576, stack(0x0000005935200000,0x0000005935300000)]
  0x00000183acb81000 JavaThread "Daemon client event forwarder" [_thread_blocked, id=6236, stack(0x0000005935300000,0x0000005935400000)]
  0x00000183acb80800 JavaThread "Cache worker for file hash cache (C:\Users\usuario\AndroidStudioProjects\CardView\.gradle\7.0.2\fileHashes)" [_thread_blocked, id=7448, stack(0x0000005935400000,0x0000005935500000)]
  0x00000183acb82800 JavaThread "Cache worker for checksums cache (C:\Users\usuario\AndroidStudioProjects\CardView\.gradle\checksums)" [_thread_blocked, id=12756, stack(0x0000005935600000,0x0000005935700000)]
  0x00000183acb7c000 JavaThread "Cache worker for cache directory md-supplier (C:\Users\usuario\.gradle\caches\7.0.2\md-supplier)" [_thread_blocked, id=15124, stack(0x0000005935500000,0x0000005935600000)]
  0x00000183ac869000 JavaThread "Cache worker for cache directory md-rule (C:\Users\usuario\.gradle\caches\7.0.2\md-rule)" [_thread_blocked, id=15380, stack(0x0000005935c00000,0x0000005935d00000)]
  0x00000183ac868000 JavaThread "C2 CompilerThread1" daemon [_thread_blocked, id=13132, stack(0x0000005936200000,0x0000005936300000)]
  0x00000183ac866000 JavaThread "Cache worker for dependencies-accessors (C:\Users\usuario\AndroidStudioProjects\CardView\.gradle\7.0.2\dependencies-accessors)" [_thread_blocked, id=12764, stack(0x0000005936300000,0x0000005936400000)]
  0x00000183ac866800 JavaThread "Cache worker for Build Output Cleanup Cache (C:\Users\usuario\AndroidStudioProjects\CardView\.gradle\buildOutputCleanup)" [_thread_blocked, id=1700, stack(0x0000005936400000,0x0000005936500000)]
  0x00000183ac863800 JavaThread "Build operations" [_thread_blocked, id=2440, stack(0x0000005936600000,0x0000005936700000)]
  0x00000183ac86a000 JavaThread "Build operations Thread 2" [_thread_blocked, id=14188, stack(0x0000005936800000,0x0000005936900000)]
  0x00000183ac867800 JavaThread "Build operations Thread 3" [_thread_blocked, id=12524, stack(0x0000005936900000,0x0000005936a00000)]
  0x00000183ac864000 JavaThread "Build operations Thread 4" [_thread_blocked, id=10476, stack(0x0000005936a00000,0x0000005936b00000)]
  0x00000183ac86a800 JavaThread "build event listener" [_thread_blocked, id=7072, stack(0x0000005936f00000,0x0000005937000000)]
  0x00000183ac865000 JavaThread "Execution worker for ':'" [_thread_blocked, id=4152, stack(0x0000005937000000,0x0000005937100000)]
  0x00000183ac86e000 JavaThread "Execution worker for ':' Thread 2" [_thread_blocked, id=13704, stack(0x0000005937100000,0x0000005937200000)]
  0x00000183ac86f000 JavaThread "Execution worker for ':' Thread 3" [_thread_blocked, id=5784, stack(0x0000005937200000,0x0000005937300000)]
  0x00000183ac86c800 JavaThread "Cache worker for execution history cache (C:\Users\usuario\AndroidStudioProjects\CardView\.gradle\7.0.2\executionHistory)" [_thread_blocked, id=10108, stack(0x0000005937300000,0x0000005937400000)]
  0x00000183ac86d000 JavaThread "WorkerExecutor Queue" [_thread_blocked, id=4868, stack(0x0000005937400000,0x0000005937500000)]
  0x00000183ac86f800 JavaThread "WorkerExecutor Queue Thread 3" [_thread_blocked, id=640, stack(0x0000005937600000,0x0000005937700000)]
  0x00000183ac870800 JavaThread "WorkerExecutor Queue Thread 4" [_thread_blocked, id=1096, stack(0x0000005937700000,0x0000005937800000)]
  0x00000183aaf3c800 JavaThread "pool-5-thread-1" [_thread_blocked, id=13716, stack(0x0000005937800000,0x0000005937900000)]
  0x00000183acd51800 JavaThread "stderr" [_thread_blocked, id=5220, stack(0x0000005937900000,0x0000005937a00000)]
  0x00000183acd4d000 JavaThread "stdout" [_thread_blocked, id=8904, stack(0x0000005937a00000,0x0000005937b00000)]
  0x00000183acd4e800 JavaThread "WorkerExecutor Queue Thread 5" [_thread_blocked, id=12580, stack(0x0000005937b00000,0x0000005937c00000)]
  0x00000183acd4d800 JavaThread "ForkJoinPool-3-worker-3" daemon [_thread_blocked, id=2572, stack(0x0000005937c00000,0x0000005937d00000)]
  0x00000183acd4f000 JavaThread "ForkJoinPool-3-worker-5" daemon [_thread_blocked, id=16176, stack(0x0000005937d00000,0x0000005937e00000)]
  0x00000183acd4c000 JavaThread "ForkJoinPool-3-worker-7" daemon [_thread_blocked, id=10512, stack(0x0000005937e00000,0x0000005937f00000)]
  0x00000183acd50000 JavaThread "ForkJoinPool-3-worker-1" daemon [_thread_blocked, id=13368, stack(0x0000005937f00000,0x0000005938000000)]

Other Threads:
=>0x00000183a8b0d800 VMThread "VM Thread" [stack: 0x0000005934000000,0x0000005934100000] [id=15480]
  0x00000183a95fc000 WatcherThread [stack: 0x0000005934a00000,0x0000005934b00000] [id=13812]
  0x000001838ef57000 GCTaskThread "GC Thread#0" [stack: 0x0000005933b00000,0x0000005933c00000] [id=16036]
  0x00000183a99b2000 GCTaskThread "GC Thread#1" [stack: 0x0000005934c00000,0x0000005934d00000] [id=3044]
  0x00000183a9e15800 GCTaskThread "GC Thread#2" [stack: 0x0000005934d00000,0x0000005934e00000] [id=9768]
  0x00000183ab70b800 GCTaskThread "GC Thread#3" [stack: 0x0000005935700000,0x0000005935800000] [id=436]
  0x000001838ef88000 ConcurrentGCThread "G1 Main Marker" [stack: 0x0000005933c00000,0x0000005933d00000] [id=8072]
  0x000001838ef8a000 ConcurrentGCThread "G1 Conc#0" [stack: 0x0000005933d00000,0x0000005933e00000] [id=15876]
  0x000001838f01d800 ConcurrentGCThread "G1 Refine#0" [stack: 0x0000005933e00000,0x0000005933f00000] [id=11992]
  0x00000183aec97800 ConcurrentGCThread "G1 Refine#1" [stack: 0x0000005936b00000,0x0000005936c00000] [id=13920]
  0x00000183aaf80000 ConcurrentGCThread "G1 Refine#2" [stack: 0x0000005936c00000,0x0000005936d00000] [id=10580]
  0x00000183b2b57800 ConcurrentGCThread "G1 Refine#3" [stack: 0x0000005936d00000,0x0000005936e00000] [id=9220]
  0x00000183a8960800 ConcurrentGCThread "G1 Young RemSet Sampling" [stack: 0x0000005933f00000,0x0000005934000000] [id=12932]

Threads with active compile tasks:
C2 CompilerThread03361841 20720       4       com.android.tools.r8.internal.h8::a (80 bytes)
C2 CompilerThread13361841 20712       4       com.android.tools.r8.graph.P::a (32 bytes)

VM state:at safepoint (normal execution)

VM Mutex/Monitor currently owned by a thread:  ([mutex/lock_event])
[0x000001838ef3b280] Threads_lock - owner thread: 0x00000183a8b0d800
[0x000001838ef3ad70] Heap_lock - owner thread: 0x00000183acd4f000

Heap address: 0x0000000080000000, size: 2048 MB, Compressed Oops mode: 32-bit
Narrow klass base: 0x0000000000000000, Narrow klass shift: 3
Compressed class space size: 1073741824 Address: 0x0000000100000000

Heap:
 garbage-first heap   total 356352K, used 211916K [0x0000000080000000, 0x0000000100000000)
  region size 1024K, 4 young (4096K), 4 survivors (4096K)
 Metaspace       used 132416K, capacity 135651K, committed 135936K, reserved 1167360K
  class space    used 16656K, capacity 17862K, committed 17920K, reserved 1048576K
Heap Regions: E=young(eden), S=young(survivor), O=old, HS=humongous(starts), HC=humongous(continues), CS=collection set, F=free, A=archive, TAMS=top-at-mark-start (previous, next)
|   0|0x0000000080000000, 0x0000000080100000, 0x0000000080100000|100%| O|  |TAMS 0x0000000080100000, 0x0000000080000000| Untracked 
|   1|0x0000000080100000, 0x0000000080200000, 0x0000000080200000|100%| O|  |TAMS 0x0000000080200000, 0x0000000080100000| Untracked 
|   2|0x0000000080200000, 0x0000000080300000, 0x0000000080300000|100%| O|  |TAMS 0x0000000080300000, 0x0000000080200000| Complete 
|   3|0x0000000080300000, 0x0000000080400000, 0x0000000080400000|100%|HS|  |TAMS 0x0000000080400000, 0x0000000080300000| Complete 
|   4|0x0000000080400000, 0x0000000080500000, 0x0000000080500000|100%|HC|  |TAMS 0x0000000080500000, 0x0000000080400000| Complete 
|   5|0x0000000080500000, 0x0000000080600000, 0x0000000080600000|100%|HC|  |TAMS 0x0000000080600000, 0x0000000080500000| Complete 
|   6|0x0000000080600000, 0x0000000080700000, 0x0000000080700000|100%| O|  |TAMS 0x0000000080700000, 0x0000000080600000| Untracked 
|   7|0x0000000080700000, 0x0000000080800000, 0x0000000080800000|100%| O|  |TAMS 0x0000000080800000, 0x0000000080700000| Untracked 
|   8|0x0000000080800000, 0x0000000080900000, 0x0000000080900000|100%| O|  |TAMS 0x0000000080900000, 0x0000000080800000| Untracked 
|   9|0x0000000080900000, 0x0000000080a00000, 0x0000000080a00000|100%| O|  |TAMS 0x0000000080a00000, 0x0000000080900000| Untracked 
|  10|0x0000000080a00000, 0x0000000080b00000, 0x0000000080b00000|100%| O|  |TAMS 0x0000000080b00000, 0x0000000080a00000| Untracked 
|  11|0x0000000080b00000, 0x0000000080c00000, 0x0000000080c00000|100%| O|  |TAMS 0x0000000080c00000, 0x0000000080b00000| Untracked 
|  12|0x0000000080c00000, 0x0000000080d00000, 0x0000000080d00000|100%| O|  |TAMS 0x0000000080d00000, 0x0000000080c00000| Complete 
|  13|0x0000000080d00000, 0x0000000080e00000, 0x0000000080e00000|100%| O|  |TAMS 0x0000000080e00000, 0x0000000080d00000| Untracked 
|  14|0x0000000080e00000, 0x0000000080f00000, 0x0000000080f00000|100%| O|  |TAMS 0x0000000080f00000, 0x0000000080e00000| Complete 
|  15|0x0000000080f00000, 0x0000000081000000, 0x0000000081000000|100%| O|  |TAMS 0x0000000081000000, 0x0000000080f00000| Complete 
|  16|0x0000000081000000, 0x0000000081100000, 0x0000000081100000|100%| O|  |TAMS 0x0000000081100000, 0x0000000081000000| Complete 
|  17|0x0000000081100000, 0x0000000081200000, 0x0000000081200000|100%|HS|  |TAMS 0x0000000081200000, 0x0000000081100000| Complete 
|  18|0x0000000081200000, 0x0000000081300000, 0x0000000081300000|100%|HC|  |TAMS 0x0000000081300000, 0x0000000081200000| Complete 
|  19|0x0000000081300000, 0x0000000081400000, 0x0000000081400000|100%|HS|  |TAMS 0x0000000081400000, 0x0000000081300000| Complete 
|  20|0x0000000081400000, 0x0000000081500000, 0x0000000081500000|100%|HC|  |TAMS 0x0000000081500000, 0x0000000081400000| Complete 
|  21|0x0000000081500000, 0x0000000081600000, 0x0000000081600000|100%|HC|  |TAMS 0x0000000081600000, 0x0000000081500000| Complete 
|  22|0x0000000081600000, 0x0000000081700000, 0x0000000081700000|100%|HS|  |TAMS 0x0000000081700000, 0x0000000081600000| Complete 
|  23|0x0000000081700000, 0x0000000081800000, 0x0000000081800000|100%|HC|  |TAMS 0x0000000081800000, 0x0000000081700000| Complete 
|  24|0x0000000081800000, 0x0000000081900000, 0x0000000081900000|100%|HC|  |TAMS 0x0000000081900000, 0x0000000081800000| Complete 
|  25|0x0000000081900000, 0x0000000081a00000, 0x0000000081a00000|100%|HC|  |TAMS 0x0000000081a00000, 0x0000000081900000| Complete 
|  26|0x0000000081a00000, 0x0000000081b00000, 0x0000000081b00000|100%|HC|  |TAMS 0x0000000081b00000, 0x0000000081a00000| Complete 
|  27|0x0000000081b00000, 0x0000000081c00000, 0x0000000081c00000|100%| O|  |TAMS 0x0000000081c00000, 0x0000000081b00000| Untracked 
|  28|0x0000000081c00000, 0x0000000081d00000, 0x0000000081d00000|100%| O|  |TAMS 0x0000000081d00000, 0x0000000081c00000| Untracked 
|  29|0x0000000081d00000, 0x0000000081e00000, 0x0000000081e00000|100%| O|  |TAMS 0x0000000081e00000, 0x0000000081d00000| Complete 
|  30|0x0000000081e00000, 0x0000000081f00000, 0x0000000081f00000|100%| O|  |TAMS 0x0000000081f00000, 0x0000000081e00000| Complete 
|  31|0x0000000081f00000, 0x0000000082000000, 0x0000000082000000|100%| O|  |TAMS 0x0000000082000000, 0x0000000081f00000| Complete 
|  32|0x0000000082000000, 0x0000000082100000, 0x0000000082100000|100%| O|  |TAMS 0x0000000082100000, 0x0000000082000000| Complete 
|  33|0x0000000082100000, 0x0000000082200000, 0x0000000082200000|100%|HS|  |TAMS 0x0000000082200000, 0x0000000082100000| Complete 
|  34|0x0000000082200000, 0x0000000082300000, 0x0000000082300000|100%|HC|  |TAMS 0x0000000082300000, 0x0000000082200000| Complete 
|  35|0x0000000082300000, 0x0000000082400000, 0x0000000082400000|100%|HC|  |TAMS 0x0000000082400000, 0x0000000082300000| Complete 
|  36|0x0000000082400000, 0x0000000082500000, 0x0000000082500000|100%|HC|  |TAMS 0x0000000082500000, 0x0000000082400000| Complete 
|  37|0x0000000082500000, 0x0000000082600000, 0x0000000082600000|100%|HC|  |TAMS 0x0000000082600000, 0x0000000082500000| Complete 
|  38|0x0000000082600000, 0x0000000082700000, 0x0000000082700000|100%|HS|  |TAMS 0x0000000082700000, 0x0000000082600000| Complete 
|  39|0x0000000082700000, 0x0000000082800000, 0x0000000082800000|100%|HC|  |TAMS 0x0000000082800000, 0x0000000082700000| Complete 
|  40|0x0000000082800000, 0x0000000082900000, 0x0000000082900000|100%|HC|  |TAMS 0x0000000082900000, 0x0000000082800000| Complete 
|  41|0x0000000082900000, 0x0000000082a00000, 0x0000000082a00000|100%| O|  |TAMS 0x0000000082a00000, 0x0000000082900000| Untracked 
|  42|0x0000000082a00000, 0x0000000082b00000, 0x0000000082b00000|100%| O|  |TAMS 0x0000000082b00000, 0x0000000082a00000| Complete 
|  43|0x0000000082b00000, 0x0000000082c00000, 0x0000000082c00000|100%| O|  |TAMS 0x0000000082c00000, 0x0000000082b00000| Complete 
|  44|0x0000000082c00000, 0x0000000082d00000, 0x0000000082d00000|100%| O|  |TAMS 0x0000000082d00000, 0x0000000082c00000| Untracked 
|  45|0x0000000082d00000, 0x0000000082e00000, 0x0000000082e00000|100%| O|  |TAMS 0x0000000082e00000, 0x0000000082d00000| Untracked 
|  46|0x0000000082e00000, 0x0000000082f00000, 0x0000000082f00000|100%| O|  |TAMS 0x0000000082f00000, 0x0000000082e00000| Complete 
|  47|0x0000000082f00000, 0x0000000083000000, 0x0000000083000000|100%| O|  |TAMS 0x0000000083000000, 0x0000000082f00000| Untracked 
|  48|0x0000000083000000, 0x0000000083100000, 0x0000000083100000|100%| O|  |TAMS 0x0000000083100000, 0x0000000083000000| Complete 
|  49|0x0000000083100000, 0x0000000083200000, 0x0000000083200000|100%| O|  |TAMS 0x0000000083200000, 0x0000000083100000| Complete 
|  50|0x0000000083200000, 0x0000000083300000, 0x0000000083300000|100%| O|  |TAMS 0x0000000083300000, 0x0000000083200000| Complete 
|  51|0x0000000083300000, 0x0000000083400000, 0x0000000083400000|100%|HS|  |TAMS 0x0000000083400000, 0x0000000083300000| Complete 
|  52|0x0000000083400000, 0x0000000083500000, 0x0000000083500000|100%|HS|  |TAMS 0x0000000083500000, 0x0000000083400000| Complete 
|  53|0x0000000083500000, 0x0000000083600000, 0x0000000083600000|100%|HS|  |TAMS 0x0000000083600000, 0x0000000083500000| Complete 
|  54|0x0000000083600000, 0x0000000083700000, 0x0000000083700000|100%|HS|  |TAMS 0x0000000083700000, 0x0000000083600000| Complete 
|  55|0x0000000083700000, 0x0000000083800000, 0x0000000083800000|100%|HC|  |TAMS 0x0000000083800000, 0x0000000083700000| Complete 
|  56|0x0000000083800000, 0x0000000083900000, 0x0000000083900000|100%|HC|  |TAMS 0x0000000083900000, 0x0000000083800000| Complete 
|  57|0x0000000083900000, 0x0000000083a00000, 0x0000000083a00000|100%|HS|  |TAMS 0x0000000083a00000, 0x0000000083900000| Complete 
|  58|0x0000000083a00000, 0x0000000083b00000, 0x0000000083b00000|100%|HC|  |TAMS 0x0000000083b00000, 0x0000000083a00000| Complete 
|  59|0x0000000083b00000, 0x0000000083c00000, 0x0000000083c00000|100%| O|  |TAMS 0x0000000083c00000, 0x0000000083b00000| Complete 
|  60|0x0000000083c00000, 0x0000000083d00000, 0x0000000083d00000|100%| O|  |TAMS 0x0000000083d00000, 0x0000000083c00000| Complete 
|  61|0x0000000083d00000, 0x0000000083e00000, 0x0000000083e00000|100%| O|  |TAMS 0x0000000083e00000, 0x0000000083d00000| Complete 
|  62|0x0000000083e00000, 0x0000000083f00000, 0x0000000083f00000|100%|HS|  |TAMS 0x0000000083f00000, 0x0000000083e00000| Complete 
|  63|0x0000000083f00000, 0x0000000084000000, 0x0000000084000000|100%| O|  |TAMS 0x0000000084000000, 0x0000000083f00000| Complete 
|  64|0x0000000084000000, 0x0000000084100000, 0x0000000084100000|100%| O|  |TAMS 0x0000000084100000, 0x0000000084000000| Complete 
|  65|0x0000000084100000, 0x0000000084200000, 0x0000000084200000|100%| O|  |TAMS 0x0000000084200000, 0x0000000084100000| Complete 
|  66|0x0000000084200000, 0x0000000084300000, 0x0000000084300000|100%| O|  |TAMS 0x0000000084300000, 0x0000000084200000| Untracked 
|  67|0x0000000084300000, 0x0000000084400000, 0x0000000084400000|100%| O|  |TAMS 0x0000000084400000, 0x0000000084300000| Untracked 
|  68|0x0000000084400000, 0x0000000084500000, 0x0000000084500000|100%| O|  |TAMS 0x0000000084500000, 0x0000000084400000| Untracked 
|  69|0x0000000084500000, 0x0000000084600000, 0x0000000084600000|100%| O|  |TAMS 0x0000000084600000, 0x0000000084500000| Untracked 
|  70|0x0000000084600000, 0x0000000084700000, 0x0000000084700000|100%| O|  |TAMS 0x0000000084700000, 0x0000000084600000| Untracked 
|  71|0x0000000084700000, 0x0000000084800000, 0x0000000084800000|100%| O|  |TAMS 0x0000000084800000, 0x0000000084700000| Complete 
|  72|0x0000000084800000, 0x0000000084900000, 0x0000000084900000|100%| O|  |TAMS 0x0000000084900000, 0x0000000084800000| Complete 
|  73|0x0000000084900000, 0x0000000084a00000, 0x0000000084a00000|100%| O|  |TAMS 0x0000000084a00000, 0x0000000084900000| Complete 
|  74|0x0000000084a00000, 0x0000000084b00000, 0x0000000084b00000|100%| O|  |TAMS 0x0000000084b00000, 0x0000000084a00000| Complete 
|  75|0x0000000084b00000, 0x0000000084c00000, 0x0000000084c00000|100%| O|  |TAMS 0x0000000084c00000, 0x0000000084b00000| Complete 
|  76|0x0000000084c00000, 0x0000000084d00000, 0x0000000084d00000|100%|HS|  |TAMS 0x0000000084d00000, 0x0000000084c00000| Complete 
|  77|0x0000000084d00000, 0x0000000084e00000, 0x0000000084e00000|100%| O|  |TAMS 0x0000000084e00000, 0x0000000084d00000| Untracked 
|  78|0x0000000084e00000, 0x0000000084f00000, 0x0000000084f00000|100%| O|  |TAMS 0x0000000084f00000, 0x0000000084e00000| Complete 
|  79|0x0000000084f00000, 0x0000000085000000, 0x0000000085000000|100%| O|  |TAMS 0x0000000085000000, 0x0000000084f00000| Complete 
|  80|0x0000000085000000, 0x0000000085100000, 0x0000000085100000|100%| O|  |TAMS 0x0000000085100000, 0x0000000085000000| Untracked 
|  81|0x0000000085100000, 0x0000000085200000, 0x0000000085200000|100%|HS|  |TAMS 0x0000000085200000, 0x0000000085100000| Complete 
|  82|0x0000000085200000, 0x0000000085300000, 0x0000000085300000|100%| O|  |TAMS 0x0000000085300000, 0x0000000085200000| Complete 
|  83|0x0000000085300000, 0x0000000085400000, 0x0000000085400000|100%| O|  |TAMS 0x0000000085400000, 0x0000000085300000| Untracked 
|  84|0x0000000085400000, 0x0000000085500000, 0x0000000085500000|100%| O|  |TAMS 0x0000000085500000, 0x0000000085400000| Complete 
|  85|0x0000000085500000, 0x0000000085600000, 0x0000000085600000|100%|HS|  |TAMS 0x0000000085600000, 0x0000000085500000| Complete 
|  86|0x0000000085600000, 0x0000000085700000, 0x0000000085700000|100%|HC|  |TAMS 0x0000000085700000, 0x0000000085600000| Complete 
|  87|0x0000000085700000, 0x0000000085800000, 0x0000000085800000|100%| O|  |TAMS 0x0000000085800000, 0x0000000085700000| Untracked 
|  88|0x0000000085800000, 0x0000000085900000, 0x0000000085900000|100%| O|  |TAMS 0x0000000085900000, 0x0000000085800000| Untracked 
|  89|0x0000000085900000, 0x0000000085a00000, 0x0000000085a00000|100%| O|  |TAMS 0x0000000085a00000, 0x0000000085900000| Untracked 
|  90|0x0000000085a00000, 0x0000000085b00000, 0x0000000085b00000|100%|HS|  |TAMS 0x0000000085b00000, 0x0000000085a00000| Complete 
|  91|0x0000000085b00000, 0x0000000085c00000, 0x0000000085c00000|100%|HC|  |TAMS 0x0000000085c00000, 0x0000000085b00000| Complete 
|  92|0x0000000085c00000, 0x0000000085d00000, 0x0000000085d00000|100%|HC|  |TAMS 0x0000000085d00000, 0x0000000085c00000| Complete 
|  93|0x0000000085d00000, 0x0000000085e00000, 0x0000000085e00000|100%| O|  |TAMS 0x0000000085d00000, 0x0000000085d00000| Untracked 
|  94|0x0000000085e00000, 0x0000000085f00000, 0x0000000085f00000|100%| O|  |TAMS 0x0000000085f00000, 0x0000000085e00000| Complete 
|  95|0x0000000085f00000, 0x0000000086000000, 0x0000000086000000|100%| O|  |TAMS 0x0000000086000000, 0x0000000085f00000| Complete 
|  96|0x0000000086000000, 0x0000000086100000, 0x0000000086100000|100%| O|  |TAMS 0x0000000086100000, 0x0000000086000000| Untracked 
|  97|0x0000000086100000, 0x0000000086200000, 0x0000000086200000|100%| O|  |TAMS 0x0000000086200000, 0x0000000086100000| Untracked 
|  98|0x0000000086200000, 0x0000000086300000, 0x0000000086300000|100%| O|  |TAMS 0x0000000086300000, 0x0000000086200000| Untracked 
|  99|0x0000000086300000, 0x0000000086400000, 0x0000000086400000|100%| O|  |TAMS 0x0000000086400000, 0x0000000086300000| Untracked 
| 100|0x0000000086400000, 0x0000000086500000, 0x0000000086500000|100%| O|  |TAMS 0x0000000086500000, 0x0000000086400000| Complete 
| 101|0x0000000086500000, 0x0000000086600000, 0x0000000086600000|100%| O|  |TAMS 0x0000000086600000, 0x0000000086500000| Untracked 
| 102|0x0000000086600000, 0x0000000086700000, 0x0000000086700000|100%| O|  |TAMS 0x0000000086700000, 0x0000000086600000| Untracked 
| 103|0x0000000086700000, 0x0000000086800000, 0x0000000086800000|100%| O|  |TAMS 0x0000000086800000, 0x0000000086700000| Untracked 
| 104|0x0000000086800000, 0x0000000086900000, 0x0000000086900000|100%| O|  |TAMS 0x0000000086900000, 0x0000000086800000| Complete 
| 105|0x0000000086900000, 0x0000000086a00000, 0x0000000086a00000|100%| O|  |TAMS 0x0000000086a00000, 0x0000000086900000| Untracked 
| 106|0x0000000086a00000, 0x0000000086b00000, 0x0000000086b00000|100%| O|  |TAMS 0x0000000086b00000, 0x0000000086a00000| Untracked 
| 107|0x0000000086b00000, 0x0000000086c00000, 0x0000000086c00000|100%| O|  |TAMS 0x0000000086c00000, 0x0000000086b00000| Complete 
| 108|0x0000000086c00000, 0x0000000086d00000, 0x0000000086d00000|100%| O|  |TAMS 0x0000000086d00000, 0x0000000086c00000| Untracked 
| 109|0x0000000086d00000, 0x0000000086e00000, 0x0000000086e00000|100%| O|  |TAMS 0x0000000086e00000, 0x0000000086d00000| Complete 
| 110|0x0000000086e00000, 0x0000000086f00000, 0x0000000086f00000|100%|HS|  |TAMS 0x0000000086e00000, 0x0000000086e00000| Complete 
| 111|0x0000000086f00000, 0x0000000087000000, 0x0000000087000000|100%|HC|  |TAMS 0x0000000086f00000, 0x0000000086f00000| Complete 
| 112|0x0000000087000000, 0x0000000087100000, 0x0000000087100000|100%| O|  |TAMS 0x0000000087100000, 0x0000000087000000| Untracked 
| 113|0x0000000087100000, 0x0000000087200000, 0x0000000087200000|100%| O|  |TAMS 0x0000000087200000, 0x0000000087100000| Untracked 
| 114|0x0000000087200000, 0x0000000087300000, 0x0000000087300000|100%| O|  |TAMS 0x0000000087200000, 0x0000000087200000| Untracked 
| 115|0x0000000087300000, 0x0000000087400000, 0x0000000087400000|100%| O|  |TAMS 0x0000000087400000, 0x0000000087300000| Untracked 
| 116|0x0000000087400000, 0x0000000087500000, 0x0000000087500000|100%| O|  |TAMS 0x0000000087500000, 0x0000000087400000| Untracked 
| 117|0x0000000087500000, 0x0000000087600000, 0x0000000087600000|100%| O|  |TAMS 0x0000000087600000, 0x0000000087500000| Untracked 
| 118|0x0000000087600000, 0x0000000087700000, 0x0000000087700000|100%| O|  |TAMS 0x0000000087700000, 0x0000000087600000| Complete 
| 119|0x0000000087700000, 0x0000000087800000, 0x0000000087800000|100%| O|  |TAMS 0x0000000087800000, 0x0000000087700000| Untracked 
| 120|0x0000000087800000, 0x0000000087900000, 0x0000000087900000|100%| O|  |TAMS 0x0000000087900000, 0x0000000087800000| Untracked 
| 121|0x0000000087900000, 0x0000000087a00000, 0x0000000087a00000|100%| O|  |TAMS 0x0000000087a00000, 0x0000000087900000| Untracked 
| 122|0x0000000087a00000, 0x0000000087b00000, 0x0000000087b00000|100%| O|  |TAMS 0x0000000087b00000, 0x0000000087a00000| Untracked 
| 123|0x0000000087b00000, 0x0000000087c00000, 0x0000000087c00000|100%| O|  |TAMS 0x0000000087b00000, 0x0000000087b00000| Untracked 
| 124|0x0000000087c00000, 0x0000000087d00000, 0x0000000087d00000|100%|HS|  |TAMS 0x0000000087d00000, 0x0000000087c00000| Complete 
| 125|0x0000000087d00000, 0x0000000087e00000, 0x0000000087e00000|100%| O|  |TAMS 0x0000000087e00000, 0x0000000087d00000| Untracked 
| 126|0x0000000087e00000, 0x0000000087f00000, 0x0000000087f00000|100%| O|  |TAMS 0x0000000087f00000, 0x0000000087e00000| Untracked 
| 127|0x0000000087f00000, 0x0000000088000000, 0x0000000088000000|100%| O|  |TAMS 0x0000000088000000, 0x0000000087f00000| Untracked 
| 128|0x0000000088000000, 0x0000000088100000, 0x0000000088100000|100%| O|  |TAMS 0x0000000088100000, 0x0000000088000000| Untracked 
| 129|0x0000000088100000, 0x0000000088200000, 0x0000000088200000|100%| O|  |TAMS 0x0000000088200000, 0x0000000088100000| Untracked 
| 130|0x0000000088200000, 0x0000000088300000, 0x0000000088300000|100%| O|  |TAMS 0x0000000088300000, 0x0000000088200000| Untracked 
| 131|0x0000000088300000, 0x0000000088400000, 0x0000000088400000|100%| O|  |TAMS 0x0000000088400000, 0x0000000088300000| Complete 
| 132|0x0000000088400000, 0x0000000088500000, 0x0000000088500000|100%| O|  |TAMS 0x0000000088500000, 0x0000000088400000| Complete 
| 133|0x0000000088500000, 0x0000000088600000, 0x0000000088600000|100%| O|  |TAMS 0x0000000088600000, 0x0000000088500000| Untracked 
| 134|0x0000000088600000, 0x0000000088700000, 0x0000000088700000|100%| O|  |TAMS 0x0000000088700000, 0x0000000088600000| Untracked 
| 135|0x0000000088700000, 0x0000000088800000, 0x0000000088800000|100%| O|  |TAMS 0x0000000088800000, 0x0000000088700000| Untracked 
| 136|0x0000000088800000, 0x0000000088900000, 0x0000000088900000|100%| O|  |TAMS 0x0000000088800000, 0x0000000088800000| Untracked 
| 137|0x0000000088900000, 0x0000000088a00000, 0x0000000088a00000|100%|HS|  |TAMS 0x0000000088900000, 0x0000000088900000| Complete 
| 138|0x0000000088a00000, 0x0000000088b00000, 0x0000000088b00000|100%|HC|  |TAMS 0x0000000088a00000, 0x0000000088a00000| Complete 
| 139|0x0000000088b00000, 0x0000000088c00000, 0x0000000088c00000|100%| O|  |TAMS 0x0000000088c00000, 0x0000000088b00000| Untracked 
| 140|0x0000000088c00000, 0x0000000088d00000, 0x0000000088d00000|100%| O|  |TAMS 0x0000000088d00000, 0x0000000088c00000| Untracked 
| 141|0x0000000088d00000, 0x0000000088e00000, 0x0000000088e00000|100%| O|  |TAMS 0x0000000088e00000, 0x0000000088d00000| Untracked 
| 142|0x0000000088e00000, 0x0000000088f00000, 0x0000000088f00000|100%| O|  |TAMS 0x0000000088f00000, 0x0000000088e00000| Untracked 
| 143|0x0000000088f00000, 0x0000000089000000, 0x0000000089000000|100%| O|  |TAMS 0x0000000089000000, 0x0000000088f00000| Complete 
| 144|0x0000000089000000, 0x0000000089100000, 0x0000000089100000|100%| O|  |TAMS 0x0000000089100000, 0x0000000089000000| Untracked 
| 145|0x0000000089100000, 0x0000000089200000, 0x0000000089200000|100%| O|  |TAMS 0x0000000089200000, 0x0000000089100000| Complete 
| 146|0x0000000089200000, 0x0000000089300000, 0x0000000089300000|100%| O|  |TAMS 0x0000000089300000, 0x0000000089200000| Complete 
| 147|0x0000000089300000, 0x0000000089400000, 0x0000000089400000|100%| O|  |TAMS 0x0000000089400000, 0x0000000089300000| Complete 
| 148|0x0000000089400000, 0x0000000089500000, 0x0000000089500000|100%| O|  |TAMS 0x0000000089500000, 0x0000000089400000| Untracked 
| 149|0x0000000089500000, 0x0000000089600000, 0x0000000089600000|100%| O|  |TAMS 0x0000000089600000, 0x0000000089500000| Complete 
| 150|0x0000000089600000, 0x0000000089700000, 0x0000000089700000|100%| O|  |TAMS 0x0000000089700000, 0x0000000089600000| Complete 
| 151|0x0000000089700000, 0x0000000089800000, 0x0000000089800000|100%| O|  |TAMS 0x0000000089800000, 0x0000000089700000| Complete 
| 152|0x0000000089800000, 0x0000000089900000, 0x0000000089900000|100%| O|  |TAMS 0x0000000089900000, 0x0000000089800000| Complete 
| 153|0x0000000089900000, 0x0000000089a00000, 0x0000000089a00000|100%| O|  |TAMS 0x0000000089a00000, 0x0000000089900000| Complete 
| 154|0x0000000089a00000, 0x0000000089b00000, 0x0000000089b00000|100%| O|  |TAMS 0x0000000089b00000, 0x0000000089a00000| Complete 
| 155|0x0000000089b00000, 0x0000000089c00000, 0x0000000089c00000|100%| O|  |TAMS 0x0000000089c00000, 0x0000000089b00000| Untracked 
| 156|0x0000000089c00000, 0x0000000089d00000, 0x0000000089d00000|100%| O|  |TAMS 0x0000000089d00000, 0x0000000089c00000| Complete 
| 157|0x0000000089d00000, 0x0000000089e00000, 0x0000000089e00000|100%| O|  |TAMS 0x0000000089e00000, 0x0000000089d00000| Complete 
| 158|0x0000000089e00000, 0x0000000089f00000, 0x0000000089f00000|100%| O|  |TAMS 0x0000000089f00000, 0x0000000089e00000| Complete 
| 159|0x0000000089f00000, 0x000000008a000000, 0x000000008a000000|100%| O|  |TAMS 0x000000008a000000, 0x0000000089f00000| Untracked 
| 160|0x000000008a000000, 0x000000008a100000, 0x000000008a100000|100%| O|  |TAMS 0x000000008a100000, 0x000000008a000000| Complete 
| 161|0x000000008a100000, 0x000000008a200000, 0x000000008a200000|100%| O|  |TAMS 0x000000008a200000, 0x000000008a100000| Complete 
| 162|0x000000008a200000, 0x000000008a300000, 0x000000008a300000|100%| O|  |TAMS 0x000000008a300000, 0x000000008a200000| Complete 
| 163|0x000000008a300000, 0x000000008a400000, 0x000000008a400000|100%| O|  |TAMS 0x000000008a400000, 0x000000008a300000| Untracked 
| 164|0x000000008a400000, 0x000000008a500000, 0x000000008a500000|100%| O|  |TAMS 0x000000008a500000, 0x000000008a400000| Untracked 
| 165|0x000000008a500000, 0x000000008a600000, 0x000000008a600000|100%| O|  |TAMS 0x000000008a600000, 0x000000008a500000| Untracked 
| 166|0x000000008a600000, 0x000000008a700000, 0x000000008a700000|100%| O|  |TAMS 0x000000008a700000, 0x000000008a600000| Complete 
| 167|0x000000008a700000, 0x000000008a800000, 0x000000008a800000|100%| O|  |TAMS 0x000000008a800000, 0x000000008a700000| Complete 
| 168|0x000000008a800000, 0x000000008a900000, 0x000000008a900000|100%| O|  |TAMS 0x000000008a900000, 0x000000008a800000| Complete 
| 169|0x000000008a900000, 0x000000008aa00000, 0x000000008aa00000|100%| O|  |TAMS 0x000000008aa00000, 0x000000008a900000| Untracked 
| 170|0x000000008aa00000, 0x000000008ab00000, 0x000000008ab00000|100%| O|  |TAMS 0x000000008ab00000, 0x000000008aa00000| Complete 
| 171|0x000000008ab00000, 0x000000008ac00000, 0x000000008ac00000|100%| O|  |TAMS 0x000000008ac00000, 0x000000008ab00000| Untracked 
| 172|0x000000008ac00000, 0x000000008ad00000, 0x000000008ad00000|100%| O|  |TAMS 0x000000008ad00000, 0x000000008ac00000| Untracked 
| 173|0x000000008ad00000, 0x000000008ae00000, 0x000000008ae00000|100%| O|  |TAMS 0x000000008ae00000, 0x000000008ad00000| Untracked 
| 174|0x000000008ae00000, 0x000000008af00000, 0x000000008af00000|100%| O|  |TAMS 0x000000008af00000, 0x000000008ae00000| Untracked 
| 175|0x000000008af00000, 0x000000008b000000, 0x000000008b000000|100%| O|  |TAMS 0x000000008b000000, 0x000000008af00000| Complete 
| 176|0x000000008b000000, 0x000000008b100000, 0x000000008b100000|100%| O|  |TAMS 0x000000008b100000, 0x000000008b000000| Untracked 
| 177|0x000000008b100000, 0x000000008b200000, 0x000000008b200000|100%| O|  |TAMS 0x000000008b200000, 0x000000008b100000| Complete 
| 178|0x000000008b200000, 0x000000008b300000, 0x000000008b300000|100%| O|  |TAMS 0x000000008b300000, 0x000000008b200000| Complete 
| 179|0x000000008b300000, 0x000000008b400000, 0x000000008b400000|100%| O|  |TAMS 0x000000008b400000, 0x000000008b300000| Complete 
| 180|0x000000008b400000, 0x000000008b500000, 0x000000008b500000|100%| O|  |TAMS 0x000000008b500000, 0x000000008b400000| Complete 
| 181|0x000000008b500000, 0x000000008b600000, 0x000000008b600000|100%| O|  |TAMS 0x000000008b600000, 0x000000008b500000| Untracked 
| 182|0x000000008b600000, 0x000000008b700000, 0x000000008b700000|100%| O|  |TAMS 0x000000008b700000, 0x000000008b600000| Complete 
| 183|0x000000008b700000, 0x000000008b800000, 0x000000008b800000|100%| O|  |TAMS 0x000000008b800000, 0x000000008b700000| Complete 
| 184|0x000000008b800000, 0x000000008b900000, 0x000000008b900000|100%| O|  |TAMS 0x000000008b900000, 0x000000008b800000| Complete 
| 185|0x000000008b900000, 0x000000008ba00000, 0x000000008ba00000|100%| O|  |TAMS 0x000000008ba00000, 0x000000008b900000| Untracked 
| 186|0x000000008ba00000, 0x000000008bb00000, 0x000000008bb00000|100%| O|  |TAMS 0x000000008bb00000, 0x000000008ba00000| Complete 
| 187|0x000000008bb00000, 0x000000008bc00000, 0x000000008bc00000|100%| O|  |TAMS 0x000000008bba0200, 0x000000008bb00000| Complete 
| 188|0x000000008bc00000, 0x000000008bd00000, 0x000000008bd00000|100%|HS|  |TAMS 0x000000008bc00000, 0x000000008bc00000| Complete 
| 189|0x000000008bd00000, 0x000000008be00000, 0x000000008be00000|100%|HS|  |TAMS 0x000000008bd00000, 0x000000008bd00000| Complete 
| 190|0x000000008be00000, 0x000000008bf00000, 0x000000008bf00000|100%|HS|  |TAMS 0x000000008be00000, 0x000000008be00000| Complete 
| 191|0x000000008bf00000, 0x000000008c000000, 0x000000008c000000|100%|HS|  |TAMS 0x000000008bf00000, 0x000000008bf00000| Complete 
| 192|0x000000008c000000, 0x000000008c100000, 0x000000008c100000|100%|HS|  |TAMS 0x000000008c000000, 0x000000008c000000| Complete 
| 193|0x000000008c100000, 0x000000008c200000, 0x000000008c200000|100%|HC|  |TAMS 0x000000008c100000, 0x000000008c100000| Complete 
| 194|0x000000008c200000, 0x000000008c300000, 0x000000008c300000|100%|HS|  |TAMS 0x000000008c200000, 0x000000008c200000| Complete 
| 195|0x000000008c300000, 0x000000008c400000, 0x000000008c400000|100%| O|  |TAMS 0x000000008c300000, 0x000000008c300000| Untracked 
| 196|0x000000008c400000, 0x000000008c500000, 0x000000008c500000|100%| O|  |TAMS 0x000000008c400000, 0x000000008c400000| Untracked 
| 197|0x000000008c500000, 0x000000008c563800, 0x000000008c600000| 38%| O|  |TAMS 0x000000008c500000, 0x000000008c500000| Untracked 
| 198|0x000000008c600000, 0x000000008c600000, 0x000000008c700000|  0%| F|  |TAMS 0x000000008c600000, 0x000000008c600000| Untracked 
| 199|0x000000008c700000, 0x000000008c700000, 0x000000008c800000|  0%| F|  |TAMS 0x000000008c700000, 0x000000008c700000| Untracked 
| 200|0x000000008c800000, 0x000000008c800000, 0x000000008c900000|  0%| F|  |TAMS 0x000000008c800000, 0x000000008c800000| Untracked 
| 201|0x000000008c900000, 0x000000008c900000, 0x000000008ca00000|  0%| F|  |TAMS 0x000000008c900000, 0x000000008c900000| Untracked 
| 202|0x000000008ca00000, 0x000000008ca00000, 0x000000008cb00000|  0%| F|  |TAMS 0x000000008ca00000, 0x000000008ca00000| Untracked 
| 203|0x000000008cb00000, 0x000000008cb00000, 0x000000008cc00000|  0%| F|  |TAMS 0x000000008cb00000, 0x000000008cb00000| Untracked 
| 204|0x000000008cc00000, 0x000000008cc00000, 0x000000008cd00000|  0%| F|  |TAMS 0x000000008cc00000, 0x000000008cc00000| Untracked 
| 205|0x000000008cd00000, 0x000000008cd00000, 0x000000008ce00000|  0%| F|  |TAMS 0x000000008cd00000, 0x000000008cd00000| Untracked 
| 206|0x000000008ce00000, 0x000000008ce00000, 0x000000008cf00000|  0%| F|  |TAMS 0x000000008ce00000, 0x000000008ce00000| Untracked 
| 207|0x000000008cf00000, 0x000000008cf00000, 0x000000008d000000|  0%| F|  |TAMS 0x000000008cf00000, 0x000000008cf00000| Untracked 
| 208|0x000000008d000000, 0x000000008d000000, 0x000000008d100000|  0%| F|  |TAMS 0x000000008d000000, 0x000000008d000000| Untracked 
| 209|0x000000008d100000, 0x000000008d100000, 0x000000008d200000|  0%| F|  |TAMS 0x000000008d100000, 0x000000008d100000| Untracked 
| 210|0x000000008d200000, 0x000000008d200000, 0x000000008d300000|  0%| F|  |TAMS 0x000000008d200000, 0x000000008d200000| Untracked 
| 211|0x000000008d300000, 0x000000008d300000, 0x000000008d400000|  0%| F|  |TAMS 0x000000008d300000, 0x000000008d300000| Untracked 
| 212|0x000000008d400000, 0x000000008d400000, 0x000000008d500000|  0%| F|  |TAMS 0x000000008d400000, 0x000000008d400000| Untracked 
| 213|0x000000008d500000, 0x000000008d500000, 0x000000008d600000|  0%| F|  |TAMS 0x000000008d500000, 0x000000008d500000| Untracked 
| 214|0x000000008d600000, 0x000000008d600000, 0x000000008d700000|  0%| F|  |TAMS 0x000000008d600000, 0x000000008d600000| Untracked 
| 215|0x000000008d700000, 0x000000008d700000, 0x000000008d800000|  0%| F|  |TAMS 0x000000008d700000, 0x000000008d700000| Untracked 
| 216|0x000000008d800000, 0x000000008d800000, 0x000000008d900000|  0%| F|  |TAMS 0x000000008d800000, 0x000000008d800000| Untracked 
| 217|0x000000008d900000, 0x000000008d900000, 0x000000008da00000|  0%| F|  |TAMS 0x000000008d900000, 0x000000008d900000| Untracked 
| 218|0x000000008da00000, 0x000000008da00000, 0x000000008db00000|  0%| F|  |TAMS 0x000000008da00000, 0x000000008da00000| Untracked 
| 219|0x000000008db00000, 0x000000008db00000, 0x000000008dc00000|  0%| F|  |TAMS 0x000000008db00000, 0x000000008db00000| Untracked 
| 220|0x000000008dc00000, 0x000000008dc00000, 0x000000008dd00000|  0%| F|  |TAMS 0x000000008dc00000, 0x000000008dc00000| Untracked 
| 221|0x000000008dd00000, 0x000000008dd00000, 0x000000008de00000|  0%| F|  |TAMS 0x000000008dd00000, 0x000000008dd00000| Untracked 
| 222|0x000000008de00000, 0x000000008df00000, 0x000000008df00000|100%| O|  |TAMS 0x000000008df00000, 0x000000008de00000| Complete 
| 223|0x000000008df00000, 0x000000008e000000, 0x000000008e000000|100%| O|  |TAMS 0x000000008e000000, 0x000000008df00000| Untracked 
| 224|0x000000008e000000, 0x000000008e100000, 0x000000008e100000|100%| O|  |TAMS 0x000000008e100000, 0x000000008e000000| Untracked 
| 225|0x000000008e100000, 0x000000008e200000, 0x000000008e200000|100%| O|  |TAMS 0x000000008e200000, 0x000000008e100000| Complete 
| 226|0x000000008e200000, 0x000000008e300000, 0x000000008e300000|100%| O|  |TAMS 0x000000008e300000, 0x000000008e200000| Complete 
| 227|0x000000008e300000, 0x000000008e400000, 0x000000008e400000|100%| O|  |TAMS 0x000000008e400000, 0x000000008e300000| Untracked 
| 228|0x000000008e400000, 0x000000008e400000, 0x000000008e500000|  0%| F|  |TAMS 0x000000008e400000, 0x000000008e400000| Untracked 
| 229|0x000000008e500000, 0x000000008e500000, 0x000000008e600000|  0%| F|  |TAMS 0x000000008e500000, 0x000000008e500000| Untracked 
| 230|0x000000008e600000, 0x000000008e600000, 0x000000008e700000|  0%| F|  |TAMS 0x000000008e600000, 0x000000008e600000| Untracked 
| 231|0x000000008e700000, 0x000000008e700000, 0x000000008e800000|  0%| F|  |TAMS 0x000000008e700000, 0x000000008e700000| Untracked 
| 232|0x000000008e800000, 0x000000008e800000, 0x000000008e900000|  0%| F|  |TAMS 0x000000008e800000, 0x000000008e800000| Untracked 
| 233|0x000000008e900000, 0x000000008e900000, 0x000000008ea00000|  0%| F|  |TAMS 0x000000008e900000, 0x000000008e900000| Untracked 
| 234|0x000000008ea00000, 0x000000008ea00000, 0x000000008eb00000|  0%| F|  |TAMS 0x000000008ea00000, 0x000000008ea00000| Untracked 
| 235|0x000000008eb00000, 0x000000008eb00000, 0x000000008ec00000|  0%| F|  |TAMS 0x000000008eb00000, 0x000000008eb00000| Untracked 
| 236|0x000000008ec00000, 0x000000008ec00000, 0x000000008ed00000|  0%| F|  |TAMS 0x000000008ec00000, 0x000000008ec00000| Untracked 
| 237|0x000000008ed00000, 0x000000008ed00000, 0x000000008ee00000|  0%| F|  |TAMS 0x000000008ed00000, 0x000000008ed00000| Untracked 
| 238|0x000000008ee00000, 0x000000008ee00000, 0x000000008ef00000|  0%| F|  |TAMS 0x000000008ee00000, 0x000000008ee00000| Untracked 
| 239|0x000000008ef00000, 0x000000008ef00000, 0x000000008f000000|  0%| F|  |TAMS 0x000000008ef00000, 0x000000008ef00000| Untracked 
| 240|0x000000008f000000, 0x000000008f000000, 0x000000008f100000|  0%| F|  |TAMS 0x000000008f000000, 0x000000008f000000| Untracked 
| 241|0x000000008f100000, 0x000000008f18f968, 0x000000008f200000| 56%| S|CS|TAMS 0x000000008f100000, 0x000000008f100000| Complete 
| 242|0x000000008f200000, 0x000000008f300000, 0x000000008f300000|100%| S|CS|TAMS 0x000000008f200000, 0x000000008f200000| Complete 
| 243|0x000000008f300000, 0x000000008f300000, 0x000000008f400000|  0%| F|  |TAMS 0x000000008f300000, 0x000000008f300000| Untracked 
| 244|0x000000008f400000, 0x000000008f400000, 0x000000008f500000|  0%| F|  |TAMS 0x000000008f400000, 0x000000008f400000| Untracked 
| 245|0x000000008f500000, 0x000000008f600000, 0x000000008f600000|100%| S|CS|TAMS 0x000000008f500000, 0x000000008f500000| Complete 
| 246|0x000000008f600000, 0x000000008f700000, 0x000000008f700000|100%| S|CS|TAMS 0x000000008f600000, 0x000000008f600000| Complete 
| 247|0x000000008f700000, 0x000000008f700000, 0x000000008f800000|  0%| F|  |TAMS 0x000000008f700000, 0x000000008f700000| Untracked 
| 248|0x000000008f800000, 0x000000008f800000, 0x000000008f900000|  0%| F|  |TAMS 0x000000008f800000, 0x000000008f800000| Untracked 
| 249|0x000000008f900000, 0x000000008f900000, 0x000000008fa00000|  0%| F|  |TAMS 0x000000008f900000, 0x000000008f900000| Untracked 
| 250|0x000000008fa00000, 0x000000008fa00000, 0x000000008fb00000|  0%| F|  |TAMS 0x000000008fa00000, 0x000000008fa00000| Untracked 
| 251|0x000000008fb00000, 0x000000008fb00000, 0x000000008fc00000|  0%| F|  |TAMS 0x000000008fb00000, 0x000000008fb00000| Untracked 
| 252|0x000000008fc00000, 0x000000008fc00000, 0x000000008fd00000|  0%| F|  |TAMS 0x000000008fc00000, 0x000000008fc00000| Untracked 
| 253|0x000000008fd00000, 0x000000008fd00000, 0x000000008fe00000|  0%| F|  |TAMS 0x000000008fd00000, 0x000000008fd00000| Untracked 
| 254|0x000000008fe00000, 0x000000008fe00000, 0x000000008ff00000|  0%| F|  |TAMS 0x000000008fe00000, 0x000000008fe00000| Untracked 
| 255|0x000000008ff00000, 0x000000008ff00000, 0x0000000090000000|  0%| F|  |TAMS 0x000000008ff00000, 0x000000008ff00000| Untracked 
| 256|0x0000000090000000, 0x0000000090000000, 0x0000000090100000|  0%| F|  |TAMS 0x0000000090000000, 0x0000000090000000| Untracked 
| 257|0x0000000090100000, 0x0000000090100000, 0x0000000090200000|  0%| F|  |TAMS 0x0000000090100000, 0x0000000090100000| Untracked 
| 258|0x0000000090200000, 0x0000000090200000, 0x0000000090300000|  0%| F|  |TAMS 0x0000000090200000, 0x0000000090200000| Untracked 
| 259|0x0000000090300000, 0x0000000090300000, 0x0000000090400000|  0%| F|  |TAMS 0x0000000090300000, 0x0000000090300000| Untracked 
| 260|0x0000000090400000, 0x0000000090400000, 0x0000000090500000|  0%| F|  |TAMS 0x0000000090400000, 0x0000000090400000| Untracked 
| 261|0x0000000090500000, 0x0000000090500000, 0x0000000090600000|  0%| F|  |TAMS 0x0000000090500000, 0x0000000090500000| Untracked 
| 262|0x0000000090600000, 0x0000000090600000, 0x0000000090700000|  0%| F|  |TAMS 0x0000000090600000, 0x0000000090600000| Untracked 
| 263|0x0000000090700000, 0x0000000090700000, 0x0000000090800000|  0%| F|  |TAMS 0x0000000090700000, 0x0000000090700000| Untracked 
| 264|0x0000000090800000, 0x0000000090800000, 0x0000000090900000|  0%| F|  |TAMS 0x0000000090800000, 0x0000000090800000| Untracked 
| 265|0x0000000090900000, 0x0000000090900000, 0x0000000090a00000|  0%| F|  |TAMS 0x0000000090900000, 0x0000000090900000| Untracked 
| 266|0x0000000090a00000, 0x0000000090a00000, 0x0000000090b00000|  0%| F|  |TAMS 0x0000000090a00000, 0x0000000090a00000| Untracked 
| 267|0x0000000090b00000, 0x0000000090b00000, 0x0000000090c00000|  0%| F|  |TAMS 0x0000000090b00000, 0x0000000090b00000| Untracked 
| 268|0x0000000090c00000, 0x0000000090c00000, 0x0000000090d00000|  0%| F|  |TAMS 0x0000000090c00000, 0x0000000090c00000| Untracked 
| 269|0x0000000090d00000, 0x0000000090d00000, 0x0000000090e00000|  0%| F|  |TAMS 0x0000000090d00000, 0x0000000090d00000| Untracked 
| 270|0x0000000090e00000, 0x0000000090e00000, 0x0000000090f00000|  0%| F|  |TAMS 0x0000000090e00000, 0x0000000090e00000| Untracked 
| 271|0x0000000090f00000, 0x0000000090f00000, 0x0000000091000000|  0%| F|  |TAMS 0x0000000090f00000, 0x0000000090f00000| Untracked 
| 272|0x0000000091000000, 0x0000000091000000, 0x0000000091100000|  0%| F|  |TAMS 0x0000000091000000, 0x0000000091000000| Untracked 
| 273|0x0000000091100000, 0x0000000091100000, 0x0000000091200000|  0%| F|  |TAMS 0x0000000091100000, 0x0000000091100000| Untracked 
| 274|0x0000000091200000, 0x0000000091200000, 0x0000000091300000|  0%| F|  |TAMS 0x0000000091200000, 0x0000000091200000| Untracked 
| 275|0x0000000091300000, 0x0000000091300000, 0x0000000091400000|  0%| F|  |TAMS 0x0000000091300000, 0x0000000091300000| Untracked 
| 276|0x0000000091400000, 0x0000000091400000, 0x0000000091500000|  0%| F|  |TAMS 0x0000000091400000, 0x0000000091400000| Untracked 
| 277|0x0000000091500000, 0x0000000091500000, 0x0000000091600000|  0%| F|  |TAMS 0x0000000091500000, 0x0000000091500000| Untracked 
| 278|0x0000000091600000, 0x0000000091600000, 0x0000000091700000|  0%| F|  |TAMS 0x0000000091600000, 0x0000000091600000| Untracked 
| 279|0x0000000091700000, 0x0000000091700000, 0x0000000091800000|  0%| F|  |TAMS 0x0000000091700000, 0x0000000091700000| Untracked 
| 280|0x0000000091800000, 0x0000000091800000, 0x0000000091900000|  0%| F|  |TAMS 0x0000000091800000, 0x0000000091800000| Untracked 
| 281|0x0000000091900000, 0x0000000091900000, 0x0000000091a00000|  0%| F|  |TAMS 0x0000000091900000, 0x0000000091900000| Untracked 

Card table byte_map: [0x00000183a1e30000,0x00000183a2230000] _byte_map_base: 0x00000183a1a30000

Marking Bits (Prev, Next): (CMBitMap*) 0x000001838ef7ef70, (CMBitMap*) 0x000001838ef7ef38
 Prev Bits: [0x00000183a4630000, 0x00000183a6630000)
 Next Bits: [0x00000183a2630000, 0x00000183a4630000)

Polling page: 0x000001838e720000

Metaspace:

Usage:
  Non-class:    115.03 MB capacity,   113.05 MB ( 98%) used,     1.60 MB (  1%) free+waste,   386.31 KB ( <1%) overhead. 
      Class:     17.44 MB capacity,    16.27 MB ( 93%) used,     1.01 MB (  6%) free+waste,   169.69 KB ( <1%) overhead. 
       Both:    132.47 MB capacity,   129.31 MB ( 98%) used,     2.62 MB (  2%) free+waste,   556.00 KB ( <1%) overhead. 

Virtual space:
  Non-class space:      116.00 MB reserved,     115.25 MB (>99%) committed 
      Class space:        1.00 GB reserved,      17.50 MB (  2%) committed 
             Both:        1.11 GB reserved,     132.75 MB ( 12%) committed 

Chunk freelists:
   Non-Class:  35.00 KB
       Class:  0 bytes
        Both:  35.00 KB

MaxMetaspaceSize: 17179869184.00 GB
CompressedClassSpaceSize: 1.00 GB

CodeHeap 'non-profiled nmethods': size=120064Kb used=12463Kb max_used=12910Kb free=107600Kb
 bounds [0x000001839a4f0000, 0x000001839b190000, 0x00000183a1a30000]
CodeHeap 'profiled nmethods': size=120000Kb used=42794Kb max_used=44839Kb free=77205Kb
 bounds [0x0000018392fc0000, 0x0000018395ba0000, 0x000001839a4f0000]
CodeHeap 'non-nmethods': size=5696Kb used=2381Kb max_used=2437Kb free=3314Kb
 bounds [0x0000018392a30000, 0x0000018392ca0000, 0x0000018392fc0000]
 total_blobs=19997 nmethods=18979 adapters=929
 compilation: enabled
              stopped_count=0, restarted_count=0
 full_count=0

Compilation events (20 events):
Event: 3361.673 Thread 0x00000183a8b3d000 20735       3       com.android.tools.r8.graph.f0$l::equals (34 bytes)
Event: 3361.673 Thread 0x00000183a8b3d000 nmethod 20735 0x000001839316a510 code [0x000001839316a6e0, 0x000001839316aa98]
Event: 3361.675 Thread 0x00000183a8b3d000 20737       3       com.android.tools.r8.graph.J$$Lambda$1725/0x0000000101163040::apply (8 bytes)
Event: 3361.675 Thread 0x00000183a8b3d000 nmethod 20737 0x000001839313bb90 code [0x000001839313bd40, 0x000001839313bf38]
Event: 3361.675 Thread 0x00000183a8b3d000 20738       3       com.android.tools.r8.internal.DE$$Lambda$1726/0x0000000101163440::apply (8 bytes)
Event: 3361.676 Thread 0x00000183a8b3d000 nmethod 20738 0x0000018393169810 code [0x0000018393169a40, 0x000001839316a268]
Event: 3361.676 Thread 0x00000183a8b3d000 20740       3       com.android.tools.r8.graph.J$$Lambda$1729/0x0000000101170040::apply (8 bytes)
Event: 3361.676 Thread 0x00000183a8b3d000 nmethod 20740 0x0000018393149710 code [0x00000183931498c0, 0x0000018393149ab8]
Event: 3361.690 Thread 0x00000183a8b3d000 20747       2       com.android.tools.r8.graph.G$c::a (10 bytes)
Event: 3361.690 Thread 0x00000183a8b3d000 nmethod 20747 0x0000018393169290 code [0x0000018393169460, 0x0000018393169688]
Event: 3361.690 Thread 0x00000183a8b3d000 20748       2       com.android.tools.r8.graph.G::a (32 bytes)
Event: 3361.691 Thread 0x00000183a8b3d000 nmethod 20748 0x0000018393168d90 code [0x0000018393168f80, 0x0000018393169138]
Event: 3361.732 Thread 0x00000183a8b3d000 20754       2       com.android.tools.r8.graph.f0$r::equals (12 bytes)
Event: 3361.732 Thread 0x00000183a8b3d000 nmethod 20754 0x0000018393122d90 code [0x0000018393122f40, 0x0000018393123098]
Event: 3361.751 Thread 0x00000183a8b3d000 20756       2       com.android.tools.r8.internal.DE$$Lambda$1727/0x0000000101162840::a (13 bytes)
Event: 3361.751 Thread 0x00000183a8b3d000 nmethod 20756 0x0000018393168910 code [0x0000018393168ae0, 0x0000018393168ca8]
Event: 3361.751 Thread 0x00000183a8b3d000 20757       2       com.android.tools.r8.internal.DE::a (49 bytes)
Event: 3361.751 Thread 0x00000183a8b3d000 nmethod 20757 0x0000018393168490 code [0x0000018393168660, 0x00000183931687f8]
Event: 3361.765 Thread 0x00000183a8b3c000 nmethod 20705 0x000001839a7a6a90 code [0x000001839a7a6e60, 0x000001839a7a9218]
Event: 3361.766 Thread 0x00000183a8b3c000 20720       4       com.android.tools.r8.internal.h8::a (80 bytes)

GC Heap History (20 events):
Event: 3354.444 GC heap after
{Heap after GC invocations=50 (full 0):
 garbage-first heap   total 227328K, used 129469K [0x0000000080000000, 0x0000000100000000)
  region size 1024K, 4 young (4096K), 4 survivors (4096K)
 Metaspace       used 124777K, capacity 127662K, committed 128000K, reserved 1161216K
  class space    used 15477K, capacity 16507K, committed 16640K, reserved 1048576K
}
Event: 3354.686 GC heap before
{Heap before GC invocations=50 (full 0):
 garbage-first heap   total 227328K, used 136637K [0x0000000080000000, 0x0000000100000000)
  region size 1024K, 11 young (11264K), 4 survivors (4096K)
 Metaspace       used 124842K, capacity 127671K, committed 128000K, reserved 1161216K
  class space    used 15486K, capacity 16510K, committed 16640K, reserved 1048576K
}
Event: 3354.709 GC heap after
{Heap after GC invocations=51 (full 0):
 garbage-first heap   total 227328K, used 118443K [0x0000000080000000, 0x0000000100000000)
  region size 1024K, 1 young (1024K), 1 survivors (1024K)
 Metaspace       used 124842K, capacity 127671K, committed 128000K, reserved 1161216K
  class space    used 15486K, capacity 16510K, committed 16640K, reserved 1048576K
}
Event: 3355.778 GC heap before
{Heap before GC invocations=51 (full 0):
 garbage-first heap   total 227328K, used 174763K [0x0000000080000000, 0x0000000100000000)
  region size 1024K, 58 young (59392K), 1 survivors (1024K)
 Metaspace       used 125895K, capacity 128783K, committed 129152K, reserved 1161216K
  class space    used 15600K, capacity 16645K, committed 16768K, reserved 1048576K
}
Event: 3355.791 GC heap after
{Heap after GC invocations=52 (full 0):
 garbage-first heap   total 227328K, used 121541K [0x0000000080000000, 0x0000000100000000)
  region size 1024K, 4 young (4096K), 4 survivors (4096K)
 Metaspace       used 125895K, capacity 128783K, committed 129152K, reserved 1161216K
  class space    used 15600K, capacity 16645K, committed 16768K, reserved 1048576K
}
Event: 3356.869 GC heap before
{Heap before GC invocations=53 (full 0):
 garbage-first heap   total 227328K, used 208581K [0x0000000080000000, 0x0000000100000000)
  region size 1024K, 65 young (66560K), 4 survivors (4096K)
 Metaspace       used 128193K, capacity 131162K, committed 131328K, reserved 1163264K
  class space    used 15980K, capacity 17072K, committed 17152K, reserved 1048576K
}
Event: 3356.910 GC heap after
{Heap after GC invocations=54 (full 0):
 garbage-first heap   total 233472K, used 158293K [0x0000000080000000, 0x0000000100000000)
  region size 1024K, 9 young (9216K), 9 survivors (9216K)
 Metaspace       used 128193K, capacity 131162K, committed 131328K, reserved 1163264K
  class space    used 15980K, capacity 17072K, committed 17152K, reserved 1048576K
}
Event: 3356.972 GC heap before
{Heap before GC invocations=54 (full 0):
 garbage-first heap   total 233472K, used 160341K [0x0000000080000000, 0x0000000100000000)
  region size 1024K, 11 young (11264K), 9 survivors (9216K)
 Metaspace       used 128766K, capacity 131770K, committed 132096K, reserved 1163264K
  class space    used 16189K, capacity 17296K, committed 17408K, reserved 1048576K
}
Event: 3356.998 GC heap after
{Heap after GC invocations=55 (full 0):
 garbage-first heap   total 233472K, used 154506K [0x0000000080000000, 0x0000000100000000)
  region size 1024K, 1 young (1024K), 1 survivors (1024K)
 Metaspace       used 128766K, capacity 131770K, committed 132096K, reserved 1163264K
  class space    used 16189K, capacity 17296K, committed 17408K, reserved 1048576K
}
Event: 3357.644 GC heap before
{Heap before GC invocations=55 (full 0):
 garbage-first heap   total 233472K, used 190346K [0x0000000080000000, 0x0000000100000000)
  region size 1024K, 37 young (37888K), 1 survivors (1024K)
 Metaspace       used 129705K, capacity 132692K, committed 132864K, reserved 1165312K
  class space    used 16297K, capacity 17408K, committed 17408K, reserved 1048576K
}
Event: 3357.673 GC heap after
{Heap after GC invocations=56 (full 0):
 garbage-first heap   total 233472K, used 171892K [0x0000000080000000, 0x0000000100000000)
  region size 1024K, 5 young (5120K), 5 survivors (5120K)
 Metaspace       used 129705K, capacity 132692K, committed 132864K, reserved 1165312K
  class space    used 16297K, capacity 17408K, committed 17408K, reserved 1048576K
}
Event: 3357.921 GC heap before
{Heap before GC invocations=56 (full 0):
 garbage-first heap   total 233472K, used 192372K [0x0000000080000000, 0x0000000100000000)
  region size 1024K, 25 young (25600K), 5 survivors (5120K)
 Metaspace       used 129713K, capacity 132692K, committed 132864K, reserved 1165312K
  class space    used 16297K, capacity 17408K, committed 17408K, reserved 1048576K
}
Event: 3357.953 GC heap after
{Heap after GC invocations=57 (full 0):
 garbage-first heap   total 288768K, used 182784K [0x0000000080000000, 0x0000000100000000)
  region size 1024K, 4 young (4096K), 4 survivors (4096K)
 Metaspace       used 129713K, capacity 132692K, committed 132864K, reserved 1165312K
  class space    used 16297K, capacity 17408K, committed 17408K, reserved 1048576K
}
Event: 3358.925 GC heap before
{Heap before GC invocations=58 (full 0):
 garbage-first heap   total 288768K, used 225792K [0x0000000080000000, 0x0000000100000000)
  region size 1024K, 47 young (48128K), 4 survivors (4096K)
 Metaspace       used 131489K, capacity 134638K, committed 134784K, reserved 1167360K
  class space    used 16555K, capacity 17730K, committed 17792K, reserved 1048576K
}
Event: 3358.958 GC heap after
{Heap after GC invocations=59 (full 0):
 garbage-first heap   total 288768K, used 197120K [0x0000000080000000, 0x0000000100000000)
  region size 1024K, 6 young (6144K), 6 survivors (6144K)
 Metaspace       used 131489K, capacity 134638K, committed 134784K, reserved 1167360K
  class space    used 16555K, capacity 17730K, committed 17792K, reserved 1048576K
}
Event: 3359.491 GC heap before
{Heap before GC invocations=59 (full 0):
 garbage-first heap   total 288768K, used 229888K [0x0000000080000000, 0x0000000100000000)
  region size 1024K, 39 young (39936K), 6 survivors (6144K)
 Metaspace       used 132008K, capacity 135198K, committed 135424K, reserved 1167360K
  class space    used 16614K, capacity 17802K, committed 17920K, reserved 1048576K
}
Event: 3359.515 GC heap after
{Heap after GC invocations=60 (full 0):
 garbage-first heap   total 288768K, used 202342K [0x0000000080000000, 0x0000000100000000)
  region size 1024K, 4 young (4096K), 4 survivors (4096K)
 Metaspace       used 132008K, capacity 135198K, committed 135424K, reserved 1167360K
  class space    used 16614K, capacity 17802K, committed 17920K, reserved 1048576K
}
Event: 3360.184 GC heap before
{Heap before GC invocations=60 (full 0):
 garbage-first heap   total 288768K, used 231014K [0x0000000080000000, 0x0000000100000000)
  region size 1024K, 36 young (36864K), 4 survivors (4096K)
 Metaspace       used 132008K, capacity 135175K, committed 135424K, reserved 1167360K
  class space    used 16609K, capacity 17792K, committed 17920K, reserved 1048576K
}
Event: 3360.213 GC heap after
{Heap after GC invocations=61 (full 0):
 garbage-first heap   total 288768K, used 201066K [0x0000000080000000, 0x0000000100000000)
  region size 1024K, 3 young (3072K), 3 survivors (3072K)
 Metaspace       used 132008K, capacity 135175K, committed 135424K, reserved 1167360K
  class space    used 16609K, capacity 17792K, committed 17920K, reserved 1048576K
}
Event: 3361.778 GC heap before
{Heap before GC invocations=62 (full 0):
 garbage-first heap   total 288768K, used 242026K [0x0000000080000000, 0x0000000100000000)
  region size 1024K, 37 young (37888K), 3 survivors (3072K)
 Metaspace       used 132416K, capacity 135651K, committed 135936K, reserved 1167360K
  class space    used 16656K, capacity 17862K, committed 17920K, reserved 1048576K
}

Deoptimization events (20 events):
Event: 3361.641 Thread 0x00000183acd4f000 Uncommon trap: trap_request=0xffffff4d fr.pc=0x000001839a6bd84c relative=0x000000000000068c
Event: 3361.641 Thread 0x00000183acd4f000 Uncommon trap: reason=unstable_if action=reinterpret pc=0x000001839a6bd84c method=com.android.tools.r8.internal.g8.b(Ljava/util/function/Function;Lcom/android/tools/r8/internal/BE$a;Lcom/android/tools/r8/internal/BE$b;)Lcom/android/tools/r8/internal/DE; @
Event: 3361.641 Thread 0x00000183acd4f000 DEOPT PACKING pc=0x000001839a6bd84c sp=0x0000005937dfe000
Event: 3361.641 Thread 0x00000183acd4f000 DEOPT UNPACKING pc=0x0000018392a578af sp=0x0000005937dfdfd0 mode 2
Event: 3361.642 Thread 0x00000183acd4f000 Uncommon trap: trap_request=0xffffff4d fr.pc=0x000001839a5cdc50 relative=0x00000000000003f0
Event: 3361.642 Thread 0x00000183acd4f000 Uncommon trap: reason=unstable_if action=reinterpret pc=0x000001839a5cdc50 method=com.android.tools.r8.internal.Kz.a(Ljava/lang/Object;I)I @ 224 c2
Event: 3361.642 Thread 0x00000183acd4f000 DEOPT PACKING pc=0x000001839a5cdc50 sp=0x0000005937dfe4d0
Event: 3361.642 Thread 0x00000183acd4f000 DEOPT UNPACKING pc=0x0000018392a578af sp=0x0000005937dfe4a0 mode 2
Event: 3361.642 Thread 0x00000183acd4f000 Uncommon trap: trap_request=0xffffffbe fr.pc=0x000001839a552b48 relative=0x0000000000000ac8
Event: 3361.642 Thread 0x00000183acd4f000 Uncommon trap: reason=profile_predicate action=maybe_recompile pc=0x000001839a552b48 method=com.android.tools.r8.internal.h8.a(Ljava/util/Iterator;Ljava/util/Iterator;Lcom/android/tools/r8/internal/BE$a;)I @ 5 c2
Event: 3361.642 Thread 0x00000183acd4f000 DEOPT PACKING pc=0x000001839a552b48 sp=0x0000005937dfdf80
Event: 3361.642 Thread 0x00000183acd4f000 DEOPT UNPACKING pc=0x0000018392a578af sp=0x0000005937dfdf68 mode 2
Event: 3361.642 Thread 0x00000183acd4f000 Uncommon trap: trap_request=0xffffffbe fr.pc=0x000001839a552b48 relative=0x0000000000000ac8
Event: 3361.642 Thread 0x00000183acd4f000 Uncommon trap: reason=profile_predicate action=maybe_recompile pc=0x000001839a552b48 method=com.android.tools.r8.internal.h8.a(Ljava/util/Iterator;Ljava/util/Iterator;Lcom/android/tools/r8/internal/BE$a;)I @ 5 c2
Event: 3361.642 Thread 0x00000183acd4f000 DEOPT PACKING pc=0x000001839a552b48 sp=0x0000005937dfdf80
Event: 3361.642 Thread 0x00000183acd4f000 DEOPT UNPACKING pc=0x0000018392a578af sp=0x0000005937dfdf68 mode 2
Event: 3361.642 Thread 0x00000183acd4f000 Uncommon trap: trap_request=0xffffffbe fr.pc=0x000001839a552b48 relative=0x0000000000000ac8
Event: 3361.642 Thread 0x00000183acd4f000 Uncommon trap: reason=profile_predicate action=maybe_recompile pc=0x000001839a552b48 method=com.android.tools.r8.internal.h8.a(Ljava/util/Iterator;Ljava/util/Iterator;Lcom/android/tools/r8/internal/BE$a;)I @ 5 c2
Event: 3361.642 Thread 0x00000183acd4f000 DEOPT PACKING pc=0x000001839a552b48 sp=0x0000005937dfdf80
Event: 3361.642 Thread 0x00000183acd4f000 DEOPT UNPACKING pc=0x0000018392a578af sp=0x0000005937dfdf48 mode 2

Classes redefined (0 events):
No events

Internal exceptions (20 events):
Event: 3355.635 Thread 0x00000183ac870800 Exception <a 'java/lang/NoSuchMethodError'{0x000000008a8d67f0}: 'java.lang.Object java.lang.invoke.DirectMethodHandle$Holder.invokeStatic(java.lang.Object, java.lang.Object, long)'> (0x000000008a8d67f0) thrown at [./src/hotspot/share/interpreter/linkResolver.cpp, line 773]
Event: 3355.636 Thread 0x00000183ac870800 Exception <a 'java/lang/NoSuchMethodError'{0x000000008a8dcd68}: 'java.lang.Object java.lang.invoke.Invokers$Holder.linkToTargetMethod(java.lang.Object, long, java.lang.Object)'> (0x000000008a8dcd68) thrown at [./src/hotspot/share/interpreter/linkResolver.cpp, line 773]
Event: 3355.983 Thread 0x00000183ac86d000 Exception <a 'sun/nio/fs/WindowsException'{0x000000008d962810}> (0x000000008d962810) thrown at [./src/hotspot/share/prims/jni.cpp, line 615]
Event: 3356.583 Thread 0x00000183acb7e800 Exception <a 'sun/nio/fs/WindowsException'{0x000000008b875730}> (0x000000008b875730) thrown at [./src/hotspot/share/prims/jni.cpp, line 615]
Event: 3356.583 Thread 0x00000183acb7e800 Exception <a 'sun/nio/fs/WindowsException'{0x000000008b876dc8}> (0x000000008b876dc8) thrown at [./src/hotspot/share/prims/jni.cpp, line 615]
Event: 3356.583 Thread 0x00000183acb7e800 Exception <a 'sun/nio/fs/WindowsException'{0x000000008b8770c0}> (0x000000008b8770c0) thrown at [./src/hotspot/share/prims/jni.cpp, line 615]
Event: 3356.641 Thread 0x00000183ac865000 Exception <a 'sun/nio/fs/WindowsException'{0x000000008ac42290}> (0x000000008ac42290) thrown at [./src/hotspot/share/prims/jni.cpp, line 615]
Event: 3356.641 Thread 0x00000183ac865000 Exception <a 'sun/nio/fs/WindowsException'{0x000000008ac43150}> (0x000000008ac43150) thrown at [./src/hotspot/share/prims/jni.cpp, line 615]
Event: 3356.840 Thread 0x00000183acd4d800 Exception <a 'java/lang/NoSuchMethodError'{0x0000000089d29b08}: 'java.lang.Object java.lang.invoke.DirectMethodHandle$Holder.newInvokeSpecial(java.lang.Object, int)'> (0x0000000089d29b08) thrown at [./src/hotspot/share/interpreter/linkResolver.cpp, line 773]
Event: 3357.016 Thread 0x00000183acd4d800 Exception <a 'java/lang/IncompatibleClassChangeError'{0x000000008dd88320}: Found class java.lang.Object, but interface was expected> (0x000000008dd88320) thrown at [./src/hotspot/share/interpreter/linkResolver.cpp, line 839]
Event: 3357.022 Thread 0x00000183acd50000 Exception <a 'java/lang/IncompatibleClassChangeError'{0x000000008ddcb810}: Found class java.lang.Object, but interface was expected> (0x000000008ddcb810) thrown at [./src/hotspot/share/interpreter/linkResolver.cpp, line 839]
Event: 3357.024 Thread 0x00000183acd50000 Exception <a 'java/lang/IncompatibleClassChangeError'{0x000000008ddd7868}: Found class java.lang.Object, but interface was expected> (0x000000008ddd7868) thrown at [./src/hotspot/share/interpreter/linkResolver.cpp, line 839]
Event: 3358.424 Thread 0x00000183ac86d000 Exception <a 'java/lang/NoSuchMethodError'{0x0000000090576128}: 'void java.lang.invoke.DirectMethodHandle$Holder.invokeStatic(java.lang.Object, java.lang.Object, java.lang.Object, int)'> (0x0000000090576128) thrown at [./src/hotspot/share/interpreter/linkResolver.cpp, line 773]
Event: 3358.426 Thread 0x00000183ac86d000 Exception <a 'java/lang/IncompatibleClassChangeError'{0x000000009057dde8}: Found class java.lang.Object, but interface was expected> (0x000000009057dde8) thrown at [./src/hotspot/share/interpreter/linkResolver.cpp, line 839]
Event: 3358.778 Thread 0x00000183ac86d000 Exception <a 'java/lang/NoSuchMethodError'{0x000000008f42cb50}: 'java.lang.Object java.lang.invoke.Invokers$Holder.linkToTargetMethod(java.lang.Object, int, java.lang.Object, java.lang.Object, java.lang.Object, java.lang.Object)'> (0x000000008f42cb50) thrown at [./src/hotspot/share/interpreter/linkResolver.cpp, line 773]
Event: 3358.779 Thread 0x00000183ac86d000 Exception <a 'java/lang/NoSuchMethodError'{0x000000008f4309f8}: 'void java.lang.invoke.DirectMethodHandle$Holder.invokeSpecial(java.lang.Object, java.lang.Object, java.lang.Object, java.lang.Object, java.lang.Object, java.lang.Object, java.lang.Object, java.lang.Object, java.lang.Object)'> (0x000000008f4309f8) thrown at [./src/hotspot/share/interpreter/linkResolver.cpp, line 773]
Event: 3358.788 Thread 0x00000183ac86d000 Exception <a 'java/lang/IncompatibleClassChangeError'{0x000000008f45bc40}: Found class java.lang.Object, but interface was expected> (0x000000008f45bc40) thrown at [./src/hotspot/share/interpreter/linkResolver.cpp, line 839]
Event: 3358.847 Thread 0x00000183ac86d000 Exception <a 'java/lang/NoSuchMethodError'{0x000000008f3731d8}: 'int java.lang.invoke.DirectMethodHandle$Holder.invokeSpecial(java.lang.Object, java.lang.Object, java.lang.Object, java.lang.Object, java.lang.Object, java.lang.Object)'> (0x000000008f3731d8) thrown at [./src/hotspot/share/interpreter/linkResolver.cpp, line 773]
Event: 3358.853 Thread 0x00000183ac86d000 Exception <a 'java/lang/NoSuchMethodError'{0x000000008f39b750}: 'void java.lang.invoke.DirectMethodHandle$Holder.invokeStatic(java.lang.Object, java.lang.Object, java.lang.Object, java.lang.Object, java.lang.Object, java.lang.Object, java.lang.Object, java.lang.Object)'> (0x000000008f39b750) thrown at [./src/hotspot/share/interpreter/linkResolver.cpp, line 773]
Event: 3360.406 Thread 0x00000183ac86d000 Exception <a 'java/lang/IncompatibleClassChangeError'{0x00000000913c6138}: Found class java.lang.Object, but interface was expected> (0x00000000913c6138) thrown at [./src/hotspot/share/interpreter/linkResolver.cpp, line 839]

Events (20 events):
Event: 3361.692 loading class com/android/tools/r8/internal/DE done
Event: 3361.692 loading class com/android/tools/r8/internal/DE
Event: 3361.692 loading class com/android/tools/r8/internal/DE done
Event: 3361.692 loading class com/android/tools/r8/internal/CE
Event: 3361.692 loading class com/android/tools/r8/internal/CE done
Event: 3361.692 loading class com/android/tools/r8/graph/G$j
Event: 3361.692 loading class com/android/tools/r8/graph/G$j done
Event: 3361.693 loading class com/android/tools/r8/graph/G$j
Event: 3361.693 loading class com/android/tools/r8/graph/G$j done
Event: 3361.693 loading class com/android/tools/r8/graph/G$j
Event: 3361.693 loading class com/android/tools/r8/graph/G$j done
Event: 3361.693 loading class com/android/tools/r8/graph/G$j
Event: 3361.693 loading class com/android/tools/r8/graph/G$j done
Event: 3361.693 loading class com/android/tools/r8/graph/G$j
Event: 3361.693 loading class com/android/tools/r8/graph/G$j done
Event: 3361.693 loading class com/android/tools/r8/graph/G$j
Event: 3361.693 loading class com/android/tools/r8/graph/G$j done
Event: 3361.694 loading class com/android/tools/r8/graph/G$j
Event: 3361.694 loading class com/android/tools/r8/graph/G$j done
Event: 3361.777 Executing VM operation: G1CollectForAllocation


Dynamic libraries:
0x00007ff74b830000 - 0x00007ff74b83a000 	C:\Program Files\Android\Android Studio\jre\bin\java.exe
0x00007ffd00270000 - 0x00007ffd00465000 	C:\Windows\SYSTEM32\ntdll.dll
0x00007ffcfe490000 - 0x00007ffcfe54e000 	C:\Windows\System32\KERNEL32.DLL
0x00007ffcfdc80000 - 0x00007ffcfdf48000 	C:\Windows\System32\KERNELBASE.dll
0x00007ffcfda20000 - 0x00007ffcfdb20000 	C:\Windows\System32\ucrtbase.dll
0x00007ffcdbb10000 - 0x00007ffcdbb27000 	C:\Program Files\Android\Android Studio\jre\bin\VCRUNTIME140.dll
0x00007ffcdb4e0000 - 0x00007ffcdb4f9000 	C:\Program Files\Android\Android Studio\jre\bin\jli.dll
0x00007ffcffec0000 - 0x00007ffd00061000 	C:\Windows\System32\USER32.dll
0x00007ffcfd9f0000 - 0x00007ffcfda12000 	C:\Windows\System32\win32u.dll
0x00007ffceb400000 - 0x00007ffceb69a000 	C:\Windows\WinSxS\amd64_microsoft.windows.common-controls_6595b64144ccf1df_6.0.19041.1110_none_60b5254171f9507e\COMCTL32.dll
0x00007ffcff8c0000 - 0x00007ffcff8eb000 	C:\Windows\System32\GDI32.dll
0x00007ffcfe1b0000 - 0x00007ffcfe2bb000 	C:\Windows\System32\gdi32full.dll
0x00007ffcfdb50000 - 0x00007ffcfdbed000 	C:\Windows\System32\msvcp_win.dll
0x00007ffcfe320000 - 0x00007ffcfe3be000 	C:\Windows\System32\msvcrt.dll
0x00007ffd00200000 - 0x00007ffd00230000 	C:\Windows\System32\IMM32.DLL
0x00007ffccc650000 - 0x00007ffccc6ed000 	C:\Program Files\Android\Android Studio\jre\bin\msvcp140.dll
0x00007ffcabdb0000 - 0x00007ffcac87f000 	C:\Program Files\Android\Android Studio\jre\bin\server\jvm.dll
0x00007ffcff8f0000 - 0x00007ffcff99c000 	C:\Windows\System32\ADVAPI32.dll
0x00007ffcffd90000 - 0x00007ffcffe2b000 	C:\Windows\System32\sechost.dll
0x00007ffcff2f0000 - 0x00007ffcff41a000 	C:\Windows\System32\RPCRT4.dll
0x00007ffcff9a0000 - 0x00007ffcff9a8000 	C:\Windows\System32\PSAPI.DLL
0x00007ffcf1df0000 - 0x00007ffcf1df9000 	C:\Windows\SYSTEM32\WSOCK32.dll
0x00007ffce6e40000 - 0x00007ffce6e67000 	C:\Windows\SYSTEM32\WINMM.dll
0x00007ffcf7f50000 - 0x00007ffcf7f5a000 	C:\Windows\SYSTEM32\VERSION.dll
0x00007ffcfe550000 - 0x00007ffcfe5bb000 	C:\Windows\System32\WS2_32.dll
0x00007ffcfc260000 - 0x00007ffcfc272000 	C:\Windows\SYSTEM32\kernel.appcore.dll
0x00007ffcf4d70000 - 0x00007ffcf4d81000 	C:\Program Files\Android\Android Studio\jre\bin\verify.dll
0x00007ffcfb780000 - 0x00007ffcfb964000 	C:\Windows\SYSTEM32\DBGHELP.DLL
0x00007ffcf5fb0000 - 0x00007ffcf5fdc000 	C:\Windows\SYSTEM32\dbgcore.DLL
0x00007ffcfdbf0000 - 0x00007ffcfdc73000 	C:\Windows\System32\bcryptPrimitives.dll
0x00007ffcd26d0000 - 0x00007ffcd26f9000 	C:\Program Files\Android\Android Studio\jre\bin\java.dll
0x00007ffcf7950000 - 0x00007ffcf795b000 	C:\Program Files\Android\Android Studio\jre\bin\jimage.dll
0x00007ffce9d50000 - 0x00007ffce9d68000 	C:\Program Files\Android\Android Studio\jre\bin\zip.dll
0x00007ffcfebb0000 - 0x00007ffcff2ef000 	C:\Windows\System32\SHELL32.dll
0x00007ffcfb970000 - 0x00007ffcfc100000 	C:\Windows\SYSTEM32\windows.storage.dll
0x00007ffcfe5c0000 - 0x00007ffcfe915000 	C:\Windows\System32\combase.dll
0x00007ffcfd310000 - 0x00007ffcfd33e000 	C:\Windows\SYSTEM32\Wldp.dll
0x00007ffcfe920000 - 0x00007ffcfe9cd000 	C:\Windows\System32\SHCORE.dll
0x00007ffcfea30000 - 0x00007ffcfea85000 	C:\Windows\System32\shlwapi.dll
0x00007ffcfd8d0000 - 0x00007ffcfd8ef000 	C:\Windows\SYSTEM32\profapi.dll
0x00007ffce7e70000 - 0x00007ffce7e8a000 	C:\Program Files\Android\Android Studio\jre\bin\net.dll
0x00007ffcf3950000 - 0x00007ffcf3a5c000 	C:\Windows\SYSTEM32\WINHTTP.dll
0x00007ffcfd070000 - 0x00007ffcfd0da000 	C:\Windows\system32\mswsock.dll
0x00007ffce3710000 - 0x00007ffce3724000 	C:\Program Files\Android\Android Studio\jre\bin\nio.dll
0x00007ffccdf60000 - 0x00007ffccdf87000 	C:\Users\usuario\.gradle\native\8bec1ad78214c89d9ad589b4d07fe93259594b29d510b10fafb7a158f7737e5d\windows-amd64\native-platform.dll
0x00007ffccb9f0000 - 0x00007ffccbb2d000 	C:\Users\usuario\.gradle\native\53dbd7edfb1c66fb8903c78663c9afc45aea4f116125fa6feffd364cf09443e8\windows-amd64\native-platform-file-events.dll
0x00007ffcf69d0000 - 0x00007ffcf69da000 	C:\Program Files\Android\Android Studio\jre\bin\management.dll
0x00007ffced270000 - 0x00007ffced27c000 	C:\Program Files\Android\Android Studio\jre\bin\management_ext.dll
0x00007ffcfd260000 - 0x00007ffcfd278000 	C:\Windows\SYSTEM32\CRYPTSP.dll
0x00007ffcfc9f0000 - 0x00007ffcfca24000 	C:\Windows\system32\rsaenh.dll
0x00007ffcfdb20000 - 0x00007ffcfdb47000 	C:\Windows\System32\bcrypt.dll
0x00007ffcfd850000 - 0x00007ffcfd87e000 	C:\Windows\SYSTEM32\USERENV.dll
0x00007ffcfd280000 - 0x00007ffcfd28c000 	C:\Windows\SYSTEM32\CRYPTBASE.dll
0x00007ffcfcd60000 - 0x00007ffcfcd9b000 	C:\Windows\SYSTEM32\IPHLPAPI.DLL
0x00007ffcffe30000 - 0x00007ffcffe38000 	C:\Windows\System32\NSI.dll
0x00007ffcf4c00000 - 0x00007ffcf4c17000 	C:\Windows\SYSTEM32\dhcpcsvc6.DLL
0x00007ffcf5660000 - 0x00007ffcf567d000 	C:\Windows\SYSTEM32\dhcpcsvc.DLL
0x00007ffcfcda0000 - 0x00007ffcfce6b000 	C:\Windows\SYSTEM32\DNSAPI.dll
0x00007ffcd26a0000 - 0x00007ffcd26c7000 	C:\Program Files\Android\Android Studio\jre\bin\sunec.dll
0x00007ffcf37c0000 - 0x00007ffcf37ca000 	C:\Windows\System32\rasadhlp.dll
0x00007ffcf3800000 - 0x00007ffcf387f000 	C:\Windows\System32\fwpuclnt.dll

dbghelp: loaded successfully - version: 4.0.5 - missing functions: none
symbol engine: initialized successfully - sym options: 0x614 - pdb path: .;C:\Program Files\Android\Android Studio\jre\bin;C:\Windows\SYSTEM32;C:\Windows\WinSxS\amd64_microsoft.windows.common-controls_6595b64144ccf1df_6.0.19041.1110_none_60b5254171f9507e;C:\Program Files\Android\Android Studio\jre\bin\server;C:\Users\usuario\.gradle\native\8bec1ad78214c89d9ad589b4d07fe93259594b29d510b10fafb7a158f7737e5d\windows-amd64;C:\Users\usuario\.gradle\native\53dbd7edfb1c66fb8903c78663c9afc45aea4f116125fa6feffd364cf09443e8\windows-amd64

VM Arguments:
jvm_args: --add-opens=java.base/java.util=ALL-UNNAMED --add-opens=java.base/java.lang=ALL-UNNAMED --add-opens=java.base/java.lang.invoke=ALL-UNNAMED --add-opens=java.base/java.util=ALL-UNNAMED --add-opens=java.prefs/java.util.prefs=ALL-UNNAMED --add-opens=java.prefs/java.util.prefs=ALL-UNNAMED --add-opens=java.base/java.nio.charset=ALL-UNNAMED --add-opens=java.base/java.net=ALL-UNNAMED --add-opens=java.base/java.util.concurrent.atomic=ALL-UNNAMED -Xmx2048m -Dfile.encoding=UTF-8 -Duser.country=BR -Duser.language=pt -Duser.variant 
java_command: org.gradle.launcher.daemon.bootstrap.GradleDaemon 7.0.2
java_class_path (initial): C:\Users\usuario\.gradle\wrapper\dists\gradle-7.0.2-bin\857tjihv64xamwrf0h14cai3r\gradle-7.0.2\lib\gradle-launcher-7.0.2.jar
Launcher Type: SUN_STANDARD

[Global flags]
     intx CICompilerCount                          = 3                                         {product} {ergonomic}
     uint ConcGCThreads                            = 1                                         {product} {ergonomic}
     uint G1ConcRefinementThreads                  = 4                                         {product} {ergonomic}
   size_t G1HeapRegionSize                         = 1048576                                   {product} {ergonomic}
    uintx GCDrainStackTargetSize                   = 64                                        {product} {ergonomic}
   size_t InitialHeapSize                          = 134217728                                 {product} {ergonomic}
   size_t MarkStackSize                            = 4194304                                   {product} {ergonomic}
   size_t MaxHeapSize                              = 2147483648                                {product} {command line}
   size_t MaxNewSize                               = 1287651328                                {product} {ergonomic}
   size_t MinHeapDeltaBytes                        = 1048576                                   {product} {ergonomic}
    uintx NonNMethodCodeHeapSize                   = 5830732                                {pd product} {ergonomic}
    uintx NonProfiledCodeHeapSize                  = 122913754                              {pd product} {ergonomic}
    uintx ProfiledCodeHeapSize                     = 122913754                              {pd product} {ergonomic}
    uintx ReservedCodeCacheSize                    = 251658240                              {pd product} {ergonomic}
     bool SegmentedCodeCache                       = true                                      {product} {ergonomic}
     bool UseCompressedClassPointers               = true                                 {lp64_product} {ergonomic}
     bool UseCompressedOops                        = true                                 {lp64_product} {ergonomic}
     bool UseG1GC                                  = true                                      {product} {ergonomic}
     bool UseLargePagesIndividualAllocation        = false                                  {pd product} {ergonomic}

Logging:
Log output configuration:
 #0: stdout all=warning uptime,level,tags
 #1: stderr all=off uptime,level,tags

Environment Variables:
JAVA_HOME=C:\Program Files\Zulu\zulu-8\
PATH=C:\Program Files\Zulu\zulu-8\bin\;C:\Windows\system32;C:\Windows;C:\Windows\System32\Wbem;C:\Windows\System32\WindowsPowerShell\v1.0\;C:\Windows\System32\OpenSSH\;C:\Program Files (x86)\Intel\Intel(R) Management Engine Components\DAL;C:\Program Files\Intel\Intel(R) Management Engine Components\DAL;C:\ProgramData\UNIVALI\Portugol Studio;C:\Program Files\Git\cmd;C:\Program Files\Microsoft SQL Server\150\Tools\Binn\;C:\Program Files\Microsoft SQL Server\Client SDK\ODBC\170\Tools\Binn\;C:\Program Files\dotnet\;C:\Users\usuario\AppData\Local\Microsoft\WindowsApps;C:\Users\usuario\.dotnet\tools;C:\Users\usuario\AppData\Local\Programs\Microsoft VS Code\bin
USERNAME=usuario
OS=Windows_NT
PROCESSOR_IDENTIFIER=Intel64 Family 6 Model 78 Stepping 3, GenuineIntel



---------------  S Y S T E M  ---------------

OS: Windows 10 , 64 bit Build 19041 (10.0.19041.1348)
OS uptime: 6 days 20:48 hours

CPU:total 4 (initial active 4) (2 cores per cpu, 2 threads per core) family 6 model 78 stepping 3 microcode 0xcc, cmov, cx8, fxsr, mmx, sse, sse2, sse3, ssse3, sse4.1, sse4.2, popcnt, avx, avx2, aes, clmul, erms, 3dnowpref, lzcnt, ht, tsc, tscinvbit, bmi1, bmi2, adx, fma

Memory: 4k page, system-wide physical 8083M (485M free)
TotalPageFile size 12179M (AvailPageFile size 40M)
current process WorkingSet (physical memory assigned to process): 557M, peak: 562M
current process commit charge ("private bytes"): 668M, peak: 734M

vm_info: OpenJDK 64-Bit Server VM (11.0.10+0-b96-7249189) for windows-amd64 JRE (11.0.10+0-b96-7249189), built on Mar 31 2021 21:44:00 by "builder" with MS VC++ 14.0 (VS2015)

END.
