#
# There is insufficient memory for the Java Runtime Environment to continue.
# Native memory allocation (malloc) failed to allocate 976816 bytes for Chunk::new
# Possible reasons:
#   The system is out of physical RAM or swap space
#   The process is running with CompressedOops enabled, and the Java Heap may be blocking the growth of the native heap
# Possible solutions:
#   Reduce memory load on the system
#   Increase physical memory or swap space
#   Check if swap backing store is full
#   Decrease Java heap size (-Xmx/-Xms)
#   Decrease number of Java threads
#   Decrease Java thread stack sizes (-Xss)
#   Set larger code cache with -XX:ReservedCodeCacheSize=
#   JVM is running with Unscaled Compressed Oops mode in which the Java heap is
#     placed in the first 4GB address space. The Java Heap base address is the
#     maximum limit for the native heap growth. Please use -XX:HeapBaseMinAddress
#     to set the Java Heap base and to place the Java Heap above 4GB virtual address.
# This output file may be truncated or incomplete.
#
#  Out of Memory Error (./src/hotspot/share/memory/arena.cpp:197), pid=8172, tid=8408
#
# JRE version: OpenJDK Runtime Environment (11.0.10) (build 11.0.10+0-b96-7249189)
# Java VM: OpenJDK 64-Bit Server VM (11.0.10+0-b96-7249189, mixed mode, tiered, compressed oops, g1 gc, windows-amd64)
# No core dump will be written. Minidumps are not enabled by default on client versions of Windows
#

---------------  S U M M A R Y ------------

Command Line: org.jetbrains.kotlin.cli.jvm.K2JVMCompiler @C:\Users\usuario\AndroidStudioProjects\InterAcao\app\build\20211203_13980407677563172747.compiler.options

Host: Intel(R) Core(TM) i5-6200U CPU @ 2.30GHz, 4 cores, 7G,  Windows 10 , 64 bit Build 19041 (10.0.19041.1348)
Time: Fri Dec  3 23:01:25 2021 Hora oficial do Brasil elapsed time: 3.345471 seconds (0d 0h 0m 3s)

---------------  T H R E A D  ---------------

Current thread (0x00000192fd40a000):  JavaThread "C2 CompilerThread0" daemon [_thread_in_native, id=8408, stack(0x0000006329c00000,0x0000006329d00000)]


Current CompileTask:
C2:   3345 1987   !   4       jdk.internal.loader.BuiltinClassLoader::loadClassOrNull (143 bytes)

Stack: [0x0000006329c00000,0x0000006329d00000]
Native frames: (J=compiled Java code, j=interpreted, Vv=VM code, C=native code)
V  [jvm.dll+0x5ecfaa]
V  [jvm.dll+0x722bd5]
V  [jvm.dll+0x72412d]
V  [jvm.dll+0x7247e3]
V  [jvm.dll+0x242928]
V  [jvm.dll+0xbc4fc]
V  [jvm.dll+0xbca0c]
V  [jvm.dll+0x2b4fd4]
V  [jvm.dll+0x506028]
V  [jvm.dll+0x203253]
V  [jvm.dll+0x1fd07c]
V  [jvm.dll+0x1fa77f]
V  [jvm.dll+0x18354c]
V  [jvm.dll+0x208ee7]
V  [jvm.dll+0x207731]
V  [jvm.dll+0x6eb1cf]
V  [jvm.dll+0x6e3d45]
V  [jvm.dll+0x5ebe96]
C  [ucrtbase.dll+0x21bb2]
C  [KERNEL32.DLL+0x17034]
C  [ntdll.dll+0x52651]


---------------  P R O C E S S  ---------------

Threads class SMR info:
_java_thread_list=0x00000192fde9c3f0, length=10, elements={
0x00000192e1929800, 0x00000192fd3e7000, 0x00000192fd3f1000, 0x00000192fd401800,
0x00000192fd404000, 0x00000192fd405800, 0x00000192fd40a000, 0x00000192fd411800,
0x00000192fd413000, 0x00000192fded4000
}

Java Threads: ( => current thread )
  0x00000192e1929800 JavaThread "main" [_thread_in_vm, id=4036, stack(0x0000006329000000,0x0000006329100000)]
  0x00000192fd3e7000 JavaThread "Reference Handler" daemon [_thread_blocked, id=7488, stack(0x0000006329700000,0x0000006329800000)]
  0x00000192fd3f1000 JavaThread "Finalizer" daemon [_thread_blocked, id=10116, stack(0x0000006329800000,0x0000006329900000)]
  0x00000192fd401800 JavaThread "Signal Dispatcher" daemon [_thread_blocked, id=4396, stack(0x0000006329900000,0x0000006329a00000)]
  0x00000192fd404000 JavaThread "Attach Listener" daemon [_thread_blocked, id=10076, stack(0x0000006329a00000,0x0000006329b00000)]
  0x00000192fd405800 JavaThread "Service Thread" daemon [_thread_blocked, id=9476, stack(0x0000006329b00000,0x0000006329c00000)]
=>0x00000192fd40a000 JavaThread "C2 CompilerThread0" daemon [_thread_in_native, id=8408, stack(0x0000006329c00000,0x0000006329d00000)]
  0x00000192fd411800 JavaThread "C1 CompilerThread0" daemon [_thread_blocked, id=2100, stack(0x0000006329d00000,0x0000006329e00000)]
  0x00000192fd413000 JavaThread "Sweeper thread" daemon [_thread_blocked, id=2916, stack(0x0000006329e00000,0x0000006329f00000)]
  0x00000192fded4000 JavaThread "Common-Cleaner" daemon [_thread_blocked, id=7932, stack(0x000000632a000000,0x000000632a100000)]

Other Threads:
  0x00000192fd3c0800 VMThread "VM Thread" [stack: 0x0000006329600000,0x0000006329700000] [id=7708]
  0x00000192fdecc000 WatcherThread [stack: 0x0000006329f00000,0x000000632a000000] [id=9764]
  0x00000192e1942800 GCTaskThread "GC Thread#0" [stack: 0x0000006329100000,0x0000006329200000] [id=5704]
  0x00000192fe34e000 GCTaskThread "GC Thread#1" [stack: 0x000000632a100000,0x000000632a200000] [id=2216]
  0x00000192fe3d8000 GCTaskThread "GC Thread#2" [stack: 0x000000632a200000,0x000000632a300000] [id=7700]
  0x00000192e1974000 ConcurrentGCThread "G1 Main Marker" [stack: 0x0000006329200000,0x0000006329300000] [id=2264]
  0x00000192e1976800 ConcurrentGCThread "G1 Conc#0" [stack: 0x0000006329300000,0x0000006329400000] [id=7084]
  0x00000192e1a09000 ConcurrentGCThread "G1 Refine#0" [stack: 0x0000006329400000,0x0000006329500000] [id=7652]
  0x00000192e1a0a000 ConcurrentGCThread "G1 Young RemSet Sampling" [stack: 0x0000006329500000,0x0000006329600000] [id=5304]

Threads with active compile tasks:
C2 CompilerThread0   3386 1987   !   4       jdk.internal.loader.BuiltinClassLoader::loadClassOrNull (143 bytes)

VM state:not at safepoint (normal execution)

VM Mutex/Monitor currently owned by a thread: None

Heap address: 0x0000000081a00000, size: 2022 MB, Compressed Oops mode: 32-bit
Narrow klass base: 0x0000000000000000, Narrow klass shift: 3
Compressed class space size: 1073741824 Address: 0x0000000100000000

Heap:
 garbage-first heap   total 131072K, used 28564K [0x0000000081a00000, 0x0000000100000000)
  region size 1024K, 23 young (23552K), 6 survivors (6144K)
 Metaspace       used 25500K, capacity 25922K, committed 26160K, reserved 1073152K
  class space    used 2766K, capacity 2929K, committed 2944K, reserved 1048576K
Heap Regions: E=young(eden), S=young(survivor), O=old, HS=humongous(starts), HC=humongous(continues), CS=collection set, F=free, A=archive, TAMS=top-at-mark-start (previous, next)
|   0|0x0000000081a00000, 0x0000000081b00000, 0x0000000081b00000|100%|HS|  |TAMS 0x0000000081b00000, 0x0000000081a00000| Complete 
|   1|0x0000000081b00000, 0x0000000081c00000, 0x0000000081c00000|100%|HC|  |TAMS 0x0000000081c00000, 0x0000000081b00000| Complete 
|   2|0x0000000081c00000, 0x0000000081d00000, 0x0000000081d00000|100%|HC|  |TAMS 0x0000000081d00000, 0x0000000081c00000| Complete 
|   3|0x0000000081d00000, 0x0000000081d00000, 0x0000000081e00000|  0%| F|  |TAMS 0x0000000081d00000, 0x0000000081d00000| Untracked 
|   4|0x0000000081e00000, 0x0000000081e1d600, 0x0000000081f00000| 11%| O|  |TAMS 0x0000000081e1d600, 0x0000000081e00000| Untracked 
|   5|0x0000000081f00000, 0x0000000082000000, 0x0000000082000000|100%|HS|  |TAMS 0x0000000081f00000, 0x0000000081f00000| Complete 
|   6|0x0000000082000000, 0x0000000082100000, 0x0000000082100000|100%|HC|  |TAMS 0x0000000082000000, 0x0000000082000000| Complete 
|   7|0x0000000082100000, 0x0000000082200000, 0x0000000082200000|100%|HC|  |TAMS 0x0000000082100000, 0x0000000082100000| Complete 
|   8|0x0000000082200000, 0x0000000082200000, 0x0000000082300000|  0%| F|  |TAMS 0x0000000082200000, 0x0000000082200000| Untracked 
|   9|0x0000000082300000, 0x0000000082300000, 0x0000000082400000|  0%| F|  |TAMS 0x0000000082300000, 0x0000000082300000| Untracked 
|  10|0x0000000082400000, 0x0000000082400000, 0x0000000082500000|  0%| F|  |TAMS 0x0000000082400000, 0x0000000082400000| Untracked 
|  11|0x0000000082500000, 0x0000000082500000, 0x0000000082600000|  0%| F|  |TAMS 0x0000000082500000, 0x0000000082500000| Untracked 
|  12|0x0000000082600000, 0x0000000082600000, 0x0000000082700000|  0%| F|  |TAMS 0x0000000082600000, 0x0000000082600000| Untracked 
|  13|0x0000000082700000, 0x0000000082700000, 0x0000000082800000|  0%| F|  |TAMS 0x0000000082700000, 0x0000000082700000| Untracked 
|  14|0x0000000082800000, 0x0000000082800000, 0x0000000082900000|  0%| F|  |TAMS 0x0000000082800000, 0x0000000082800000| Untracked 
|  15|0x0000000082900000, 0x0000000082900000, 0x0000000082a00000|  0%| F|  |TAMS 0x0000000082900000, 0x0000000082900000| Untracked 
|  16|0x0000000082a00000, 0x0000000082a00000, 0x0000000082b00000|  0%| F|  |TAMS 0x0000000082a00000, 0x0000000082a00000| Untracked 
|  17|0x0000000082b00000, 0x0000000082b00000, 0x0000000082c00000|  0%| F|  |TAMS 0x0000000082b00000, 0x0000000082b00000| Untracked 
|  18|0x0000000082c00000, 0x0000000082c00000, 0x0000000082d00000|  0%| F|  |TAMS 0x0000000082c00000, 0x0000000082c00000| Untracked 
|  19|0x0000000082d00000, 0x0000000082d00000, 0x0000000082e00000|  0%| F|  |TAMS 0x0000000082d00000, 0x0000000082d00000| Untracked 
|  20|0x0000000082e00000, 0x0000000082e00000, 0x0000000082f00000|  0%| F|  |TAMS 0x0000000082e00000, 0x0000000082e00000| Untracked 
|  21|0x0000000082f00000, 0x0000000082f00000, 0x0000000083000000|  0%| F|  |TAMS 0x0000000082f00000, 0x0000000082f00000| Untracked 
|  22|0x0000000083000000, 0x0000000083000000, 0x0000000083100000|  0%| F|  |TAMS 0x0000000083000000, 0x0000000083000000| Untracked 
|  23|0x0000000083100000, 0x0000000083100000, 0x0000000083200000|  0%| F|  |TAMS 0x0000000083100000, 0x0000000083100000| Untracked 
|  24|0x0000000083200000, 0x0000000083200000, 0x0000000083300000|  0%| F|  |TAMS 0x0000000083200000, 0x0000000083200000| Untracked 
|  25|0x0000000083300000, 0x0000000083300000, 0x0000000083400000|  0%| F|  |TAMS 0x0000000083300000, 0x0000000083300000| Untracked 
|  26|0x0000000083400000, 0x0000000083400000, 0x0000000083500000|  0%| F|  |TAMS 0x0000000083400000, 0x0000000083400000| Untracked 
|  27|0x0000000083500000, 0x0000000083500000, 0x0000000083600000|  0%| F|  |TAMS 0x0000000083500000, 0x0000000083500000| Untracked 
|  28|0x0000000083600000, 0x0000000083600000, 0x0000000083700000|  0%| F|  |TAMS 0x0000000083600000, 0x0000000083600000| Untracked 
|  29|0x0000000083700000, 0x0000000083700000, 0x0000000083800000|  0%| F|  |TAMS 0x0000000083700000, 0x0000000083700000| Untracked 
|  30|0x0000000083800000, 0x0000000083800000, 0x0000000083900000|  0%| F|  |TAMS 0x0000000083800000, 0x0000000083800000| Untracked 
|  31|0x0000000083900000, 0x0000000083900000, 0x0000000083a00000|  0%| F|  |TAMS 0x0000000083900000, 0x0000000083900000| Untracked 
|  32|0x0000000083a00000, 0x0000000083a00000, 0x0000000083b00000|  0%| F|  |TAMS 0x0000000083a00000, 0x0000000083a00000| Untracked 
|  33|0x0000000083b00000, 0x0000000083b00000, 0x0000000083c00000|  0%| F|  |TAMS 0x0000000083b00000, 0x0000000083b00000| Untracked 
|  34|0x0000000083c00000, 0x0000000083c00000, 0x0000000083d00000|  0%| F|  |TAMS 0x0000000083c00000, 0x0000000083c00000| Untracked 
|  35|0x0000000083d00000, 0x0000000083d00000, 0x0000000083e00000|  0%| F|  |TAMS 0x0000000083d00000, 0x0000000083d00000| Untracked 
|  36|0x0000000083e00000, 0x0000000083e00000, 0x0000000083f00000|  0%| F|  |TAMS 0x0000000083e00000, 0x0000000083e00000| Untracked 
|  37|0x0000000083f00000, 0x0000000083f00000, 0x0000000084000000|  0%| F|  |TAMS 0x0000000083f00000, 0x0000000083f00000| Untracked 
|  38|0x0000000084000000, 0x0000000084000000, 0x0000000084100000|  0%| F|  |TAMS 0x0000000084000000, 0x0000000084000000| Untracked 
|  39|0x0000000084100000, 0x0000000084100000, 0x0000000084200000|  0%| F|  |TAMS 0x0000000084100000, 0x0000000084100000| Untracked 
|  40|0x0000000084200000, 0x0000000084200000, 0x0000000084300000|  0%| F|  |TAMS 0x0000000084200000, 0x0000000084200000| Untracked 
|  41|0x0000000084300000, 0x0000000084300000, 0x0000000084400000|  0%| F|  |TAMS 0x0000000084300000, 0x0000000084300000| Untracked 
|  42|0x0000000084400000, 0x0000000084400000, 0x0000000084500000|  0%| F|  |TAMS 0x0000000084400000, 0x0000000084400000| Untracked 
|  43|0x0000000084500000, 0x0000000084500000, 0x0000000084600000|  0%| F|  |TAMS 0x0000000084500000, 0x0000000084500000| Untracked 
|  44|0x0000000084600000, 0x0000000084600000, 0x0000000084700000|  0%| F|  |TAMS 0x0000000084600000, 0x0000000084600000| Untracked 
|  45|0x0000000084700000, 0x0000000084700000, 0x0000000084800000|  0%| F|  |TAMS 0x0000000084700000, 0x0000000084700000| Untracked 
|  46|0x0000000084800000, 0x0000000084800000, 0x0000000084900000|  0%| F|  |TAMS 0x0000000084800000, 0x0000000084800000| Untracked 
|  47|0x0000000084900000, 0x0000000084900000, 0x0000000084a00000|  0%| F|  |TAMS 0x0000000084900000, 0x0000000084900000| Untracked 
|  48|0x0000000084a00000, 0x0000000084a00000, 0x0000000084b00000|  0%| F|  |TAMS 0x0000000084a00000, 0x0000000084a00000| Untracked 
|  49|0x0000000084b00000, 0x0000000084b00000, 0x0000000084c00000|  0%| F|  |TAMS 0x0000000084b00000, 0x0000000084b00000| Untracked 
|  50|0x0000000084c00000, 0x0000000084c00000, 0x0000000084d00000|  0%| F|  |TAMS 0x0000000084c00000, 0x0000000084c00000| Untracked 
|  51|0x0000000084d00000, 0x0000000084d00000, 0x0000000084e00000|  0%| F|  |TAMS 0x0000000084d00000, 0x0000000084d00000| Untracked 
|  52|0x0000000084e00000, 0x0000000084e00000, 0x0000000084f00000|  0%| F|  |TAMS 0x0000000084e00000, 0x0000000084e00000| Untracked 
|  53|0x0000000084f00000, 0x0000000084f00000, 0x0000000085000000|  0%| F|  |TAMS 0x0000000084f00000, 0x0000000084f00000| Untracked 
|  54|0x0000000085000000, 0x0000000085000000, 0x0000000085100000|  0%| F|  |TAMS 0x0000000085000000, 0x0000000085000000| Untracked 
|  55|0x0000000085100000, 0x0000000085100000, 0x0000000085200000|  0%| F|  |TAMS 0x0000000085100000, 0x0000000085100000| Untracked 
|  56|0x0000000085200000, 0x0000000085200000, 0x0000000085300000|  0%| F|  |TAMS 0x0000000085200000, 0x0000000085200000| Untracked 
|  57|0x0000000085300000, 0x0000000085300000, 0x0000000085400000|  0%| F|  |TAMS 0x0000000085300000, 0x0000000085300000| Untracked 
|  58|0x0000000085400000, 0x0000000085400000, 0x0000000085500000|  0%| F|  |TAMS 0x0000000085400000, 0x0000000085400000| Untracked 
|  59|0x0000000085500000, 0x0000000085500000, 0x0000000085600000|  0%| F|  |TAMS 0x0000000085500000, 0x0000000085500000| Untracked 
|  60|0x0000000085600000, 0x0000000085600000, 0x0000000085700000|  0%| F|  |TAMS 0x0000000085600000, 0x0000000085600000| Untracked 
|  61|0x0000000085700000, 0x0000000085700000, 0x0000000085800000|  0%| F|  |TAMS 0x0000000085700000, 0x0000000085700000| Untracked 
|  62|0x0000000085800000, 0x0000000085800000, 0x0000000085900000|  0%| F|  |TAMS 0x0000000085800000, 0x0000000085800000| Untracked 
|  63|0x0000000085900000, 0x0000000085900000, 0x0000000085a00000|  0%| F|  |TAMS 0x0000000085900000, 0x0000000085900000| Untracked 
|  64|0x0000000085a00000, 0x0000000085a00000, 0x0000000085b00000|  0%| F|  |TAMS 0x0000000085a00000, 0x0000000085a00000| Untracked 
|  65|0x0000000085b00000, 0x0000000085b00000, 0x0000000085c00000|  0%| F|  |TAMS 0x0000000085b00000, 0x0000000085b00000| Untracked 
|  66|0x0000000085c00000, 0x0000000085c00000, 0x0000000085d00000|  0%| F|  |TAMS 0x0000000085c00000, 0x0000000085c00000| Untracked 
|  67|0x0000000085d00000, 0x0000000085d00000, 0x0000000085e00000|  0%| F|  |TAMS 0x0000000085d00000, 0x0000000085d00000| Untracked 
|  68|0x0000000085e00000, 0x0000000085e00000, 0x0000000085f00000|  0%| F|  |TAMS 0x0000000085e00000, 0x0000000085e00000| Untracked 
|  69|0x0000000085f00000, 0x0000000085f00000, 0x0000000086000000|  0%| F|  |TAMS 0x0000000085f00000, 0x0000000085f00000| Untracked 
|  70|0x0000000086000000, 0x0000000086000000, 0x0000000086100000|  0%| F|  |TAMS 0x0000000086000000, 0x0000000086000000| Untracked 
|  71|0x0000000086100000, 0x0000000086100000, 0x0000000086200000|  0%| F|  |TAMS 0x0000000086100000, 0x0000000086100000| Untracked 
|  72|0x0000000086200000, 0x0000000086200000, 0x0000000086300000|  0%| F|  |TAMS 0x0000000086200000, 0x0000000086200000| Untracked 
|  73|0x0000000086300000, 0x0000000086300000, 0x0000000086400000|  0%| F|  |TAMS 0x0000000086300000, 0x0000000086300000| Untracked 
|  74|0x0000000086400000, 0x0000000086400000, 0x0000000086500000|  0%| F|  |TAMS 0x0000000086400000, 0x0000000086400000| Untracked 
|  75|0x0000000086500000, 0x0000000086500000, 0x0000000086600000|  0%| F|  |TAMS 0x0000000086500000, 0x0000000086500000| Untracked 
|  76|0x0000000086600000, 0x00000000866c7ad0, 0x0000000086700000| 77%| S|CS|TAMS 0x0000000086600000, 0x0000000086600000| Complete 
|  77|0x0000000086700000, 0x0000000086800000, 0x0000000086800000|100%| S|CS|TAMS 0x0000000086700000, 0x0000000086700000| Complete 
|  78|0x0000000086800000, 0x0000000086900000, 0x0000000086900000|100%| S|CS|TAMS 0x0000000086800000, 0x0000000086800000| Complete 
|  79|0x0000000086900000, 0x0000000086a00000, 0x0000000086a00000|100%| S|CS|TAMS 0x0000000086900000, 0x0000000086900000| Complete 
|  80|0x0000000086a00000, 0x0000000086b00000, 0x0000000086b00000|100%| S|CS|TAMS 0x0000000086a00000, 0x0000000086a00000| Complete 
|  81|0x0000000086b00000, 0x0000000086c00000, 0x0000000086c00000|100%| S|CS|TAMS 0x0000000086b00000, 0x0000000086b00000| Complete 
|  82|0x0000000086c00000, 0x0000000086c00000, 0x0000000086d00000|  0%| F|  |TAMS 0x0000000086c00000, 0x0000000086c00000| Untracked 
|  83|0x0000000086d00000, 0x0000000086d00000, 0x0000000086e00000|  0%| F|  |TAMS 0x0000000086d00000, 0x0000000086d00000| Untracked 
|  84|0x0000000086e00000, 0x0000000086e00000, 0x0000000086f00000|  0%| F|  |TAMS 0x0000000086e00000, 0x0000000086e00000| Untracked 
|  85|0x0000000086f00000, 0x0000000086f00000, 0x0000000087000000|  0%| F|  |TAMS 0x0000000086f00000, 0x0000000086f00000| Untracked 
|  86|0x0000000087000000, 0x0000000087000000, 0x0000000087100000|  0%| F|  |TAMS 0x0000000087000000, 0x0000000087000000| Untracked 
|  87|0x0000000087100000, 0x0000000087100000, 0x0000000087200000|  0%| F|  |TAMS 0x0000000087100000, 0x0000000087100000| Untracked 
|  88|0x0000000087200000, 0x0000000087200000, 0x0000000087300000|  0%| F|  |TAMS 0x0000000087200000, 0x0000000087200000| Untracked 
|  89|0x0000000087300000, 0x0000000087300000, 0x0000000087400000|  0%| F|  |TAMS 0x0000000087300000, 0x0000000087300000| Untracked 
|  90|0x0000000087400000, 0x0000000087400000, 0x0000000087500000|  0%| F|  |TAMS 0x0000000087400000, 0x0000000087400000| Untracked 
|  91|0x0000000087500000, 0x0000000087500000, 0x0000000087600000|  0%| F|  |TAMS 0x0000000087500000, 0x0000000087500000| Untracked 
|  92|0x0000000087600000, 0x0000000087600000, 0x0000000087700000|  0%| F|  |TAMS 0x0000000087600000, 0x0000000087600000| Untracked 
|  93|0x0000000087700000, 0x0000000087700000, 0x0000000087800000|  0%| F|  |TAMS 0x0000000087700000, 0x0000000087700000| Untracked 
|  94|0x0000000087800000, 0x0000000087800000, 0x0000000087900000|  0%| F|  |TAMS 0x0000000087800000, 0x0000000087800000| Untracked 
|  95|0x0000000087900000, 0x0000000087900000, 0x0000000087a00000|  0%| F|  |TAMS 0x0000000087900000, 0x0000000087900000| Untracked 
|  96|0x0000000087a00000, 0x0000000087a00000, 0x0000000087b00000|  0%| F|  |TAMS 0x0000000087a00000, 0x0000000087a00000| Untracked 
|  97|0x0000000087b00000, 0x0000000087b00000, 0x0000000087c00000|  0%| F|  |TAMS 0x0000000087b00000, 0x0000000087b00000| Untracked 
|  98|0x0000000087c00000, 0x0000000087c00000, 0x0000000087d00000|  0%| F|  |TAMS 0x0000000087c00000, 0x0000000087c00000| Untracked 
|  99|0x0000000087d00000, 0x0000000087d00000, 0x0000000087e00000|  0%| F|  |TAMS 0x0000000087d00000, 0x0000000087d00000| Untracked 
| 100|0x0000000087e00000, 0x0000000087e00000, 0x0000000087f00000|  0%| F|  |TAMS 0x0000000087e00000, 0x0000000087e00000| Untracked 
| 101|0x0000000087f00000, 0x0000000087f00000, 0x0000000088000000|  0%| F|  |TAMS 0x0000000087f00000, 0x0000000087f00000| Untracked 
| 102|0x0000000088000000, 0x0000000088000000, 0x0000000088100000|  0%| F|  |TAMS 0x0000000088000000, 0x0000000088000000| Untracked 
| 103|0x0000000088100000, 0x0000000088100000, 0x0000000088200000|  0%| F|  |TAMS 0x0000000088100000, 0x0000000088100000| Untracked 
| 104|0x0000000088200000, 0x0000000088200000, 0x0000000088300000|  0%| F|  |TAMS 0x0000000088200000, 0x0000000088200000| Untracked 
| 105|0x0000000088300000, 0x0000000088300000, 0x0000000088400000|  0%| F|  |TAMS 0x0000000088300000, 0x0000000088300000| Untracked 
| 106|0x0000000088400000, 0x0000000088400000, 0x0000000088500000|  0%| F|  |TAMS 0x0000000088400000, 0x0000000088400000| Untracked 
| 107|0x0000000088500000, 0x0000000088500000, 0x0000000088600000|  0%| F|  |TAMS 0x0000000088500000, 0x0000000088500000| Untracked 
| 108|0x0000000088600000, 0x0000000088600000, 0x0000000088700000|  0%| F|  |TAMS 0x0000000088600000, 0x0000000088600000| Untracked 
| 109|0x0000000088700000, 0x0000000088700000, 0x0000000088800000|  0%| F|  |TAMS 0x0000000088700000, 0x0000000088700000| Untracked 
| 110|0x0000000088800000, 0x0000000088800000, 0x0000000088900000|  0%| F|  |TAMS 0x0000000088800000, 0x0000000088800000| Untracked 
| 111|0x0000000088900000, 0x0000000088981010, 0x0000000088a00000| 50%| E|  |TAMS 0x0000000088900000, 0x0000000088900000| Complete 
| 112|0x0000000088a00000, 0x0000000088b00000, 0x0000000088b00000|100%| E|CS|TAMS 0x0000000088a00000, 0x0000000088a00000| Complete 
| 113|0x0000000088b00000, 0x0000000088c00000, 0x0000000088c00000|100%| E|CS|TAMS 0x0000000088b00000, 0x0000000088b00000| Complete 
| 114|0x0000000088c00000, 0x0000000088d00000, 0x0000000088d00000|100%| E|CS|TAMS 0x0000000088c00000, 0x0000000088c00000| Complete 
| 115|0x0000000088d00000, 0x0000000088e00000, 0x0000000088e00000|100%| E|CS|TAMS 0x0000000088d00000, 0x0000000088d00000| Complete 
| 116|0x0000000088e00000, 0x0000000088f00000, 0x0000000088f00000|100%| E|CS|TAMS 0x0000000088e00000, 0x0000000088e00000| Complete 
| 117|0x0000000088f00000, 0x0000000089000000, 0x0000000089000000|100%| E|CS|TAMS 0x0000000088f00000, 0x0000000088f00000| Complete 
| 118|0x0000000089000000, 0x0000000089100000, 0x0000000089100000|100%| E|CS|TAMS 0x0000000089000000, 0x0000000089000000| Complete 
| 119|0x0000000089100000, 0x0000000089200000, 0x0000000089200000|100%| E|CS|TAMS 0x0000000089100000, 0x0000000089100000| Complete 
| 120|0x0000000089200000, 0x0000000089300000, 0x0000000089300000|100%| E|CS|TAMS 0x0000000089200000, 0x0000000089200000| Complete 
| 121|0x0000000089300000, 0x0000000089400000, 0x0000000089400000|100%| E|CS|TAMS 0x0000000089300000, 0x0000000089300000| Complete 
| 122|0x0000000089400000, 0x0000000089500000, 0x0000000089500000|100%| E|CS|TAMS 0x0000000089400000, 0x0000000089400000| Complete 
| 123|0x0000000089500000, 0x0000000089600000, 0x0000000089600000|100%| E|CS|TAMS 0x0000000089500000, 0x0000000089500000| Complete 
| 124|0x0000000089600000, 0x0000000089700000, 0x0000000089700000|100%| E|CS|TAMS 0x0000000089600000, 0x0000000089600000| Complete 
| 125|0x0000000089700000, 0x0000000089800000, 0x0000000089800000|100%| E|CS|TAMS 0x0000000089700000, 0x0000000089700000| Complete 
| 126|0x0000000089800000, 0x0000000089900000, 0x0000000089900000|100%| E|CS|TAMS 0x0000000089800000, 0x0000000089800000| Complete 
| 127|0x0000000089900000, 0x0000000089a00000, 0x0000000089a00000|100%| E|CS|TAMS 0x0000000089900000, 0x0000000089900000| Complete 

Card table byte_map: [0x00000192f6660000,0x00000192f6a60000] _byte_map_base: 0x00000192f6253000

Marking Bits (Prev, Next): (CMBitMap*) 0x00000192e196b790, (CMBitMap*) 0x00000192e196b758
 Prev Bits: [0x00000192f8e00000, 0x00000192fad98000)
 Next Bits: [0x00000192f6e60000, 0x00000192f8df8000)

Polling page: 0x00000192e1a10000

Metaspace:

Usage:
  Non-class:     22.45 MB capacity,    22.20 MB ( 99%) used,   219.90 KB ( <1%) free+waste,    36.06 KB ( <1%) overhead. 
      Class:      2.86 MB capacity,     2.70 MB ( 94%) used,   146.14 KB (  5%) free+waste,    16.69 KB ( <1%) overhead. 
       Both:     25.31 MB capacity,    24.91 MB ( 98%) used,   366.04 KB (  1%) free+waste,    52.75 KB ( <1%) overhead. 

Virtual space:
  Non-class space:       24.00 MB reserved,      22.67 MB ( 94%) committed 
      Class space:        1.00 GB reserved,       2.88 MB ( <1%) committed 
             Both:        1.02 GB reserved,      25.55 MB (  2%) committed 

Chunk freelists:
   Non-Class:  31.00 KB
       Class:  15.00 KB
        Both:  46.00 KB

MaxMetaspaceSize: 17179869184.00 GB
CompressedClassSpaceSize: 1.00 GB

CodeHeap 'non-profiled nmethods': size=120064Kb used=625Kb max_used=625Kb free=119438Kb
 bounds [0x00000192ee700000, 0x00000192ee970000, 0x00000192f5c40000]
CodeHeap 'profiled nmethods': size=120000Kb used=3932Kb max_used=3932Kb free=116067Kb
 bounds [0x00000192e71d0000, 0x00000192e75b0000, 0x00000192ee700000]
CodeHeap 'non-nmethods': size=5696Kb used=1153Kb max_used=1159Kb free=4542Kb
 bounds [0x00000192e6c40000, 0x00000192e6eb0000, 0x00000192e71d0000]
 total_blobs=2531 nmethods=2035 adapters=408
 compilation: enabled
              stopped_count=0, restarted_count=0
 full_count=0

Compilation events (20 events):
Event: 3.320 Thread 0x00000192fd411800 2023       3       java.lang.invoke.LambdaForm$NamedFunction::member (26 bytes)
Event: 3.321 Thread 0x00000192fd411800 nmethod 2023 0x00000192e7599d10 code [0x00000192e7599ec0, 0x00000192e7599fd8]
Event: 3.321 Thread 0x00000192fd411800 2024       3       java.lang.invoke.InvokerBytecodeGenerator::isStaticallyInvocable (165 bytes)
Event: 3.325 Thread 0x00000192fd411800 nmethod 2024 0x00000192e759a090 code [0x00000192e759a5e0, 0x00000192e759d018]
Event: 3.325 Thread 0x00000192fd411800 2025       3       java.lang.invoke.MemberName::isPrivate (8 bytes)
Event: 3.325 Thread 0x00000192fd411800 nmethod 2025 0x00000192e759db90 code [0x00000192e759dd40, 0x00000192e759def8]
Event: 3.325 Thread 0x00000192fd411800 2026       3       java.lang.invoke.InvokerBytecodeGenerator::emitStaticInvoke (258 bytes)
Event: 3.327 Thread 0x00000192fd411800 nmethod 2026 0x00000192e759df90 code [0x00000192e759e2a0, 0x00000192e759f108]
Event: 3.328 Thread 0x00000192fd411800 2027       3       java.lang.invoke.LambdaForm::normalize (322 bytes)
Event: 3.330 Thread 0x00000192fd411800 nmethod 2027 0x00000192e759f690 code [0x00000192e759f960, 0x00000192e75a0c18]
Event: 3.330 Thread 0x00000192fd411800 2028       3       java.lang.invoke.LambdaForm::lastUseIndex (76 bytes)
Event: 3.331 Thread 0x00000192fd411800 nmethod 2028 0x00000192e75a1290 code [0x00000192e75a1460, 0x00000192e75a1768]
Event: 3.331 Thread 0x00000192fd411800 2029       3       jdk.internal.org.objectweb.asm.Frame::set (65 bytes)
Event: 3.332 Thread 0x00000192fd411800 nmethod 2029 0x00000192e75a1910 code [0x00000192e75a1b00, 0x00000192e75a2028]
Event: 3.332 Thread 0x00000192fd411800 2030       3       jdk.internal.org.objectweb.asm.MethodWriter::visitTypeInsn (120 bytes)
Event: 3.332 Thread 0x00000192fd411800 nmethod 2030 0x00000192e75a2210 code [0x00000192e75a2400, 0x00000192e75a27a8]
Event: 3.340 Thread 0x00000192fd411800 2032       3       sun.invoke.util.VerifyType::isNullType (18 bytes)
Event: 3.340 Thread 0x00000192fd411800 nmethod 2032 0x00000192e75a2990 code [0x00000192e75a2b40, 0x00000192e75a2cd8]
Event: 3.341 Thread 0x00000192fd411800 2034       3       java.lang.invoke.BoundMethodHandle::<init> (32 bytes)
Event: 3.341 Thread 0x00000192fd411800 nmethod 2034 0x00000192e75a2d90 code [0x00000192e75a2f40, 0x00000192e75a3088]

GC Heap History (4 events):
Event: 0.572 GC heap before
{Heap before GC invocations=0 (full 0):
 garbage-first heap   total 131072K, used 17408K [0x0000000081a00000, 0x0000000100000000)
  region size 1024K, 14 young (14336K), 0 survivors (0K)
 Metaspace       used 9790K, capacity 9871K, committed 10112K, reserved 1058816K
  class space    used 839K, capacity 884K, committed 896K, reserved 1048576K
}
Event: 0.576 GC heap after
{Heap after GC invocations=1 (full 0):
 garbage-first heap   total 131072K, used 5237K [0x0000000081a00000, 0x0000000100000000)
  region size 1024K, 2 young (2048K), 2 survivors (2048K)
 Metaspace       used 9790K, capacity 9871K, committed 10112K, reserved 1058816K
  class space    used 839K, capacity 884K, committed 896K, reserved 1048576K
}
Event: 2.539 GC heap before
{Heap before GC invocations=1 (full 0):
 garbage-first heap   total 131072K, used 49269K [0x0000000081a00000, 0x0000000100000000)
  region size 1024K, 46 young (47104K), 2 survivors (2048K)
 Metaspace       used 20883K, capacity 21142K, committed 21296K, reserved 1069056K
  class space    used 2253K, capacity 2347K, committed 2432K, reserved 1048576K
}
Event: 2.555 GC heap after
{Heap after GC invocations=2 (full 0):
 garbage-first heap   total 131072K, used 9108K [0x0000000081a00000, 0x0000000100000000)
  region size 1024K, 6 young (6144K), 6 survivors (6144K)
 Metaspace       used 20883K, capacity 21142K, committed 21296K, reserved 1069056K
  class space    used 2253K, capacity 2347K, committed 2432K, reserved 1048576K
}

Deoptimization events (20 events):
Event: 3.068 Thread 0x00000192e1929800 DEOPT PACKING pc=0x00000192e7576728 sp=0x00000063290fe240
Event: 3.068 Thread 0x00000192e1929800 DEOPT UNPACKING pc=0x00000192e6c676ce sp=0x00000063290fd6e8 mode 0
Event: 3.068 Thread 0x00000192e1929800 DEOPT PACKING pc=0x00000192e7576728 sp=0x00000063290fe240
Event: 3.068 Thread 0x00000192e1929800 DEOPT UNPACKING pc=0x00000192e6c676ce sp=0x00000063290fd6e8 mode 0
Event: 3.068 Thread 0x00000192e1929800 DEOPT PACKING pc=0x00000192e7576728 sp=0x00000063290fe240
Event: 3.068 Thread 0x00000192e1929800 DEOPT UNPACKING pc=0x00000192e6c676ce sp=0x00000063290fd6e8 mode 0
Event: 3.068 Thread 0x00000192e1929800 DEOPT PACKING pc=0x00000192e7576728 sp=0x00000063290fe240
Event: 3.068 Thread 0x00000192e1929800 DEOPT UNPACKING pc=0x00000192e6c676ce sp=0x00000063290fd6e8 mode 0
Event: 3.068 Thread 0x00000192e1929800 DEOPT PACKING pc=0x00000192e7576728 sp=0x00000063290fe240
Event: 3.068 Thread 0x00000192e1929800 DEOPT UNPACKING pc=0x00000192e6c676ce sp=0x00000063290fd6e8 mode 0
Event: 3.069 Thread 0x00000192e1929800 DEOPT PACKING pc=0x00000192e7576728 sp=0x00000063290fe240
Event: 3.069 Thread 0x00000192e1929800 DEOPT UNPACKING pc=0x00000192e6c676ce sp=0x00000063290fd6e8 mode 0
Event: 3.116 Thread 0x00000192e1929800 Uncommon trap: trap_request=0xffffff4d fr.pc=0x00000192ee79746c relative=0x000000000000014c
Event: 3.116 Thread 0x00000192e1929800 Uncommon trap: reason=unstable_if action=reinterpret pc=0x00000192ee79746c method=jdk.nio.zipfs.ZipFileSystem.getParentOff([B)I @ 21 c2
Event: 3.116 Thread 0x00000192e1929800 DEOPT PACKING pc=0x00000192ee79746c sp=0x00000063290fe1b0
Event: 3.116 Thread 0x00000192e1929800 DEOPT UNPACKING pc=0x00000192e6c678af sp=0x00000063290fe148 mode 2
Event: 3.270 Thread 0x00000192e1929800 Uncommon trap: trap_request=0xffffff6e fr.pc=0x00000192ee78609c relative=0x000000000000125c
Event: 3.270 Thread 0x00000192e1929800 Uncommon trap: reason=speculate_class_check action=maybe_recompile pc=0x00000192ee78609c method=java.util.zip.InflaterInputStream.read([BII)I @ 100 c2
Event: 3.270 Thread 0x00000192e1929800 DEOPT PACKING pc=0x00000192ee78609c sp=0x00000063290fe230
Event: 3.270 Thread 0x00000192e1929800 DEOPT UNPACKING pc=0x00000192e6c678af sp=0x00000063290fe290 mode 2

Classes redefined (0 events):
No events

Internal exceptions (17 events):
Event: 2.043 Thread 0x00000192e1929800 Exception <a 'java/lang/NoSuchMethodError'{0x0000000087be3510}: 'int java.lang.invoke.DelegatingMethodHandle$Holder.reinvoke_L(java.lang.Object, java.lang.Object, java.lang.Object, long, int, int)'> (0x0000000087be3510) thrown at [./src/hotspot/share/interpreter/linkResolver.cpp, line 773]
Event: 2.048 Thread 0x00000192e1929800 Exception <a 'java/lang/NoSuchMethodError'{0x0000000087bf0e98}: 'int java.lang.invoke.DelegatingMethodHandle$Holder.reinvoke_L(java.lang.Object, java.lang.Object, java.lang.Object, long, long, long)'> (0x0000000087bf0e98) thrown at [./src/hotspot/share/interpreter/linkResolver.cpp, line 773]
Event: 2.050 Thread 0x00000192e1929800 Exception <a 'java/lang/NoSuchMethodError'{0x0000000087bfe050}: 'int java.lang.invoke.DelegatingMethodHandle$Holder.reinvoke_L(java.lang.Object, java.lang.Object, java.lang.Object, long, java.lang.Object, java.lang.Object)'> (0x0000000087bfe050) thrown at [./src/hotspot/share/interpreter/linkResolver.cpp, line 773]
Event: 2.053 Thread 0x00000192e1929800 Exception <a 'java/lang/NoSuchMethodError'{0x0000000087a0bd20}: 'void java.lang.invoke.DelegatingMethodHandle$Holder.reinvoke_L(java.lang.Object, java.lang.Object, java.lang.Object, long, java.lang.Object)'> (0x0000000087a0bd20) thrown at [./src/hotspot/share/interpreter/linkResolver.cpp, line 773]
Event: 2.056 Thread 0x00000192e1929800 Exception <a 'java/lang/NoSuchMethodError'{0x0000000087a155a0}: 'java.lang.Object java.lang.invoke.DirectMethodHandle$Holder.invokeSpecial(java.lang.Object, java.lang.Object, java.lang.Object, java.lang.Object, long)'> (0x0000000087a155a0) thrown at [./src/hotspot/share/interpreter/linkResolver.cpp, line 773]
Event: 2.059 Thread 0x00000192e1929800 Exception <a 'java/lang/NoSuchMethodError'{0x0000000087a18af8}: 'java.lang.Object java.lang.invoke.DelegatingMethodHandle$Holder.reinvoke_L(java.lang.Object, java.lang.Object, java.lang.Object, long)'> (0x0000000087a18af8) thrown at [./src/hotspot/share/interpreter/linkResolver.cpp, line 773]
Event: 2.067 Thread 0x00000192e1929800 Exception <a 'java/lang/NoSuchMethodError'{0x0000000087a32f78}: 'long java.lang.invoke.Invokers$Holder.invoke_MT(java.lang.Object, java.lang.Object, java.lang.Object, java.lang.Object)'> (0x0000000087a32f78) thrown at [./src/hotspot/share/interpreter/linkResolver.cpp, line 773]
Event: 2.068 Thread 0x00000192e1929800 Exception <a 'java/lang/NoSuchMethodError'{0x0000000087a365f8}: 'long java.lang.invoke.DelegatingMethodHandle$Holder.reinvoke_L(java.lang.Object, java.lang.Object, java.lang.Object)'> (0x0000000087a365f8) thrown at [./src/hotspot/share/interpreter/linkResolver.cpp, line 773]
Event: 2.070 Thread 0x00000192e1929800 Exception <a 'java/lang/NoSuchMethodError'{0x0000000087a402b8}: 'int java.lang.invoke.DirectMethodHandle$Holder.invokeSpecial(java.lang.Object, java.lang.Object, java.lang.Object, java.lang.Object)'> (0x0000000087a402b8) thrown at [./src/hotspot/share/interpreter/linkResolver.cpp, line 773]
Event: 2.074 Thread 0x00000192e1929800 Exception <a 'java/lang/NoSuchMethodError'{0x0000000087a4f098}: 'int java.lang.invoke.DelegatingMethodHandle$Holder.reinvoke_L(java.lang.Object, java.lang.Object, java.lang.Object, long, int)'> (0x0000000087a4f098) thrown at [./src/hotspot/share/interpreter/linkResolver.cpp, line 773]
Event: 2.304 Thread 0x00000192e1929800 Exception <a 'java/lang/NoSuchMethodError'{0x00000000876b51b8}: 'int java.lang.invoke.DirectMethodHandle$Holder.invokeSpecialIFC(java.lang.Object, java.lang.Object, int)'> (0x00000000876b51b8) thrown at [./src/hotspot/share/interpreter/linkResolver.cpp, line 773]
Event: 2.576 Thread 0x00000192e1929800 Exception <a 'java/lang/NoSuchMethodError'{0x000000008997a8a8}: 'java.lang.Object java.lang.invoke.DirectMethodHandle$Holder.invokeStaticInit(java.lang.Object, int)'> (0x000000008997a8a8) thrown at [./src/hotspot/share/interpreter/linkResolver.cpp, line 773]
Event: 2.630 Thread 0x00000192e1929800 Exception <a 'java/lang/NoSuchMethodError'{0x0000000089739a58}: 'long java.lang.invoke.DirectMethodHandle$Holder.invokeStatic(java.lang.Object)'> (0x0000000089739a58) thrown at [./src/hotspot/share/interpreter/linkResolver.cpp, line 773]
Event: 2.631 Thread 0x00000192e1929800 Exception <a 'java/lang/NoSuchMethodError'{0x000000008973c8b0}: 'long java.lang.invoke.DirectMethodHandle$Holder.invokeStaticInit(java.lang.Object)'> (0x000000008973c8b0) thrown at [./src/hotspot/share/interpreter/linkResolver.cpp, line 773]
Event: 2.748 Thread 0x00000192e1929800 Exception <a 'java/lang/NoSuchMethodError'{0x0000000089333628}: 'int java.lang.invoke.DirectMethodHandle$Holder.invokeStaticInit(java.lang.Object, java.lang.Object, java.lang.Object)'> (0x0000000089333628) thrown at [./src/hotspot/share/interpreter/linkResolver.cpp, line 773]
Event: 2.757 Thread 0x00000192e1929800 Exception <a 'java/lang/NoSuchMethodError'{0x000000008935e258}: 'int java.lang.invoke.DirectMethodHandle$Holder.invokeStaticInit(java.lang.Object, java.lang.Object)'> (0x000000008935e258) thrown at [./src/hotspot/share/interpreter/linkResolver.cpp, line 773]
Event: 2.859 Thread 0x00000192e1929800 Exception <a 'java/lang/NoSuchMethodError'{0x000000008916c8e8}: 'void java.lang.invoke.DirectMethodHandle$Holder.invokeSpecial(java.lang.Object, java.lang.Object)'> (0x000000008916c8e8) thrown at [./src/hotspot/share/interpreter/linkResolver.cpp, line 773]

Events (20 events):
Event: 3.269 loading class sun/nio/cs/MS1251
Event: 3.269 loading class sun/nio/cs/MS1251 done
Event: 3.271 loading class javax/xml/stream/XMLInputFactory
Event: 3.272 loading class javax/xml/stream/XMLInputFactory done
Event: 3.272 loading class javax/xml/stream/FactoryFinder
Event: 3.274 loading class javax/xml/stream/FactoryFinder done
Event: 3.274 loading class jdk/xml/internal/SecuritySupport
Event: 3.276 loading class jdk/xml/internal/SecuritySupport done
Event: 3.299 loading class com/sun/xml/internal/stream/XMLInputFactoryImpl
Event: 3.302 loading class com/sun/xml/internal/stream/XMLInputFactoryImpl done
Event: 3.304 loading class com/sun/org/apache/xerces/internal/impl/PropertyManager
Event: 3.305 loading class com/sun/org/apache/xerces/internal/impl/PropertyManager done
Event: 3.305 loading class com/sun/org/apache/xerces/internal/utils/XMLSecurityManager
Event: 3.306 loading class com/sun/org/apache/xerces/internal/utils/XMLSecurityManager done
Event: 3.306 loading class com/sun/org/apache/xerces/internal/utils/XMLSecurityManager$Limit
Event: 3.308 loading class com/sun/org/apache/xerces/internal/utils/XMLSecurityManager$Limit done
Event: 3.308 loading class com/sun/org/apache/xerces/internal/utils/XMLSecurityManager$State
Event: 3.308 loading class com/sun/org/apache/xerces/internal/utils/XMLSecurityManager$State done
Event: 3.336 loading class java/lang/invoke/BoundMethodHandle$Species_LLLLLLL
Event: 3.339 loading class java/lang/invoke/BoundMethodHandle$Species_LLLLLLL done


Dynamic libraries:
0x00007ff6ff8a0000 - 0x00007ff6ff8aa000 	C:\Program Files\Android\Android Studio\jre\bin\java.exe
0x00007ff967a50000 - 0x00007ff967c45000 	C:\Windows\SYSTEM32\ntdll.dll
0x00007ff9662c0000 - 0x00007ff96637e000 	C:\Windows\System32\KERNEL32.DLL
0x00007ff965510000 - 0x00007ff9657d8000 	C:\Windows\System32\KERNELBASE.dll
0x00007ff965170000 - 0x00007ff965270000 	C:\Windows\System32\ucrtbase.dll
0x00007ff9606f0000 - 0x00007ff960707000 	C:\Program Files\Android\Android Studio\jre\bin\VCRUNTIME140.dll
0x00007ff960710000 - 0x00007ff960729000 	C:\Program Files\Android\Android Studio\jre\bin\jli.dll
0x00007ff967740000 - 0x00007ff9678e1000 	C:\Windows\System32\USER32.dll
0x00007ff952970000 - 0x00007ff952c0a000 	C:\Windows\WinSxS\amd64_microsoft.windows.common-controls_6595b64144ccf1df_6.0.19041.1110_none_60b5254171f9507e\COMCTL32.dll
0x00007ff9654e0000 - 0x00007ff965502000 	C:\Windows\System32\win32u.dll
0x00007ff967710000 - 0x00007ff96773b000 	C:\Windows\System32\GDI32.dll
0x00007ff965e50000 - 0x00007ff965eee000 	C:\Windows\System32\msvcrt.dll
0x00007ff965890000 - 0x00007ff96599b000 	C:\Windows\System32\gdi32full.dll
0x00007ff965a00000 - 0x00007ff965a9d000 	C:\Windows\System32\msvcp_win.dll
0x00007ff965d80000 - 0x00007ff965db0000 	C:\Windows\System32\IMM32.DLL
0x00007ff95d890000 - 0x00007ff95d92d000 	C:\Program Files\Android\Android Studio\jre\bin\msvcp140.dll
0x00007ff930480000 - 0x00007ff930f4f000 	C:\Program Files\Android\Android Studio\jre\bin\server\jvm.dll
0x00007ff966430000 - 0x00007ff9664dc000 	C:\Windows\System32\ADVAPI32.dll
0x00007ff966690000 - 0x00007ff96672b000 	C:\Windows\System32\sechost.dll
0x00007ff9667a0000 - 0x00007ff9668ca000 	C:\Windows\System32\RPCRT4.dll
0x00007ff965f50000 - 0x00007ff965f58000 	C:\Windows\System32\PSAPI.DLL
0x00007ff94fe90000 - 0x00007ff94fe99000 	C:\Windows\SYSTEM32\WSOCK32.dll
0x00007ff965dd0000 - 0x00007ff965e3b000 	C:\Windows\System32\WS2_32.dll
0x00007ff95d6b0000 - 0x00007ff95d6ba000 	C:\Windows\SYSTEM32\VERSION.dll
0x00007ff940f00000 - 0x00007ff940f27000 	C:\Windows\SYSTEM32\WINMM.dll
0x00007ff963a20000 - 0x00007ff963a32000 	C:\Windows\SYSTEM32\kernel.appcore.dll
0x00007ff954250000 - 0x00007ff954261000 	C:\Program Files\Android\Android Studio\jre\bin\verify.dll
0x00007ff962f60000 - 0x00007ff963144000 	C:\Windows\SYSTEM32\DBGHELP.DLL
0x00007ff94a320000 - 0x00007ff94a34c000 	C:\Windows\SYSTEM32\dbgcore.DLL
0x00007ff965450000 - 0x00007ff9654d3000 	C:\Windows\System32\bcryptPrimitives.dll
0x00007ff954220000 - 0x00007ff954249000 	C:\Program Files\Android\Android Studio\jre\bin\java.dll
0x00007ff95d780000 - 0x00007ff95d78b000 	C:\Program Files\Android\Android Studio\jre\bin\jimage.dll
0x00007ff953e70000 - 0x00007ff953e88000 	C:\Program Files\Android\Android Studio\jre\bin\zip.dll
0x00007ff9669e0000 - 0x00007ff96711f000 	C:\Windows\System32\SHELL32.dll
0x00007ff963150000 - 0x00007ff9638e0000 	C:\Windows\SYSTEM32\windows.storage.dll
0x00007ff965f60000 - 0x00007ff9662b5000 	C:\Windows\System32\combase.dll
0x00007ff964af0000 - 0x00007ff964b1e000 	C:\Windows\SYSTEM32\Wldp.dll
0x00007ff9668d0000 - 0x00007ff96697d000 	C:\Windows\System32\SHCORE.dll
0x00007ff965ef0000 - 0x00007ff965f45000 	C:\Windows\System32\shlwapi.dll
0x00007ff9650b0000 - 0x00007ff9650cf000 	C:\Windows\SYSTEM32\profapi.dll
0x00007ff953e50000 - 0x00007ff953e6a000 	C:\Program Files\Android\Android Studio\jre\bin\net.dll
0x00007ff952210000 - 0x00007ff95231c000 	C:\Windows\SYSTEM32\WINHTTP.dll
0x00007ff964850000 - 0x00007ff9648ba000 	C:\Windows\system32\mswsock.dll
0x00007ff960590000 - 0x00007ff9605a4000 	C:\Program Files\Android\Android Studio\jre\bin\nio.dll

dbghelp: loaded successfully - version: 4.0.5 - missing functions: none
symbol engine: initialized successfully - sym options: 0x614 - pdb path: .;C:\Program Files\Android\Android Studio\jre\bin;C:\Windows\SYSTEM32;C:\Windows\WinSxS\amd64_microsoft.windows.common-controls_6595b64144ccf1df_6.0.19041.1110_none_60b5254171f9507e;C:\Program Files\Android\Android Studio\jre\bin\server

VM Arguments:
java_command: org.jetbrains.kotlin.cli.jvm.K2JVMCompiler @C:\Users\usuario\AndroidStudioProjects\InterAcao\app\build\20211203_13980407677563172747.compiler.options
java_class_path (initial): C:\Users\usuario\.gradle\caches\modules-2\files-2.1\org.jetbrains.kotlin\kotlin-compiler-embeddable\1.6.0\aa8da3bedc53c89219b84a0b40c7419431a13e76\kotlin-compiler-embeddable-1.6.0.jar;C:\Users\usuario\.gradle\caches\modules-2\files-2.1\org.jetbrains.kotlin\kotlin-reflect\1.6.0\a215a7f914d5916dc5fd2d45cea16524e0220203\kotlin-reflect-1.6.0.jar;C:\Users\usuario\.gradle\caches\modules-2\files-2.1\org.jetbrains.kotlin\kotlin-stdlib\1.6.0\a40b8b22529b733892edf4b73468ce598bb17f04\kotlin-stdlib-1.6.0.jar;C:\Users\usuario\.gradle\caches\modules-2\files-2.1\org.jetbrains.kotlin\kotlin-script-runtime\1.6.0\55f72526ddcff6fc77d72cdf949c7e3d9bd95620\kotlin-script-runtime-1.6.0.jar;C:\Users\usuario\.gradle\caches\modules-2\files-2.1\org.jetbrains.kotlin\kotlin-daemon-embeddable\1.6.0\d6242b37f4ce6b637d10847c7558446272ec8432\kotlin-daemon-embeddable-1.6.0.jar;C:\Users\usuario\.gradle\caches\modules-2\files-2.1\org.jetbrains.intellij.deps\trove4j\1.0.20181211\216c2e14b070f334479d800987affe4054cd563f\trove4j-1.0.20181211.jar;C:\Users\usuario\.gradle\caches\modules-2\files-2.1\net.java.dev.jna\jna\5.6.0\330f2244e9030119ab3030fc3fededc86713d9cc\jna-5.6.0.jar;C:\Users\usuario\.gradle\caches\modules-2\files-2.1\org.jetbrains\annotations\13.0\919f0dfe192fb4e063e7dacadee7f8bb9a2672a9\annotations-13.0.jar;C:\Users\usuario\.gradle\caches\modules-2\files-2.1\org.jetbrains.kotlin\kotlin-stdlib-common\1.6.0\7857e365f925cfa060f941c1357cda1f8790502c\kotlin-stdlib-common-1.6.0.jar
Launcher Type: SUN_STANDARD

[Global flags]
     intx CICompilerCount                          = 3                                         {product} {ergonomic}
     uint ConcGCThreads                            = 1                                         {product} {ergonomic}
     uint G1ConcRefinementThreads                  = 4                                         {product} {ergonomic}
   size_t G1HeapRegionSize                         = 1048576                                   {product} {ergonomic}
    uintx GCDrainStackTargetSize                   = 64                                        {product} {ergonomic}
   size_t InitialHeapSize                          = 134217728                                 {product} {ergonomic}
   size_t MarkStackSize                            = 4194304                                   {product} {ergonomic}
   size_t MaxHeapSize                              = 2120220672                                {product} {ergonomic}
   size_t MaxNewSize                               = 1271922688                                {product} {ergonomic}
   size_t MinHeapDeltaBytes                        = 1048576                                   {product} {ergonomic}
    uintx NonNMethodCodeHeapSize                   = 5830732                                {pd product} {ergonomic}
    uintx NonProfiledCodeHeapSize                  = 122913754                              {pd product} {ergonomic}
    uintx ProfiledCodeHeapSize                     = 122913754                              {pd product} {ergonomic}
    uintx ReservedCodeCacheSize                    = 251658240                              {pd product} {ergonomic}
     bool SegmentedCodeCache                       = true                                      {product} {ergonomic}
     bool UseCompressedClassPointers               = true                                 {lp64_product} {ergonomic}
     bool UseCompressedOops                        = true                                 {lp64_product} {ergonomic}
     bool UseG1GC                                  = true                                      {product} {ergonomic}
     bool UseLargePagesIndividualAllocation        = false                                  {pd product} {ergonomic}

Logging:
Log output configuration:
 #0: stdout all=warning uptime,level,tags
 #1: stderr all=off uptime,level,tags

Environment Variables:
JAVA_HOME=C:\Program Files\Java\jdk-17
PATH=C:\Program Files\Common Files\Oracle\Java\javapath;C:\Windows\system32;C:\Windows;C:\Windows\System32\Wbem;C:\Windows\System32\WindowsPowerShell\v1.0\;C:\Windows\System32\OpenSSH\;C:\Program Files (x86)\Intel\Intel(R) Management Engine Components\DAL;C:\Program Files\Intel\Intel(R) Management Engine Components\DAL;C:\ProgramData\UNIVALI\Portugol Studio;C:\Program Files\Git\cmd;C:\Program Files\Java\jdk-17\bin;C:\Users\usuario\AppData\Local\Microsoft\WindowsApps;;C:\Program Files\JetBrains\IntelliJ IDEA Community Edition 2021.2.2\bin;
USERNAME=usuario
OS=Windows_NT
PROCESSOR_IDENTIFIER=Intel64 Family 6 Model 78 Stepping 3, GenuineIntel



---------------  S Y S T E M  ---------------

OS: Windows 10 , 64 bit Build 19041 (10.0.19041.1348)
OS uptime: 0 days 1:55 hours

CPU:total 4 (initial active 4) (2 cores per cpu, 2 threads per core) family 6 model 78 stepping 3 microcode 0xea, cmov, cx8, fxsr, mmx, sse, sse2, sse3, ssse3, sse4.1, sse4.2, popcnt, avx, avx2, aes, clmul, erms, 3dnowpref, lzcnt, ht, tsc, tscinvbit, bmi1, bmi2, adx, fma

Memory: 4k page, system-wide physical 8083M (382M free)
TotalPageFile size 12179M (AvailPageFile size 3M)
current process WorkingSet (physical memory assigned to process): 145M, peak: 145M
current process commit charge ("private bytes"): 243M, peak: 244M

vm_info: OpenJDK 64-Bit Server VM (11.0.10+0-b96-7249189) for windows-amd64 JRE (11.0.10+0-b96-7249189), built on Mar 31 2021 21:44:00 by "builder" with MS VC++ 14.0 (VS2015)

END.
