#
# There is insufficient memory for the Java Runtime Environment to continue.
# Native memory allocation (malloc) failed to allocate 1619696 bytes for Chunk::new
# Possible reasons:
#   The system is out of physical RAM or swap space
#   The process is running with CompressedOops enabled, and the Java Heap may be blocking the growth of the native heap
# Possible solutions:
#   Reduce memory load on the system
#   Increase physical memory or swap space
#   Check if swap backing store is full
#   Decrease Java heap size (-Xmx/-Xms)
#   Decrease number of Java threads
#   Decrease Java thread stack sizes (-Xss)
#   Set larger code cache with -XX:ReservedCodeCacheSize=
#   JVM is running with Unscaled Compressed Oops mode in which the Java heap is
#     placed in the first 4GB address space. The Java Heap base address is the
#     maximum limit for the native heap growth. Please use -XX:HeapBaseMinAddress
#     to set the Java Heap base and to place the Java Heap above 4GB virtual address.
# This output file may be truncated or incomplete.
#
#  Out of Memory Error (./src/hotspot/share/memory/arena.cpp:197), pid=9092, tid=1088
#
# JRE version: OpenJDK Runtime Environment (11.0.10) (build 11.0.10+0-b96-7249189)
# Java VM: OpenJDK 64-Bit Server VM (11.0.10+0-b96-7249189, mixed mode, tiered, compressed oops, g1 gc, windows-amd64)
# No core dump will be written. Minidumps are not enabled by default on client versions of Windows
#

---------------  S U M M A R Y ------------

Command Line: --add-opens=java.base/java.util=ALL-UNNAMED --add-opens=java.base/java.lang=ALL-UNNAMED --add-opens=java.base/java.lang.invoke=ALL-UNNAMED --add-opens=java.base/java.util=ALL-UNNAMED --add-opens=java.prefs/java.util.prefs=ALL-UNNAMED --add-opens=java.prefs/java.util.prefs=ALL-UNNAMED --add-opens=java.base/java.nio.charset=ALL-UNNAMED --add-opens=java.base/java.net=ALL-UNNAMED --add-opens=java.base/java.util.concurrent.atomic=ALL-UNNAMED -Xmx2048m -Dfile.encoding=UTF-8 -Duser.country=BR -Duser.language=pt -Duser.variant org.gradle.launcher.daemon.bootstrap.GradleDaemon 7.0.2

Host: Intel(R) Core(TM) i5-6200U CPU @ 2.30GHz, 4 cores, 7G,  Windows 10 , 64 bit Build 19041 (10.0.19041.1348)
Time: Fri Dec  3 21:51:04 2021 Hora oficial do Brasil elapsed time: 2188.943157 seconds (0d 0h 36m 28s)

---------------  T H R E A D  ---------------

Current thread (0x00000208e81f5000):  JavaThread "C2 CompilerThread1" daemon [_thread_in_native, id=1088, stack(0x000000c49c300000,0x000000c49c400000)]


Current CompileTask:
C2:2188943 26298       4       com.android.tools.r8.internal.Me::c (1174 bytes)

Stack: [0x000000c49c300000,0x000000c49c400000]
Native frames: (J=compiled Java code, j=interpreted, Vv=VM code, C=native code)
V  [jvm.dll+0x5ecfaa]
V  [jvm.dll+0x722bd5]
V  [jvm.dll+0x72412d]
V  [jvm.dll+0x7247e3]
V  [jvm.dll+0x242928]
V  [jvm.dll+0xbc4fc]
V  [jvm.dll+0xbca0c]
V  [jvm.dll+0x352d3b]
V  [jvm.dll+0x320ad3]
V  [jvm.dll+0x31ffca]
V  [jvm.dll+0x1fb602]
V  [jvm.dll+0x1fa7f4]
V  [jvm.dll+0x18354c]
V  [jvm.dll+0x208ee7]
V  [jvm.dll+0x207731]
V  [jvm.dll+0x6eb1cf]
V  [jvm.dll+0x6e3d45]
V  [jvm.dll+0x5ebe96]
C  [ucrtbase.dll+0x21bb2]
C  [KERNEL32.DLL+0x17034]
C  [ntdll.dll+0x52651]


---------------  P R O C E S S  ---------------

Threads class SMR info:
_java_thread_list=0x00000208ed6384b0, length=55, elements={
0x00000208c0f9c800, 0x00000208db2ff000, 0x00000208db302000, 0x00000208db319000,
0x00000208db31a000, 0x00000208db31c000, 0x00000208db329800, 0x00000208db32c800,
0x00000208db330000, 0x00000208dbdfa000, 0x00000208de158800, 0x00000208dd6b0000,
0x00000208de668000, 0x00000208ddf74000, 0x00000208ddf75000, 0x00000208ddf76800,
0x00000208ddf73800, 0x00000208ddf77800, 0x00000208ddf72800, 0x00000208ddf79000,
0x00000208de82b800, 0x00000208de82c000, 0x00000208de827000, 0x00000208de82a800,
0x00000208e1c8d000, 0x00000208e1c91000, 0x00000208de836000, 0x00000208e1c96800,
0x00000208ddf76000, 0x00000208ddf78800, 0x00000208e1c90000, 0x00000208e1c93800,
0x00000208e1c8d800, 0x00000208e1c8e800, 0x00000208e1c9a000, 0x00000208e1c95000,
0x00000208e1c9a800, 0x00000208e1c9b800, 0x00000208e1c98800, 0x00000208e1c97800,
0x00000208e1c99000, 0x00000208e1c96000, 0x00000208de82d000, 0x00000208de829000,
0x00000208de835000, 0x00000208de831000, 0x00000208de832000, 0x00000208e24bf000,
0x00000208e24bd800, 0x00000208e24ba800, 0x00000208e24c0000, 0x00000208e24c1000,
0x00000208e24be800, 0x00000208e24bc000, 0x00000208e81f5000
}

Java Threads: ( => current thread )
  0x00000208c0f9c800 JavaThread "main" [_thread_blocked, id=9564, stack(0x000000c499200000,0x000000c499300000)]
  0x00000208db2ff000 JavaThread "Reference Handler" daemon [_thread_blocked, id=2352, stack(0x000000c499900000,0x000000c499a00000)]
  0x00000208db302000 JavaThread "Finalizer" daemon [_thread_blocked, id=4596, stack(0x000000c499a00000,0x000000c499b00000)]
  0x00000208db319000 JavaThread "Signal Dispatcher" daemon [_thread_blocked, id=1112, stack(0x000000c499b00000,0x000000c499c00000)]
  0x00000208db31a000 JavaThread "Attach Listener" daemon [_thread_blocked, id=9948, stack(0x000000c499c00000,0x000000c499d00000)]
  0x00000208db31c000 JavaThread "Service Thread" daemon [_thread_blocked, id=9984, stack(0x000000c499d00000,0x000000c499e00000)]
  0x00000208db329800 JavaThread "C2 CompilerThread0" daemon [_thread_in_native, id=6616, stack(0x000000c499e00000,0x000000c499f00000)]
  0x00000208db32c800 JavaThread "C1 CompilerThread0" daemon [_thread_blocked, id=7140, stack(0x000000c499f00000,0x000000c49a000000)]
  0x00000208db330000 JavaThread "Sweeper thread" daemon [_thread_blocked, id=9068, stack(0x000000c49a000000,0x000000c49a100000)]
  0x00000208dbdfa000 JavaThread "Common-Cleaner" daemon [_thread_blocked, id=8148, stack(0x000000c49a100000,0x000000c49a200000)]
  0x00000208de158800 JavaThread "Daemon health stats" [_thread_blocked, id=1076, stack(0x000000c49a600000,0x000000c49a700000)]
  0x00000208dd6b0000 JavaThread "Incoming local TCP Connector on port 53227" [_thread_in_native, id=5264, stack(0x000000c49a300000,0x000000c49a400000)]
  0x00000208de668000 JavaThread "Daemon periodic checks" [_thread_blocked, id=7320, stack(0x000000c49a700000,0x000000c49a800000)]
  0x00000208ddf74000 JavaThread "Cache worker for file hash cache (C:\Users\usuario\.gradle\caches\7.0.2\fileHashes)" [_thread_blocked, id=4160, stack(0x000000c49b100000,0x000000c49b200000)]
  0x00000208ddf75000 JavaThread "File lock request listener" [_thread_in_native, id=5964, stack(0x000000c49b200000,0x000000c49b300000)]
  0x00000208ddf76800 JavaThread "Cache worker for journal cache (C:\Users\usuario\.gradle\caches\journal-1)" [_thread_blocked, id=724, stack(0x000000c49b300000,0x000000c49b400000)]
  0x00000208ddf73800 JavaThread "File watcher server" daemon [_thread_in_Java, id=9704, stack(0x000000c49b500000,0x000000c49b600000)]
  0x00000208ddf77800 JavaThread "File watcher consumer" daemon [_thread_blocked, id=8432, stack(0x000000c49b600000,0x000000c49b700000)]
  0x00000208ddf72800 JavaThread "jar transforms" [_thread_blocked, id=9752, stack(0x000000c49b700000,0x000000c49b800000)]
  0x00000208ddf79000 JavaThread "jar transforms Thread 2" [_thread_blocked, id=7612, stack(0x000000c49b800000,0x000000c49b900000)]
  0x00000208de82b800 JavaThread "jar transforms Thread 3" [_thread_blocked, id=7616, stack(0x000000c49b900000,0x000000c49ba00000)]
  0x00000208de82c000 JavaThread "jar transforms Thread 4" [_thread_blocked, id=9584, stack(0x000000c49ba00000,0x000000c49bb00000)]
  0x00000208de827000 JavaThread "Cache worker for execution history cache (C:\Users\usuario\.gradle\caches\7.0.2\executionHistory)" [_thread_blocked, id=9728, stack(0x000000c49be00000,0x000000c49bf00000)]
  0x00000208de82a800 JavaThread "Cache worker for file content cache (C:\Users\usuario\.gradle\caches\7.0.2\fileContent)" [_thread_blocked, id=3596, stack(0x000000c49bf00000,0x000000c49c000000)]
  0x00000208e1c8d000 JavaThread "Memory manager" [_thread_blocked, id=5636, stack(0x000000c49c600000,0x000000c49c700000)]
  0x00000208e1c91000 JavaThread "pool-3-thread-1" [_thread_blocked, id=5516, stack(0x000000c49c800000,0x000000c49c900000)]
  0x00000208de836000 JavaThread "pool-6-thread-1" [_thread_blocked, id=9044, stack(0x000000c49c400000,0x000000c49c500000)]
  0x00000208e1c96800 JavaThread "pool-9-thread-1" [_thread_blocked, id=3116, stack(0x000000c49c500000,0x000000c49c600000)]
  0x00000208ddf76000 JavaThread "Daemon Thread 4" [_thread_blocked, id=8688, stack(0x000000c498f00000,0x000000c499000000)]
  0x00000208ddf78800 JavaThread "Handler for socket connection from /127.0.0.1:53227 to /127.0.0.1:62712" [_thread_in_native, id=2892, stack(0x000000c499000000,0x000000c499100000)]
  0x00000208e1c90000 JavaThread "Cancel handler" [_thread_blocked, id=6032, stack(0x000000c499100000,0x000000c499200000)]
  0x00000208e1c93800 JavaThread "Daemon worker Thread 4" [_thread_blocked, id=2460, stack(0x000000c49a800000,0x000000c49a900000)]
  0x00000208e1c8d800 JavaThread "Asynchronous log dispatcher for DefaultDaemonConnection: socket connection from /127.0.0.1:53227 to /127.0.0.1:62712" [_thread_blocked, id=6796, stack(0x000000c49a900000,0x000000c49aa00000)]
  0x00000208e1c8e800 JavaThread "Daemon client event forwarder" [_thread_blocked, id=5656, stack(0x000000c49ab00000,0x000000c49ac00000)]
  0x00000208e1c9a000 JavaThread "Cache worker for file hash cache (C:\Users\usuario\AndroidStudioProjects\InterAcao\.gradle\7.0.2\fileHashes)" [_thread_blocked, id=8328, stack(0x000000c49ac00000,0x000000c49ad00000)]
  0x00000208e1c95000 JavaThread "Cache worker for checksums cache (C:\Users\usuario\AndroidStudioProjects\InterAcao\.gradle\checksums)" [_thread_blocked, id=4944, stack(0x000000c49ad00000,0x000000c49ae00000)]
  0x00000208e1c9a800 JavaThread "Cache worker for cache directory md-supplier (C:\Users\usuario\.gradle\caches\7.0.2\md-supplier)" [_thread_blocked, id=9252, stack(0x000000c49ae00000,0x000000c49af00000)]
  0x00000208e1c9b800 JavaThread "Cache worker for cache directory md-rule (C:\Users\usuario\.gradle\caches\7.0.2\md-rule)" [_thread_blocked, id=7748, stack(0x000000c49af00000,0x000000c49b000000)]
  0x00000208e1c98800 JavaThread "Cache worker for dependencies-accessors (C:\Users\usuario\AndroidStudioProjects\InterAcao\.gradle\7.0.2\dependencies-accessors)" [_thread_blocked, id=6012, stack(0x000000c49b400000,0x000000c49b500000)]
  0x00000208e1c97800 JavaThread "Cache worker for Build Output Cleanup Cache (C:\Users\usuario\AndroidStudioProjects\InterAcao\.gradle\buildOutputCleanup)" [_thread_blocked, id=8784, stack(0x000000c49bb00000,0x000000c49bc00000)]
  0x00000208e1c99000 JavaThread "Build operations" [_thread_blocked, id=5996, stack(0x000000c49bd00000,0x000000c49be00000)]
  0x00000208e1c96000 JavaThread "Build operations Thread 2" [_thread_blocked, id=7672, stack(0x000000c49c000000,0x000000c49c100000)]
  0x00000208de82d000 JavaThread "Build operations Thread 3" [_thread_in_Java, id=3556, stack(0x000000c49c100000,0x000000c49c200000)]
  0x00000208de829000 JavaThread "Build operations Thread 4" [_thread_blocked, id=460, stack(0x000000c49c200000,0x000000c49c300000)]
  0x00000208de835000 JavaThread "build event listener" [_thread_blocked, id=2424, stack(0x000000c49bc00000,0x000000c49bd00000)]
  0x00000208de831000 JavaThread "build event listener" [_thread_blocked, id=8100, stack(0x000000c49c700000,0x000000c49c800000)]
  0x00000208de832000 JavaThread "pool-12-thread-1" [_thread_blocked, id=2660, stack(0x000000c49c900000,0x000000c49ca00000)]
  0x00000208e24bf000 JavaThread "build event listener" [_thread_blocked, id=2896, stack(0x000000c49ca00000,0x000000c49cb00000)]
  0x00000208e24bd800 JavaThread "Execution worker for ':'" [_thread_blocked, id=1552, stack(0x000000c49cb00000,0x000000c49cc00000)]
  0x00000208e24ba800 JavaThread "Execution worker for ':' Thread 2" [_thread_blocked, id=6432, stack(0x000000c49cc00000,0x000000c49cd00000)]
  0x00000208e24c0000 JavaThread "Execution worker for ':' Thread 3" [_thread_blocked, id=9244, stack(0x000000c49cd00000,0x000000c49ce00000)]
  0x00000208e24c1000 JavaThread "Cache worker for execution history cache (C:\Users\usuario\AndroidStudioProjects\InterAcao\.gradle\7.0.2\executionHistory)" [_thread_blocked, id=8412, stack(0x000000c49ce00000,0x000000c49cf00000)]
  0x00000208e24be800 JavaThread "WorkerExecutor Queue Thread 2" [_thread_blocked, id=2552, stack(0x000000c49d000000,0x000000c49d100000)]
  0x00000208e24bc000 JavaThread "WorkerExecutor Queue Thread 4" [_thread_blocked, id=4408, stack(0x000000c49d200000,0x000000c49d300000)]
=>0x00000208e81f5000 JavaThread "C2 CompilerThread1" daemon [_thread_in_native, id=1088, stack(0x000000c49c300000,0x000000c49c400000)]

Other Threads:
  0x00000208db2fb000 VMThread "VM Thread" [stack: 0x000000c499800000,0x000000c499900000] [id=8036]
  0x00000208dbdfc800 WatcherThread [stack: 0x000000c49a200000,0x000000c49a300000] [id=7732]
  0x00000208c0fb5000 GCTaskThread "GC Thread#0" [stack: 0x000000c499300000,0x000000c499400000] [id=9064]
  0x00000208dc575000 GCTaskThread "GC Thread#1" [stack: 0x000000c49a400000,0x000000c49a500000] [id=7852]
  0x00000208dc937000 GCTaskThread "GC Thread#2" [stack: 0x000000c49a500000,0x000000c49a600000] [id=6572]
  0x00000208de604000 GCTaskThread "GC Thread#3" [stack: 0x000000c49b000000,0x000000c49b100000] [id=9824]
  0x00000208c0fe5000 ConcurrentGCThread "G1 Main Marker" [stack: 0x000000c499400000,0x000000c499500000] [id=9740]
  0x00000208c0fe6800 ConcurrentGCThread "G1 Conc#0" [stack: 0x000000c499500000,0x000000c499600000] [id=7548]
  0x00000208c1077800 ConcurrentGCThread "G1 Refine#0" [stack: 0x000000c499600000,0x000000c499700000] [id=8424]
  0x00000208c1078800 ConcurrentGCThread "G1 Young RemSet Sampling" [stack: 0x000000c499700000,0x000000c499800000] [id=8416]

Threads with active compile tasks:
C2 CompilerThread02189022 26315       4       com.android.tools.r8.internal.Kv::a (1305 bytes)
C2 CompilerThread12189022 26298       4       com.android.tools.r8.internal.Me::c (1174 bytes)

VM state:not at safepoint (normal execution)

VM Mutex/Monitor currently owned by a thread: None

Heap address: 0x0000000080000000, size: 2048 MB, Compressed Oops mode: 32-bit
Narrow klass base: 0x0000000000000000, Narrow klass shift: 3
Compressed class space size: 1073741824 Address: 0x0000000100000000

Heap:
 garbage-first heap   total 273408K, used 150997K [0x0000000080000000, 0x0000000100000000)
  region size 1024K, 3 young (3072K), 2 survivors (2048K)
 Metaspace       used 149338K, capacity 153709K, committed 153764K, reserved 1183744K
  class space    used 18309K, capacity 19821K, committed 19876K, reserved 1048576K
Heap Regions: E=young(eden), S=young(survivor), O=old, HS=humongous(starts), HC=humongous(continues), CS=collection set, F=free, A=archive, TAMS=top-at-mark-start (previous, next)
|   0|0x0000000080000000, 0x0000000080100000, 0x0000000080100000|100%| O|  |TAMS 0x0000000080100000, 0x0000000080100000| Untracked 
|   1|0x0000000080100000, 0x0000000080200000, 0x0000000080200000|100%| O|  |TAMS 0x0000000080200000, 0x0000000080200000| Untracked 
|   2|0x0000000080200000, 0x0000000080300000, 0x0000000080300000|100%| O|  |TAMS 0x0000000080300000, 0x0000000080300000| Untracked 
|   3|0x0000000080300000, 0x0000000080400000, 0x0000000080400000|100%|HS|  |TAMS 0x0000000080400000, 0x0000000080400000| Complete 
|   4|0x0000000080400000, 0x0000000080500000, 0x0000000080500000|100%|HC|  |TAMS 0x0000000080500000, 0x0000000080500000| Complete 
|   5|0x0000000080500000, 0x0000000080600000, 0x0000000080600000|100%|HC|  |TAMS 0x0000000080600000, 0x0000000080600000| Complete 
|   6|0x0000000080600000, 0x0000000080700000, 0x0000000080700000|100%| O|  |TAMS 0x0000000080700000, 0x0000000080700000| Untracked 
|   7|0x0000000080700000, 0x0000000080800000, 0x0000000080800000|100%| O|  |TAMS 0x0000000080800000, 0x0000000080800000| Untracked 
|   8|0x0000000080800000, 0x0000000080900000, 0x0000000080900000|100%| O|  |TAMS 0x0000000080900000, 0x0000000080900000| Untracked 
|   9|0x0000000080900000, 0x0000000080a00000, 0x0000000080a00000|100%| O|  |TAMS 0x0000000080900000, 0x0000000080a00000| Untracked 
|  10|0x0000000080a00000, 0x0000000080b00000, 0x0000000080b00000|100%| O|  |TAMS 0x0000000080b00000, 0x0000000080b00000| Untracked 
|  11|0x0000000080b00000, 0x0000000080c00000, 0x0000000080c00000|100%| O|  |TAMS 0x0000000080c00000, 0x0000000080c00000| Untracked 
|  12|0x0000000080c00000, 0x0000000080d00000, 0x0000000080d00000|100%| O|  |TAMS 0x0000000080d00000, 0x0000000080d00000| Untracked 
|  13|0x0000000080d00000, 0x0000000080e00000, 0x0000000080e00000|100%| O|  |TAMS 0x0000000080e00000, 0x0000000080e00000| Untracked 
|  14|0x0000000080e00000, 0x0000000080f00000, 0x0000000080f00000|100%| O|  |TAMS 0x0000000080f00000, 0x0000000080f00000| Untracked 
|  15|0x0000000080f00000, 0x0000000081000000, 0x0000000081000000|100%| O|  |TAMS 0x0000000081000000, 0x0000000081000000| Untracked 
|  16|0x0000000081000000, 0x0000000081100000, 0x0000000081100000|100%| O|  |TAMS 0x0000000081100000, 0x0000000081100000| Untracked 
|  17|0x0000000081100000, 0x0000000081200000, 0x0000000081200000|100%|HS|  |TAMS 0x0000000081200000, 0x0000000081200000| Complete 
|  18|0x0000000081200000, 0x0000000081300000, 0x0000000081300000|100%|HC|  |TAMS 0x0000000081300000, 0x0000000081300000| Complete 
|  19|0x0000000081300000, 0x0000000081400000, 0x0000000081400000|100%|HS|  |TAMS 0x0000000081400000, 0x0000000081400000| Complete 
|  20|0x0000000081400000, 0x0000000081500000, 0x0000000081500000|100%|HC|  |TAMS 0x0000000081500000, 0x0000000081500000| Complete 
|  21|0x0000000081500000, 0x0000000081600000, 0x0000000081600000|100%|HC|  |TAMS 0x0000000081600000, 0x0000000081600000| Complete 
|  22|0x0000000081600000, 0x0000000081700000, 0x0000000081700000|100%|HS|  |TAMS 0x0000000081700000, 0x0000000081700000| Complete 
|  23|0x0000000081700000, 0x0000000081800000, 0x0000000081800000|100%|HC|  |TAMS 0x0000000081800000, 0x0000000081800000| Complete 
|  24|0x0000000081800000, 0x0000000081900000, 0x0000000081900000|100%|HC|  |TAMS 0x0000000081900000, 0x0000000081900000| Complete 
|  25|0x0000000081900000, 0x0000000081a00000, 0x0000000081a00000|100%|HC|  |TAMS 0x0000000081a00000, 0x0000000081a00000| Complete 
|  26|0x0000000081a00000, 0x0000000081b00000, 0x0000000081b00000|100%|HC|  |TAMS 0x0000000081b00000, 0x0000000081b00000| Complete 
|  27|0x0000000081b00000, 0x0000000081c00000, 0x0000000081c00000|100%| O|  |TAMS 0x0000000081c00000, 0x0000000081c00000| Untracked 
|  28|0x0000000081c00000, 0x0000000081d00000, 0x0000000081d00000|100%| O|  |TAMS 0x0000000081d00000, 0x0000000081d00000| Untracked 
|  29|0x0000000081d00000, 0x0000000081e00000, 0x0000000081e00000|100%| O|  |TAMS 0x0000000081e00000, 0x0000000081e00000| Untracked 
|  30|0x0000000081e00000, 0x0000000081f00000, 0x0000000081f00000|100%| O|  |TAMS 0x0000000081f00000, 0x0000000081f00000| Untracked 
|  31|0x0000000081f00000, 0x0000000082000000, 0x0000000082000000|100%| O|  |TAMS 0x0000000082000000, 0x0000000082000000| Untracked 
|  32|0x0000000082000000, 0x0000000082100000, 0x0000000082100000|100%| O|  |TAMS 0x0000000082100000, 0x0000000082100000| Untracked 
|  33|0x0000000082100000, 0x0000000082200000, 0x0000000082200000|100%|HS|  |TAMS 0x0000000082200000, 0x0000000082200000| Complete 
|  34|0x0000000082200000, 0x0000000082300000, 0x0000000082300000|100%|HC|  |TAMS 0x0000000082300000, 0x0000000082300000| Complete 
|  35|0x0000000082300000, 0x0000000082400000, 0x0000000082400000|100%|HC|  |TAMS 0x0000000082400000, 0x0000000082400000| Complete 
|  36|0x0000000082400000, 0x0000000082500000, 0x0000000082500000|100%|HC|  |TAMS 0x0000000082500000, 0x0000000082500000| Complete 
|  37|0x0000000082500000, 0x0000000082600000, 0x0000000082600000|100%|HC|  |TAMS 0x0000000082600000, 0x0000000082600000| Complete 
|  38|0x0000000082600000, 0x0000000082700000, 0x0000000082700000|100%|HS|  |TAMS 0x0000000082700000, 0x0000000082700000| Complete 
|  39|0x0000000082700000, 0x0000000082800000, 0x0000000082800000|100%|HC|  |TAMS 0x0000000082800000, 0x0000000082800000| Complete 
|  40|0x0000000082800000, 0x0000000082900000, 0x0000000082900000|100%|HC|  |TAMS 0x0000000082900000, 0x0000000082900000| Complete 
|  41|0x0000000082900000, 0x0000000082a00000, 0x0000000082a00000|100%| O|  |TAMS 0x0000000082a00000, 0x0000000082a00000| Untracked 
|  42|0x0000000082a00000, 0x0000000082b00000, 0x0000000082b00000|100%| O|  |TAMS 0x0000000082b00000, 0x0000000082b00000| Untracked 
|  43|0x0000000082b00000, 0x0000000082c00000, 0x0000000082c00000|100%| O|  |TAMS 0x0000000082c00000, 0x0000000082c00000| Untracked 
|  44|0x0000000082c00000, 0x0000000082d00000, 0x0000000082d00000|100%| O|  |TAMS 0x0000000082d00000, 0x0000000082d00000| Untracked 
|  45|0x0000000082d00000, 0x0000000082e00000, 0x0000000082e00000|100%| O|  |TAMS 0x0000000082e00000, 0x0000000082e00000| Untracked 
|  46|0x0000000082e00000, 0x0000000082f00000, 0x0000000082f00000|100%| O|  |TAMS 0x0000000082f00000, 0x0000000082f00000| Untracked 
|  47|0x0000000082f00000, 0x0000000083000000, 0x0000000083000000|100%| O|  |TAMS 0x0000000083000000, 0x0000000083000000| Untracked 
|  48|0x0000000083000000, 0x0000000083100000, 0x0000000083100000|100%| O|  |TAMS 0x0000000083100000, 0x0000000083100000| Untracked 
|  49|0x0000000083100000, 0x0000000083200000, 0x0000000083200000|100%| O|  |TAMS 0x0000000083200000, 0x0000000083200000| Untracked 
|  50|0x0000000083200000, 0x0000000083300000, 0x0000000083300000|100%| O|  |TAMS 0x0000000083300000, 0x0000000083300000| Untracked 
|  51|0x0000000083300000, 0x0000000083400000, 0x0000000083400000|100%| O|  |TAMS 0x0000000083400000, 0x0000000083400000| Untracked 
|  52|0x0000000083400000, 0x0000000083500000, 0x0000000083500000|100%|HS|  |TAMS 0x0000000083500000, 0x0000000083500000| Complete 
|  53|0x0000000083500000, 0x0000000083600000, 0x0000000083600000|100%|HS|  |TAMS 0x0000000083600000, 0x0000000083600000| Complete 
|  54|0x0000000083600000, 0x0000000083700000, 0x0000000083700000|100%|HS|  |TAMS 0x0000000083700000, 0x0000000083700000| Complete 
|  55|0x0000000083700000, 0x0000000083800000, 0x0000000083800000|100%|HS|  |TAMS 0x0000000083800000, 0x0000000083800000| Complete 
|  56|0x0000000083800000, 0x0000000083900000, 0x0000000083900000|100%|HC|  |TAMS 0x0000000083900000, 0x0000000083900000| Complete 
|  57|0x0000000083900000, 0x0000000083a00000, 0x0000000083a00000|100%|HC|  |TAMS 0x0000000083a00000, 0x0000000083a00000| Complete 
|  58|0x0000000083a00000, 0x0000000083b00000, 0x0000000083b00000|100%|HS|  |TAMS 0x0000000083b00000, 0x0000000083b00000| Complete 
|  59|0x0000000083b00000, 0x0000000083c00000, 0x0000000083c00000|100%|HC|  |TAMS 0x0000000083c00000, 0x0000000083c00000| Complete 
|  60|0x0000000083c00000, 0x0000000083d00000, 0x0000000083d00000|100%| O|  |TAMS 0x0000000083d00000, 0x0000000083d00000| Untracked 
|  61|0x0000000083d00000, 0x0000000083e00000, 0x0000000083e00000|100%| O|  |TAMS 0x0000000083e00000, 0x0000000083e00000| Untracked 
|  62|0x0000000083e00000, 0x0000000083f00000, 0x0000000083f00000|100%| O|  |TAMS 0x0000000083f00000, 0x0000000083f00000| Untracked 
|  63|0x0000000083f00000, 0x0000000084000000, 0x0000000084000000|100%| O|  |TAMS 0x0000000084000000, 0x0000000084000000| Untracked 
|  64|0x0000000084000000, 0x0000000084100000, 0x0000000084100000|100%| O|  |TAMS 0x0000000084100000, 0x0000000084100000| Untracked 
|  65|0x0000000084100000, 0x0000000084200000, 0x0000000084200000|100%| O|  |TAMS 0x0000000084200000, 0x0000000084200000| Untracked 
|  66|0x0000000084200000, 0x0000000084300000, 0x0000000084300000|100%| O|  |TAMS 0x0000000084300000, 0x0000000084300000| Untracked 
|  67|0x0000000084300000, 0x0000000084400000, 0x0000000084400000|100%| O|  |TAMS 0x0000000084400000, 0x0000000084400000| Untracked 
|  68|0x0000000084400000, 0x0000000084500000, 0x0000000084500000|100%| O|  |TAMS 0x0000000084500000, 0x0000000084500000| Untracked 
|  69|0x0000000084500000, 0x0000000084600000, 0x0000000084600000|100%| O|  |TAMS 0x0000000084600000, 0x0000000084600000| Untracked 
|  70|0x0000000084600000, 0x0000000084700000, 0x0000000084700000|100%| O|  |TAMS 0x0000000084700000, 0x0000000084700000| Untracked 
|  71|0x0000000084700000, 0x0000000084800000, 0x0000000084800000|100%| O|  |TAMS 0x0000000084800000, 0x0000000084800000| Untracked 
|  72|0x0000000084800000, 0x0000000084900000, 0x0000000084900000|100%| O|  |TAMS 0x0000000084900000, 0x0000000084900000| Untracked 
|  73|0x0000000084900000, 0x0000000084a00000, 0x0000000084a00000|100%| O|  |TAMS 0x0000000084a00000, 0x0000000084a00000| Untracked 
|  74|0x0000000084a00000, 0x0000000084b00000, 0x0000000084b00000|100%| O|  |TAMS 0x0000000084b00000, 0x0000000084b00000| Untracked 
|  75|0x0000000084b00000, 0x0000000084c00000, 0x0000000084c00000|100%| O|  |TAMS 0x0000000084c00000, 0x0000000084c00000| Untracked 
|  76|0x0000000084c00000, 0x0000000084d00000, 0x0000000084d00000|100%| O|  |TAMS 0x0000000084d00000, 0x0000000084d00000| Untracked 
|  77|0x0000000084d00000, 0x0000000084e00000, 0x0000000084e00000|100%| O|  |TAMS 0x0000000084e00000, 0x0000000084e00000| Untracked 
|  78|0x0000000084e00000, 0x0000000084f00000, 0x0000000084f00000|100%| O|  |TAMS 0x0000000084e00000, 0x0000000084f00000| Untracked 
|  79|0x0000000084f00000, 0x0000000085000000, 0x0000000085000000|100%| O|  |TAMS 0x0000000085000000, 0x0000000085000000| Untracked 
|  80|0x0000000085000000, 0x0000000085100000, 0x0000000085100000|100%| O|  |TAMS 0x0000000085100000, 0x0000000085100000| Untracked 
|  81|0x0000000085100000, 0x0000000085200000, 0x0000000085200000|100%| O|  |TAMS 0x0000000085200000, 0x0000000085200000| Untracked 
|  82|0x0000000085200000, 0x0000000085300000, 0x0000000085300000|100%| O|  |TAMS 0x0000000085300000, 0x0000000085300000| Untracked 
|  83|0x0000000085300000, 0x0000000085400000, 0x0000000085400000|100%| O|  |TAMS 0x0000000085400000, 0x0000000085400000| Untracked 
|  84|0x0000000085400000, 0x0000000085500000, 0x0000000085500000|100%| O|  |TAMS 0x0000000085500000, 0x0000000085500000| Untracked 
|  85|0x0000000085500000, 0x0000000085600000, 0x0000000085600000|100%| O|  |TAMS 0x0000000085600000, 0x0000000085600000| Untracked 
|  86|0x0000000085600000, 0x0000000085700000, 0x0000000085700000|100%| O|  |TAMS 0x0000000085700000, 0x0000000085700000| Untracked 
|  87|0x0000000085700000, 0x0000000085800000, 0x0000000085800000|100%| O|  |TAMS 0x0000000085800000, 0x0000000085800000| Untracked 
|  88|0x0000000085800000, 0x0000000085900000, 0x0000000085900000|100%| O|  |TAMS 0x0000000085900000, 0x0000000085900000| Untracked 
|  89|0x0000000085900000, 0x0000000085a00000, 0x0000000085a00000|100%| O|  |TAMS 0x0000000085a00000, 0x0000000085a00000| Untracked 
|  90|0x0000000085a00000, 0x0000000085b00000, 0x0000000085b00000|100%| O|  |TAMS 0x0000000085b00000, 0x0000000085b00000| Untracked 
|  91|0x0000000085b00000, 0x0000000085c00000, 0x0000000085c00000|100%| O|  |TAMS 0x0000000085c00000, 0x0000000085c00000| Untracked 
|  92|0x0000000085c00000, 0x0000000085d00000, 0x0000000085d00000|100%| O|  |TAMS 0x0000000085d00000, 0x0000000085d00000| Untracked 
|  93|0x0000000085d00000, 0x0000000085e00000, 0x0000000085e00000|100%| O|  |TAMS 0x0000000085e00000, 0x0000000085e00000| Untracked 
|  94|0x0000000085e00000, 0x0000000085f00000, 0x0000000085f00000|100%| O|  |TAMS 0x0000000085f00000, 0x0000000085f00000| Untracked 
|  95|0x0000000085f00000, 0x0000000086000000, 0x0000000086000000|100%| O|  |TAMS 0x0000000086000000, 0x0000000086000000| Untracked 
|  96|0x0000000086000000, 0x0000000086100000, 0x0000000086100000|100%| O|  |TAMS 0x0000000086100000, 0x0000000086100000| Untracked 
|  97|0x0000000086100000, 0x0000000086200000, 0x0000000086200000|100%| O|  |TAMS 0x0000000086200000, 0x0000000086200000| Untracked 
|  98|0x0000000086200000, 0x0000000086300000, 0x0000000086300000|100%| O|  |TAMS 0x0000000086300000, 0x0000000086300000| Untracked 
|  99|0x0000000086300000, 0x0000000086400000, 0x0000000086400000|100%| O|  |TAMS 0x0000000086400000, 0x0000000086400000| Untracked 
| 100|0x0000000086400000, 0x0000000086500000, 0x0000000086500000|100%| O|  |TAMS 0x0000000086500000, 0x0000000086500000| Untracked 
| 101|0x0000000086500000, 0x0000000086600000, 0x0000000086600000|100%| O|  |TAMS 0x0000000086600000, 0x0000000086600000| Untracked 
| 102|0x0000000086600000, 0x0000000086700000, 0x0000000086700000|100%| O|  |TAMS 0x0000000086700000, 0x0000000086700000| Untracked 
| 103|0x0000000086700000, 0x0000000086800000, 0x0000000086800000|100%| O|  |TAMS 0x0000000086800000, 0x0000000086800000| Untracked 
| 104|0x0000000086800000, 0x0000000086900000, 0x0000000086900000|100%| O|  |TAMS 0x0000000086900000, 0x0000000086900000| Untracked 
| 105|0x0000000086900000, 0x0000000086a00000, 0x0000000086a00000|100%| O|  |TAMS 0x0000000086a00000, 0x0000000086a00000| Untracked 
| 106|0x0000000086a00000, 0x0000000086b00000, 0x0000000086b00000|100%| O|  |TAMS 0x0000000086b00000, 0x0000000086b00000| Untracked 
| 107|0x0000000086b00000, 0x0000000086b59400, 0x0000000086c00000| 34%| O|  |TAMS 0x0000000086b00000, 0x0000000086b59400| Untracked 
| 108|0x0000000086c00000, 0x0000000086d00000, 0x0000000086d00000|100%| O|  |TAMS 0x0000000086d00000, 0x0000000086d00000| Untracked 
| 109|0x0000000086d00000, 0x0000000086d00000, 0x0000000086e00000|  0%| F|  |TAMS 0x0000000086d00000, 0x0000000086d00000| Untracked 
| 110|0x0000000086e00000, 0x0000000086f00000, 0x0000000086f00000|100%| O|  |TAMS 0x0000000086f00000, 0x0000000086f00000| Untracked 
| 111|0x0000000086f00000, 0x0000000087000000, 0x0000000087000000|100%| O|  |TAMS 0x0000000087000000, 0x0000000087000000| Untracked 
| 112|0x0000000087000000, 0x0000000087100000, 0x0000000087100000|100%| O|  |TAMS 0x0000000087100000, 0x0000000087100000| Untracked 
| 113|0x0000000087100000, 0x0000000087200000, 0x0000000087200000|100%| O|  |TAMS 0x0000000087200000, 0x0000000087200000| Untracked 
| 114|0x0000000087200000, 0x0000000087300000, 0x0000000087300000|100%| O|  |TAMS 0x0000000087300000, 0x0000000087300000| Untracked 
| 115|0x0000000087300000, 0x0000000087400000, 0x0000000087400000|100%| O|  |TAMS 0x0000000087400000, 0x0000000087400000| Untracked 
| 116|0x0000000087400000, 0x0000000087500000, 0x0000000087500000|100%| O|  |TAMS 0x0000000087500000, 0x0000000087500000| Untracked 
| 117|0x0000000087500000, 0x0000000087600000, 0x0000000087600000|100%| O|  |TAMS 0x0000000087600000, 0x0000000087600000| Untracked 
| 118|0x0000000087600000, 0x0000000087700000, 0x0000000087700000|100%| O|  |TAMS 0x0000000087700000, 0x0000000087700000| Untracked 
| 119|0x0000000087700000, 0x0000000087800000, 0x0000000087800000|100%| O|  |TAMS 0x0000000087800000, 0x0000000087800000| Untracked 
| 120|0x0000000087800000, 0x0000000087900000, 0x0000000087900000|100%| O|  |TAMS 0x0000000087900000, 0x0000000087900000| Untracked 
| 121|0x0000000087900000, 0x0000000087a00000, 0x0000000087a00000|100%| O|  |TAMS 0x0000000087a00000, 0x0000000087a00000| Untracked 
| 122|0x0000000087a00000, 0x0000000087b00000, 0x0000000087b00000|100%| O|  |TAMS 0x0000000087b00000, 0x0000000087b00000| Untracked 
| 123|0x0000000087b00000, 0x0000000087c00000, 0x0000000087c00000|100%| O|  |TAMS 0x0000000087c00000, 0x0000000087c00000| Untracked 
| 124|0x0000000087c00000, 0x0000000087d00000, 0x0000000087d00000|100%| O|  |TAMS 0x0000000087d00000, 0x0000000087d00000| Untracked 
| 125|0x0000000087d00000, 0x0000000087e00000, 0x0000000087e00000|100%| O|  |TAMS 0x0000000087e00000, 0x0000000087e00000| Untracked 
| 126|0x0000000087e00000, 0x0000000087f00000, 0x0000000087f00000|100%| O|  |TAMS 0x0000000087f00000, 0x0000000087f00000| Untracked 
| 127|0x0000000087f00000, 0x0000000088000000, 0x0000000088000000|100%| O|  |TAMS 0x0000000088000000, 0x0000000088000000| Untracked 
| 128|0x0000000088000000, 0x0000000088000000, 0x0000000088100000|  0%| F|  |TAMS 0x0000000088000000, 0x0000000088000000| Untracked 
| 129|0x0000000088100000, 0x0000000088100000, 0x0000000088200000|  0%| F|  |TAMS 0x0000000088100000, 0x0000000088100000| Untracked 
| 130|0x0000000088200000, 0x0000000088300000, 0x0000000088300000|100%| O|  |TAMS 0x0000000088300000, 0x0000000088300000| Untracked 
| 131|0x0000000088300000, 0x0000000088400000, 0x0000000088400000|100%| O|  |TAMS 0x0000000088400000, 0x0000000088400000| Untracked 
| 132|0x0000000088400000, 0x0000000088500000, 0x0000000088500000|100%| O|  |TAMS 0x0000000088500000, 0x0000000088500000| Untracked 
| 133|0x0000000088500000, 0x0000000088500000, 0x0000000088600000|  0%| F|  |TAMS 0x0000000088500000, 0x0000000088500000| Untracked 
| 134|0x0000000088600000, 0x0000000088700000, 0x0000000088700000|100%| O|  |TAMS 0x0000000088700000, 0x0000000088700000| Untracked 
| 135|0x0000000088700000, 0x0000000088800000, 0x0000000088800000|100%| O|  |TAMS 0x0000000088800000, 0x0000000088800000| Untracked 
| 136|0x0000000088800000, 0x0000000088900000, 0x0000000088900000|100%| O|  |TAMS 0x0000000088900000, 0x0000000088900000| Untracked 
| 137|0x0000000088900000, 0x0000000088a00000, 0x0000000088a00000|100%| O|  |TAMS 0x0000000088a00000, 0x0000000088a00000| Untracked 
| 138|0x0000000088a00000, 0x0000000088b00000, 0x0000000088b00000|100%| O|  |TAMS 0x0000000088b00000, 0x0000000088b00000| Untracked 
| 139|0x0000000088b00000, 0x0000000088c00000, 0x0000000088c00000|100%| O|  |TAMS 0x0000000088c00000, 0x0000000088c00000| Untracked 
| 140|0x0000000088c00000, 0x0000000088d00000, 0x0000000088d00000|100%| O|  |TAMS 0x0000000088d00000, 0x0000000088d00000| Untracked 
| 141|0x0000000088d00000, 0x0000000088d00000, 0x0000000088e00000|  0%| F|  |TAMS 0x0000000088d00000, 0x0000000088d00000| Untracked 
| 142|0x0000000088e00000, 0x0000000088f00000, 0x0000000088f00000|100%| O|  |TAMS 0x0000000088f00000, 0x0000000088f00000| Untracked 
| 143|0x0000000088f00000, 0x0000000089000000, 0x0000000089000000|100%| O|  |TAMS 0x0000000089000000, 0x0000000089000000| Untracked 
| 144|0x0000000089000000, 0x0000000089100000, 0x0000000089100000|100%| O|  |TAMS 0x00000000890da000, 0x0000000089100000| Untracked 
| 145|0x0000000089100000, 0x0000000089100000, 0x0000000089200000|  0%| F|  |TAMS 0x0000000089100000, 0x0000000089100000| Untracked 
| 146|0x0000000089200000, 0x0000000089200000, 0x0000000089300000|  0%| F|  |TAMS 0x0000000089200000, 0x0000000089200000| Untracked 
| 147|0x0000000089300000, 0x0000000089400000, 0x0000000089400000|100%| O|  |TAMS 0x0000000089400000, 0x0000000089400000| Untracked 
| 148|0x0000000089400000, 0x0000000089500000, 0x0000000089500000|100%| O|  |TAMS 0x0000000089500000, 0x0000000089500000| Untracked 
| 149|0x0000000089500000, 0x0000000089600000, 0x0000000089600000|100%| O|  |TAMS 0x0000000089600000, 0x0000000089600000| Untracked 
| 150|0x0000000089600000, 0x0000000089600000, 0x0000000089700000|  0%| F|  |TAMS 0x0000000089600000, 0x0000000089600000| Untracked 
| 151|0x0000000089700000, 0x0000000089700000, 0x0000000089800000|  0%| F|  |TAMS 0x0000000089700000, 0x0000000089700000| Untracked 
| 152|0x0000000089800000, 0x0000000089800000, 0x0000000089900000|  0%| F|  |TAMS 0x0000000089800000, 0x0000000089800000| Untracked 
| 153|0x0000000089900000, 0x0000000089900000, 0x0000000089a00000|  0%| F|  |TAMS 0x0000000089900000, 0x0000000089900000| Untracked 
| 154|0x0000000089a00000, 0x0000000089a00000, 0x0000000089b00000|  0%| F|  |TAMS 0x0000000089a00000, 0x0000000089a00000| Untracked 
| 155|0x0000000089b00000, 0x0000000089b00000, 0x0000000089c00000|  0%| F|  |TAMS 0x0000000089b00000, 0x0000000089b00000| Untracked 
| 156|0x0000000089c00000, 0x0000000089c00000, 0x0000000089d00000|  0%| F|  |TAMS 0x0000000089c00000, 0x0000000089c00000| Untracked 
| 157|0x0000000089d00000, 0x0000000089d00000, 0x0000000089e00000|  0%| F|  |TAMS 0x0000000089d00000, 0x0000000089d00000| Untracked 
| 158|0x0000000089e00000, 0x0000000089e00000, 0x0000000089f00000|  0%| F|  |TAMS 0x0000000089e00000, 0x0000000089e00000| Untracked 
| 159|0x0000000089f00000, 0x0000000089f00000, 0x000000008a000000|  0%| F|  |TAMS 0x0000000089f00000, 0x0000000089f00000| Untracked 
| 160|0x000000008a000000, 0x000000008a000000, 0x000000008a100000|  0%| F|  |TAMS 0x000000008a000000, 0x000000008a000000| Untracked 
| 161|0x000000008a100000, 0x000000008a100000, 0x000000008a200000|  0%| F|  |TAMS 0x000000008a100000, 0x000000008a100000| Untracked 
| 162|0x000000008a200000, 0x000000008a200000, 0x000000008a300000|  0%| F|  |TAMS 0x000000008a200000, 0x000000008a200000| Untracked 
| 163|0x000000008a300000, 0x000000008a300000, 0x000000008a400000|  0%| F|  |TAMS 0x000000008a300000, 0x000000008a300000| Untracked 
| 164|0x000000008a400000, 0x000000008a400000, 0x000000008a500000|  0%| F|  |TAMS 0x000000008a400000, 0x000000008a400000| Untracked 
| 165|0x000000008a500000, 0x000000008a600000, 0x000000008a600000|100%| O|  |TAMS 0x000000008a600000, 0x000000008a600000| Untracked 
| 166|0x000000008a600000, 0x000000008a700000, 0x000000008a700000|100%| O|  |TAMS 0x000000008a700000, 0x000000008a700000| Untracked 
| 167|0x000000008a700000, 0x000000008a800000, 0x000000008a800000|100%| O|  |TAMS 0x000000008a800000, 0x000000008a800000| Untracked 
| 168|0x000000008a800000, 0x000000008a900000, 0x000000008a900000|100%| O|  |TAMS 0x000000008a900000, 0x000000008a900000| Untracked 
| 169|0x000000008a900000, 0x000000008a900000, 0x000000008aa00000|  0%| F|  |TAMS 0x000000008a900000, 0x000000008a900000| Untracked 
| 170|0x000000008aa00000, 0x000000008aa00000, 0x000000008ab00000|  0%| F|  |TAMS 0x000000008aa00000, 0x000000008aa00000| Untracked 
| 171|0x000000008ab00000, 0x000000008ab00000, 0x000000008ac00000|  0%| F|  |TAMS 0x000000008ab00000, 0x000000008ab00000| Untracked 
| 172|0x000000008ac00000, 0x000000008ac00000, 0x000000008ad00000|  0%| F|  |TAMS 0x000000008ac00000, 0x000000008ac00000| Untracked 
| 173|0x000000008ad00000, 0x000000008ad00000, 0x000000008ae00000|  0%| F|  |TAMS 0x000000008ad00000, 0x000000008ad00000| Untracked 
| 174|0x000000008ae00000, 0x000000008ae00000, 0x000000008af00000|  0%| F|  |TAMS 0x000000008ae00000, 0x000000008ae00000| Untracked 
| 175|0x000000008af00000, 0x000000008af00000, 0x000000008b000000|  0%| F|  |TAMS 0x000000008af00000, 0x000000008af00000| Untracked 
| 176|0x000000008b000000, 0x000000008b000000, 0x000000008b100000|  0%| F|  |TAMS 0x000000008b000000, 0x000000008b000000| Untracked 
| 177|0x000000008b100000, 0x000000008b100000, 0x000000008b200000|  0%| F|  |TAMS 0x000000008b100000, 0x000000008b100000| Untracked 
| 178|0x000000008b200000, 0x000000008b200000, 0x000000008b300000|  0%| F|  |TAMS 0x000000008b200000, 0x000000008b200000| Untracked 
| 179|0x000000008b300000, 0x000000008b300000, 0x000000008b400000|  0%| F|  |TAMS 0x000000008b300000, 0x000000008b300000| Untracked 
| 180|0x000000008b400000, 0x000000008b41c180, 0x000000008b500000| 10%| S|CS|TAMS 0x000000008b400000, 0x000000008b400000| Complete 
| 181|0x000000008b500000, 0x000000008b600000, 0x000000008b600000|100%| S|CS|TAMS 0x000000008b500000, 0x000000008b500000| Complete 
| 182|0x000000008b600000, 0x000000008b600000, 0x000000008b700000|  0%| F|  |TAMS 0x000000008b600000, 0x000000008b600000| Untracked 
| 183|0x000000008b700000, 0x000000008b700000, 0x000000008b800000|  0%| F|  |TAMS 0x000000008b700000, 0x000000008b700000| Untracked 
| 184|0x000000008b800000, 0x000000008b800000, 0x000000008b900000|  0%| F|  |TAMS 0x000000008b800000, 0x000000008b800000| Untracked 
| 185|0x000000008b900000, 0x000000008b900000, 0x000000008ba00000|  0%| F|  |TAMS 0x000000008b900000, 0x000000008b900000| Untracked 
| 186|0x000000008ba00000, 0x000000008ba00000, 0x000000008bb00000|  0%| F|  |TAMS 0x000000008ba00000, 0x000000008ba00000| Untracked 
| 187|0x000000008bb00000, 0x000000008bb00000, 0x000000008bc00000|  0%| F|  |TAMS 0x000000008bb00000, 0x000000008bb00000| Untracked 
| 188|0x000000008bc00000, 0x000000008bc00000, 0x000000008bd00000|  0%| F|  |TAMS 0x000000008bc00000, 0x000000008bc00000| Untracked 
| 189|0x000000008bd00000, 0x000000008bd00000, 0x000000008be00000|  0%| F|  |TAMS 0x000000008bd00000, 0x000000008bd00000| Untracked 
| 190|0x000000008be00000, 0x000000008be00000, 0x000000008bf00000|  0%| F|  |TAMS 0x000000008be00000, 0x000000008be00000| Untracked 
| 191|0x000000008bf00000, 0x000000008bf00000, 0x000000008c000000|  0%| F|  |TAMS 0x000000008bf00000, 0x000000008bf00000| Untracked 
| 192|0x000000008c000000, 0x000000008c000000, 0x000000008c100000|  0%| F|  |TAMS 0x000000008c000000, 0x000000008c000000| Untracked 
| 193|0x000000008c100000, 0x000000008c100000, 0x000000008c200000|  0%| F|  |TAMS 0x000000008c100000, 0x000000008c100000| Untracked 
| 194|0x000000008c200000, 0x000000008c200000, 0x000000008c300000|  0%| F|  |TAMS 0x000000008c200000, 0x000000008c200000| Untracked 
| 195|0x000000008c300000, 0x000000008c300000, 0x000000008c400000|  0%| F|  |TAMS 0x000000008c300000, 0x000000008c300000| Untracked 
| 196|0x000000008c400000, 0x000000008c400000, 0x000000008c500000|  0%| F|  |TAMS 0x000000008c400000, 0x000000008c400000| Untracked 
| 197|0x000000008c500000, 0x000000008c500000, 0x000000008c600000|  0%| F|  |TAMS 0x000000008c500000, 0x000000008c500000| Untracked 
| 198|0x000000008c600000, 0x000000008c600000, 0x000000008c700000|  0%| F|  |TAMS 0x000000008c600000, 0x000000008c600000| Untracked 
| 199|0x000000008c700000, 0x000000008c700000, 0x000000008c800000|  0%| F|  |TAMS 0x000000008c700000, 0x000000008c700000| Untracked 
| 200|0x000000008c800000, 0x000000008c800000, 0x000000008c900000|  0%| F|  |TAMS 0x000000008c800000, 0x000000008c800000| Untracked 
| 201|0x000000008c900000, 0x000000008c900000, 0x000000008ca00000|  0%| F|  |TAMS 0x000000008c900000, 0x000000008c900000| Untracked 
| 202|0x000000008ca00000, 0x000000008ca00000, 0x000000008cb00000|  0%| F|  |TAMS 0x000000008ca00000, 0x000000008ca00000| Untracked 
| 203|0x000000008cb00000, 0x000000008cb00000, 0x000000008cc00000|  0%| F|  |TAMS 0x000000008cb00000, 0x000000008cb00000| Untracked 
| 204|0x000000008cc00000, 0x000000008cc00000, 0x000000008cd00000|  0%| F|  |TAMS 0x000000008cc00000, 0x000000008cc00000| Untracked 
| 205|0x000000008cd00000, 0x000000008cd00000, 0x000000008ce00000|  0%| F|  |TAMS 0x000000008cd00000, 0x000000008cd00000| Untracked 
| 206|0x000000008ce00000, 0x000000008ce00000, 0x000000008cf00000|  0%| F|  |TAMS 0x000000008ce00000, 0x000000008ce00000| Untracked 
| 207|0x000000008cf00000, 0x000000008cf00000, 0x000000008d000000|  0%| F|  |TAMS 0x000000008cf00000, 0x000000008cf00000| Untracked 
| 208|0x000000008d000000, 0x000000008d000000, 0x000000008d100000|  0%| F|  |TAMS 0x000000008d000000, 0x000000008d000000| Untracked 
| 209|0x000000008d100000, 0x000000008d100000, 0x000000008d200000|  0%| F|  |TAMS 0x000000008d100000, 0x000000008d100000| Untracked 
| 210|0x000000008d200000, 0x000000008d200000, 0x000000008d300000|  0%| F|  |TAMS 0x000000008d200000, 0x000000008d200000| Untracked 
| 211|0x000000008d300000, 0x000000008d300000, 0x000000008d400000|  0%| F|  |TAMS 0x000000008d300000, 0x000000008d300000| Untracked 
| 212|0x000000008d400000, 0x000000008d400000, 0x000000008d500000|  0%| F|  |TAMS 0x000000008d400000, 0x000000008d400000| Untracked 
| 213|0x000000008d500000, 0x000000008d500000, 0x000000008d600000|  0%| F|  |TAMS 0x000000008d500000, 0x000000008d500000| Untracked 
| 214|0x000000008d600000, 0x000000008d600000, 0x000000008d700000|  0%| F|  |TAMS 0x000000008d600000, 0x000000008d600000| Untracked 
| 215|0x000000008d700000, 0x000000008d700000, 0x000000008d800000|  0%| F|  |TAMS 0x000000008d700000, 0x000000008d700000| Untracked 
| 216|0x000000008d800000, 0x000000008d800000, 0x000000008d900000|  0%| F|  |TAMS 0x000000008d800000, 0x000000008d800000| Untracked 
| 217|0x000000008d900000, 0x000000008d900000, 0x000000008da00000|  0%| F|  |TAMS 0x000000008d900000, 0x000000008d900000| Untracked 
| 218|0x000000008da00000, 0x000000008da00000, 0x000000008db00000|  0%| F|  |TAMS 0x000000008da00000, 0x000000008da00000| Untracked 
| 219|0x000000008db00000, 0x000000008db00000, 0x000000008dc00000|  0%| F|  |TAMS 0x000000008db00000, 0x000000008db00000| Untracked 
| 220|0x000000008dc00000, 0x000000008dc00000, 0x000000008dd00000|  0%| F|  |TAMS 0x000000008dc00000, 0x000000008dc00000| Untracked 
| 221|0x000000008dd00000, 0x000000008dd00000, 0x000000008de00000|  0%| F|  |TAMS 0x000000008dd00000, 0x000000008dd00000| Untracked 
| 222|0x000000008de00000, 0x000000008de00000, 0x000000008df00000|  0%| F|  |TAMS 0x000000008de00000, 0x000000008de00000| Untracked 
| 223|0x000000008df00000, 0x000000008df00000, 0x000000008e000000|  0%| F|  |TAMS 0x000000008df00000, 0x000000008df00000| Untracked 
| 224|0x000000008e000000, 0x000000008e000000, 0x000000008e100000|  0%| F|  |TAMS 0x000000008e000000, 0x000000008e000000| Untracked 
| 225|0x000000008e100000, 0x000000008e100000, 0x000000008e200000|  0%| F|  |TAMS 0x000000008e100000, 0x000000008e100000| Untracked 
| 226|0x000000008e200000, 0x000000008e200000, 0x000000008e300000|  0%| F|  |TAMS 0x000000008e200000, 0x000000008e200000| Untracked 
| 227|0x000000008e300000, 0x000000008e300000, 0x000000008e400000|  0%| F|  |TAMS 0x000000008e300000, 0x000000008e300000| Untracked 
| 228|0x000000008e400000, 0x000000008e400000, 0x000000008e500000|  0%| F|  |TAMS 0x000000008e400000, 0x000000008e400000| Untracked 
| 229|0x000000008e500000, 0x000000008e500000, 0x000000008e600000|  0%| F|  |TAMS 0x000000008e500000, 0x000000008e500000| Untracked 
| 230|0x000000008e600000, 0x000000008e600000, 0x000000008e700000|  0%| F|  |TAMS 0x000000008e600000, 0x000000008e600000| Untracked 
| 231|0x000000008e700000, 0x000000008e700000, 0x000000008e800000|  0%| F|  |TAMS 0x000000008e700000, 0x000000008e700000| Untracked 
| 232|0x000000008e800000, 0x000000008e800000, 0x000000008e900000|  0%| F|  |TAMS 0x000000008e800000, 0x000000008e800000| Untracked 
| 233|0x000000008e900000, 0x000000008e900000, 0x000000008ea00000|  0%| F|  |TAMS 0x000000008e900000, 0x000000008e900000| Untracked 
| 234|0x000000008ea00000, 0x000000008ea00000, 0x000000008eb00000|  0%| F|  |TAMS 0x000000008ea00000, 0x000000008ea00000| Untracked 
| 235|0x000000008eb00000, 0x000000008eb00000, 0x000000008ec00000|  0%| F|  |TAMS 0x000000008eb00000, 0x000000008eb00000| Untracked 
| 236|0x000000008ec00000, 0x000000008ec00000, 0x000000008ed00000|  0%| F|  |TAMS 0x000000008ec00000, 0x000000008ec00000| Untracked 
| 237|0x000000008ed00000, 0x000000008ed00000, 0x000000008ee00000|  0%| F|  |TAMS 0x000000008ed00000, 0x000000008ed00000| Untracked 
| 238|0x000000008ee00000, 0x000000008ee00000, 0x000000008ef00000|  0%| F|  |TAMS 0x000000008ee00000, 0x000000008ee00000| Untracked 
| 239|0x000000008ef00000, 0x000000008ef00000, 0x000000008f000000|  0%| F|  |TAMS 0x000000008ef00000, 0x000000008ef00000| Untracked 
| 240|0x000000008f000000, 0x000000008f000000, 0x000000008f100000|  0%| F|  |TAMS 0x000000008f000000, 0x000000008f000000| Untracked 
| 241|0x000000008f100000, 0x000000008f100000, 0x000000008f200000|  0%| F|  |TAMS 0x000000008f100000, 0x000000008f100000| Untracked 
| 242|0x000000008f200000, 0x000000008f200000, 0x000000008f300000|  0%| F|  |TAMS 0x000000008f200000, 0x000000008f200000| Untracked 
| 243|0x000000008f300000, 0x000000008f300000, 0x000000008f400000|  0%| F|  |TAMS 0x000000008f300000, 0x000000008f300000| Untracked 
| 244|0x000000008f400000, 0x000000008f400000, 0x000000008f500000|  0%| F|  |TAMS 0x000000008f400000, 0x000000008f400000| Untracked 
| 245|0x000000008f500000, 0x000000008f500000, 0x000000008f600000|  0%| F|  |TAMS 0x000000008f500000, 0x000000008f500000| Untracked 
| 246|0x000000008f600000, 0x000000008f600000, 0x000000008f700000|  0%| F|  |TAMS 0x000000008f600000, 0x000000008f600000| Untracked 
| 247|0x000000008f700000, 0x000000008f700000, 0x000000008f800000|  0%| F|  |TAMS 0x000000008f700000, 0x000000008f700000| Untracked 
| 248|0x000000008f800000, 0x000000008f800000, 0x000000008f900000|  0%| F|  |TAMS 0x000000008f800000, 0x000000008f800000| Untracked 
| 249|0x000000008f900000, 0x000000008f900000, 0x000000008fa00000|  0%| F|  |TAMS 0x000000008f900000, 0x000000008f900000| Untracked 
| 250|0x000000008fa00000, 0x000000008fa00000, 0x000000008fb00000|  0%| F|  |TAMS 0x000000008fa00000, 0x000000008fa00000| Untracked 
| 251|0x000000008fb00000, 0x000000008fb00000, 0x000000008fc00000|  0%| F|  |TAMS 0x000000008fb00000, 0x000000008fb00000| Untracked 
| 252|0x000000008fc00000, 0x000000008fc00000, 0x000000008fd00000|  0%| F|  |TAMS 0x000000008fc00000, 0x000000008fc00000| Untracked 
| 253|0x000000008fd00000, 0x000000008fd00000, 0x000000008fe00000|  0%| F|  |TAMS 0x000000008fd00000, 0x000000008fd00000| Untracked 
| 254|0x000000008fe00000, 0x000000008fe00000, 0x000000008ff00000|  0%| F|  |TAMS 0x000000008fe00000, 0x000000008fe00000| Untracked 
| 255|0x000000008ff00000, 0x000000008ff00000, 0x0000000090000000|  0%| F|  |TAMS 0x000000008ff00000, 0x000000008ff00000| Untracked 
| 256|0x0000000090000000, 0x0000000090000000, 0x0000000090100000|  0%| F|  |TAMS 0x0000000090000000, 0x0000000090000000| Untracked 
| 257|0x0000000090100000, 0x0000000090100000, 0x0000000090200000|  0%| F|  |TAMS 0x0000000090100000, 0x0000000090100000| Untracked 
| 258|0x0000000090200000, 0x0000000090200000, 0x0000000090300000|  0%| F|  |TAMS 0x0000000090200000, 0x0000000090200000| Untracked 
| 259|0x0000000090300000, 0x0000000090300000, 0x0000000090400000|  0%| F|  |TAMS 0x0000000090300000, 0x0000000090300000| Untracked 
| 260|0x0000000090400000, 0x0000000090400000, 0x0000000090500000|  0%| F|  |TAMS 0x0000000090400000, 0x0000000090400000| Untracked 
| 261|0x0000000090500000, 0x0000000090500000, 0x0000000090600000|  0%| F|  |TAMS 0x0000000090500000, 0x0000000090500000| Untracked 
| 262|0x0000000090600000, 0x0000000090600000, 0x0000000090700000|  0%| F|  |TAMS 0x0000000090600000, 0x0000000090600000| Untracked 
| 263|0x0000000090700000, 0x0000000090700000, 0x0000000090800000|  0%| F|  |TAMS 0x0000000090700000, 0x0000000090700000| Untracked 
| 264|0x0000000090800000, 0x0000000090800000, 0x0000000090900000|  0%| F|  |TAMS 0x0000000090800000, 0x0000000090800000| Untracked 
| 265|0x0000000090900000, 0x0000000090900000, 0x0000000090a00000|  0%| F|  |TAMS 0x0000000090900000, 0x0000000090900000| Untracked 
| 266|0x0000000090a00000, 0x0000000090a81cd8, 0x0000000090b00000| 50%| E|  |TAMS 0x0000000090a00000, 0x0000000090a00000| Complete 

Card table byte_map: [0x00000208d44c0000,0x00000208d48c0000] _byte_map_base: 0x00000208d40c0000

Marking Bits (Prev, Next): (CMBitMap*) 0x00000208c0fdc528, (CMBitMap*) 0x00000208c0fdc560
 Prev Bits: [0x00000208d4cc0000, 0x00000208d6cc0000)
 Next Bits: [0x00000208d6cc0000, 0x00000208d8cc0000)

Polling page: 0x00000208bf7a0000

Metaspace:

Usage:
  Non-class:    130.75 MB capacity,   127.96 MB ( 98%) used,     2.32 MB (  2%) free+waste,   484.06 KB ( <1%) overhead. 
      Class:     19.36 MB capacity,    17.88 MB ( 92%) used,     1.27 MB (  7%) free+waste,   211.38 KB (  1%) overhead. 
       Both:    150.11 MB capacity,   145.84 MB ( 97%) used,     3.59 MB (  2%) free+waste,   695.44 KB ( <1%) overhead. 

Virtual space:
  Non-class space:      132.00 MB reserved,     130.75 MB (>99%) committed 
      Class space:        1.00 GB reserved,      19.41 MB (  2%) committed 
             Both:        1.13 GB reserved,     150.16 MB ( 13%) committed 

Chunk freelists:
   Non-Class:  0 bytes
       Class:  0 bytes
        Both:  0 bytes

MaxMetaspaceSize: 17179869184.00 GB
CompressedClassSpaceSize: 1.00 GB

CodeHeap 'non-profiled nmethods': size=120064Kb used=19080Kb max_used=19080Kb free=100983Kb
 bounds [0x00000208cc550000, 0x00000208cd800000, 0x00000208d3a90000]
CodeHeap 'profiled nmethods': size=120000Kb used=50679Kb max_used=51221Kb free=69320Kb
 bounds [0x00000208c5020000, 0x00000208c8270000, 0x00000208cc550000]
CodeHeap 'non-nmethods': size=5696Kb used=2389Kb max_used=2474Kb free=3306Kb
 bounds [0x00000208c4a90000, 0x00000208c4d20000, 0x00000208c5020000]
 total_blobs=23508 nmethods=22483 adapters=935
 compilation: enabled
              stopped_count=0, restarted_count=0
 full_count=0

Compilation events (20 events):
Event: 2188.381 Thread 0x00000208db32c800 26311 %     3       com.android.tools.r8.ir.regalloc.a::a @ 99 (270 bytes)
Event: 2188.384 Thread 0x00000208db32c800 nmethod 26311% 0x00000208c713f610 code [0x00000208c713fac0, 0x00000208c7142858]
Event: 2188.385 Thread 0x00000208db32c800 26312       2       com.android.tools.r8.ir.regalloc.e::f (137 bytes)
Event: 2188.386 Thread 0x00000208db32c800 nmethod 26312 0x00000208c6952290 code [0x00000208c69524a0, 0x00000208c6952848]
Event: 2188.386 Thread 0x00000208db32c800 26313       2       com.android.tools.r8.ir.regalloc.e::c (67 bytes)
Event: 2188.387 Thread 0x00000208db32c800 nmethod 26313 0x00000208c691a310 code [0x00000208c691a500, 0x00000208c691a858]
Event: 2188.387 Thread 0x00000208db32c800 26314       2       com.android.tools.r8.ir.regalloc.e::d (36 bytes)
Event: 2188.387 Thread 0x00000208db32c800 nmethod 26314 0x00000208c6818190 code [0x00000208c6818340, 0x00000208c6818448]
Event: 2188.437 Thread 0x00000208e81f5000 nmethod 26282 0x00000208cd7d9590 code [0x00000208cd7d9d00, 0x00000208cd7e1720]
Event: 2188.438 Thread 0x00000208e81f5000 26298       4       com.android.tools.r8.internal.Me::c (1174 bytes)
Event: 2188.453 Thread 0x00000208db32c800 26316       2       com.android.tools.r8.internal.oe::<init> (10 bytes)
Event: 2188.453 Thread 0x00000208db32c800 nmethod 26316 0x00000208c681f010 code [0x00000208c681f1c0, 0x00000208c681f2c8]
Event: 2188.454 Thread 0x00000208db32c800 26317       3       com.android.tools.r8.ir.regalloc.a::<init> (167 bytes)
Event: 2188.457 Thread 0x00000208db32c800 nmethod 26317 0x00000208c75e2510 code [0x00000208c75e2960, 0x00000208c75e4f18]
Event: 2188.474 Thread 0x00000208db32c800 26319       2       com.android.tools.r8.internal.oe::i (10 bytes)
Event: 2188.474 Thread 0x00000208db32c800 nmethod 26319 0x00000208c689b090 code [0x00000208c689b240, 0x00000208c689b3a8]
Event: 2188.522 Thread 0x00000208db32c800 26320       2       com.android.tools.r8.internal.nf::<init> (6 bytes)
Event: 2188.523 Thread 0x00000208db32c800 nmethod 26320 0x00000208c6835c10 code [0x00000208c6835dc0, 0x00000208c6835ef8]
Event: 2188.523 Thread 0x00000208db32c800 26321       2       com.android.tools.r8.internal.nf::<init> (10 bytes)
Event: 2188.523 Thread 0x00000208db32c800 nmethod 26321 0x00000208c6863610 code [0x00000208c68637c0, 0x00000208c68638f8]

GC Heap History (20 events):
Event: 2163.510 GC heap before
{Heap before GC invocations=62 (full 0):
 garbage-first heap   total 273408K, used 228728K [0x0000000080000000, 0x0000000100000000)
  region size 1024K, 77 young (78848K), 1 survivors (1024K)
 Metaspace       used 148633K, capacity 152882K, committed 153124K, reserved 1183744K
  class space    used 18218K, capacity 19685K, committed 19748K, reserved 1048576K
}
Event: 2163.518 GC heap after
{Heap after GC invocations=63 (full 0):
 garbage-first heap   total 273408K, used 152450K [0x0000000080000000, 0x0000000100000000)
  region size 1024K, 2 young (2048K), 2 survivors (2048K)
 Metaspace       used 148633K, capacity 152882K, committed 153124K, reserved 1183744K
  class space    used 18218K, capacity 19685K, committed 19748K, reserved 1048576K
}
Event: 2165.240 GC heap before
{Heap before GC invocations=64 (full 0):
 garbage-first heap   total 273408K, used 231298K [0x0000000080000000, 0x0000000100000000)
  region size 1024K, 79 young (80896K), 2 survivors (2048K)
 Metaspace       used 149099K, capacity 153381K, committed 153508K, reserved 1183744K
  class space    used 18275K, capacity 19776K, committed 19876K, reserved 1048576K
}
Event: 2165.251 GC heap after
{Heap after GC invocations=65 (full 0):
 garbage-first heap   total 273408K, used 152860K [0x0000000080000000, 0x0000000100000000)
  region size 1024K, 2 young (2048K), 2 survivors (2048K)
 Metaspace       used 149099K, capacity 153381K, committed 153508K, reserved 1183744K
  class space    used 18275K, capacity 19776K, committed 19876K, reserved 1048576K
}
Event: 2165.555 GC heap before
{Heap before GC invocations=65 (full 0):
 garbage-first heap   total 273408K, used 164124K [0x0000000080000000, 0x0000000100000000)
  region size 1024K, 13 young (13312K), 2 survivors (2048K)
 Metaspace       used 149103K, capacity 153445K, committed 153764K, reserved 1183744K
  class space    used 18275K, capacity 19776K, committed 19876K, reserved 1048576K
}
Event: 2165.581 GC heap after
{Heap after GC invocations=66 (full 0):
 garbage-first heap   total 273408K, used 152014K [0x0000000080000000, 0x0000000100000000)
  region size 1024K, 1 young (1024K), 1 survivors (1024K)
 Metaspace       used 149103K, capacity 153445K, committed 153764K, reserved 1183744K
  class space    used 18275K, capacity 19776K, committed 19876K, reserved 1048576K
}
Event: 2167.223 GC heap before
{Heap before GC invocations=66 (full 0):
 garbage-first heap   total 273408K, used 232910K [0x0000000080000000, 0x0000000100000000)
  region size 1024K, 80 young (81920K), 1 survivors (1024K)
 Metaspace       used 149175K, capacity 153543K, committed 153764K, reserved 1183744K
  class space    used 18288K, capacity 19808K, committed 19876K, reserved 1048576K
}
Event: 2167.229 GC heap after
{Heap after GC invocations=67 (full 0):
 garbage-first heap   total 273408K, used 152614K [0x0000000080000000, 0x0000000100000000)
  region size 1024K, 1 young (1024K), 1 survivors (1024K)
 Metaspace       used 149175K, capacity 153543K, committed 153764K, reserved 1183744K
  class space    used 18288K, capacity 19808K, committed 19876K, reserved 1048576K
}
Event: 2170.489 GC heap before
{Heap before GC invocations=68 (full 0):
 garbage-first heap   total 273408K, used 234534K [0x0000000080000000, 0x0000000100000000)
  region size 1024K, 81 young (82944K), 1 survivors (1024K)
 Metaspace       used 149227K, capacity 153561K, committed 153764K, reserved 1183744K
  class space    used 18297K, capacity 19814K, committed 19876K, reserved 1048576K
}
Event: 2170.503 GC heap after
{Heap after GC invocations=69 (full 0):
 garbage-first heap   total 273408K, used 153110K [0x0000000080000000, 0x0000000100000000)
  region size 1024K, 2 young (2048K), 2 survivors (2048K)
 Metaspace       used 149227K, capacity 153561K, committed 153764K, reserved 1183744K
  class space    used 18297K, capacity 19814K, committed 19876K, reserved 1048576K
}
Event: 2171.324 GC heap before
{Heap before GC invocations=69 (full 0):
 garbage-first heap   total 273408K, used 164374K [0x0000000080000000, 0x0000000100000000)
  region size 1024K, 13 young (13312K), 2 survivors (2048K)
 Metaspace       used 149228K, capacity 153561K, committed 153764K, reserved 1183744K
  class space    used 18297K, capacity 19814K, committed 19876K, reserved 1048576K
}
Event: 2171.416 GC heap after
{Heap after GC invocations=70 (full 0):
 garbage-first heap   total 273408K, used 149471K [0x0000000080000000, 0x0000000100000000)
  region size 1024K, 2 young (2048K), 2 survivors (2048K)
 Metaspace       used 149228K, capacity 153561K, committed 153764K, reserved 1183744K
  class space    used 18297K, capacity 19814K, committed 19876K, reserved 1048576K
}
Event: 2175.460 GC heap before
{Heap before GC invocations=70 (full 0):
 garbage-first heap   total 273408K, used 234463K [0x0000000080000000, 0x0000000100000000)
  region size 1024K, 85 young (87040K), 2 survivors (2048K)
 Metaspace       used 149264K, capacity 153625K, committed 153764K, reserved 1183744K
  class space    used 18297K, capacity 19814K, committed 19876K, reserved 1048576K
}
Event: 2175.481 GC heap after
{Heap after GC invocations=71 (full 0):
 garbage-first heap   total 273408K, used 150200K [0x0000000080000000, 0x0000000100000000)
  region size 1024K, 2 young (2048K), 2 survivors (2048K)
 Metaspace       used 149264K, capacity 153625K, committed 153764K, reserved 1183744K
  class space    used 18297K, capacity 19814K, committed 19876K, reserved 1048576K
}
Event: 2180.704 GC heap before
{Heap before GC invocations=72 (full 0):
 garbage-first heap   total 273408K, used 236216K [0x0000000080000000, 0x0000000100000000)
  region size 1024K, 86 young (88064K), 2 survivors (2048K)
 Metaspace       used 149303K, capacity 153644K, committed 153764K, reserved 1183744K
  class space    used 18304K, capacity 19821K, committed 19876K, reserved 1048576K
}
Event: 2180.728 GC heap after
{Heap after GC invocations=73 (full 0):
 garbage-first heap   total 273408K, used 150362K [0x0000000080000000, 0x0000000100000000)
  region size 1024K, 2 young (2048K), 2 survivors (2048K)
 Metaspace       used 149303K, capacity 153644K, committed 153764K, reserved 1183744K
  class space    used 18304K, capacity 19821K, committed 19876K, reserved 1048576K
}
Event: 2181.400 GC heap before
{Heap before GC invocations=73 (full 0):
 garbage-first heap   total 273408K, used 161626K [0x0000000080000000, 0x0000000100000000)
  region size 1024K, 13 young (13312K), 2 survivors (2048K)
 Metaspace       used 149304K, capacity 153644K, committed 153764K, reserved 1183744K
  class space    used 18304K, capacity 19821K, committed 19876K, reserved 1048576K
}
Event: 2181.424 GC heap after
{Heap after GC invocations=74 (full 0):
 garbage-first heap   total 273408K, used 150223K [0x0000000080000000, 0x0000000100000000)
  region size 1024K, 1 young (1024K), 1 survivors (1024K)
 Metaspace       used 149304K, capacity 153644K, committed 153764K, reserved 1183744K
  class space    used 18304K, capacity 19821K, committed 19876K, reserved 1048576K
}
Event: 2188.568 GC heap before
{Heap before GC invocations=74 (full 0):
 garbage-first heap   total 273408K, used 236239K [0x0000000080000000, 0x0000000100000000)
  region size 1024K, 85 young (87040K), 1 survivors (1024K)
 Metaspace       used 149338K, capacity 153709K, committed 153764K, reserved 1183744K
  class space    used 18309K, capacity 19821K, committed 19876K, reserved 1048576K
}
Event: 2188.587 GC heap after
{Heap after GC invocations=75 (full 0):
 garbage-first heap   total 273408K, used 150997K [0x0000000080000000, 0x0000000100000000)
  region size 1024K, 2 young (2048K), 2 survivors (2048K)
 Metaspace       used 149338K, capacity 153709K, committed 153764K, reserved 1183744K
  class space    used 18309K, capacity 19821K, committed 19876K, reserved 1048576K
}

Deoptimization events (20 events):
Event: 2187.138 Thread 0x00000208de82d000 Uncommon trap: trap_request=0xffffffde fr.pc=0x00000208cd603df8 relative=0x0000000000005918
Event: 2187.139 Thread 0x00000208de82d000 Uncommon trap: reason=class_check action=maybe_recompile pc=0x00000208cd603df8 method=com.android.tools.r8.internal.E7.a(Lcom/android/tools/r8/internal/Me;Lcom/android/tools/r8/internal/h2;Ljava/util/function/Supplier;Ljava/util/Map;Ljava/util/function/Pr
Event: 2187.139 Thread 0x00000208de82d000 DEOPT PACKING pc=0x00000208cd603df8 sp=0x000000c49c1f9a10
Event: 2187.139 Thread 0x00000208de82d000 DEOPT UNPACKING pc=0x00000208c4ab78af sp=0x000000c49c1f9a18 mode 2
Event: 2187.651 Thread 0x00000208de82d000 Uncommon trap: trap_request=0xffffff76 fr.pc=0x00000208cd7c9c40 relative=0x0000000000000aa0
Event: 2187.651 Thread 0x00000208de82d000 Uncommon trap: reason=loop_limit_check action=maybe_recompile pc=0x00000208cd7c9c40 method=com.android.tools.r8.internal.f9.c(Lcom/android/tools/r8/internal/uh;Lcom/android/tools/r8/internal/uh;)Lcom/android/tools/r8/internal/Ih; @ 26 c2
Event: 2187.651 Thread 0x00000208de82d000 DEOPT PACKING pc=0x00000208cd7c9c40 sp=0x000000c49c1f97a0
Event: 2187.651 Thread 0x00000208de82d000 DEOPT UNPACKING pc=0x00000208c4ab78af sp=0x000000c49c1f9788 mode 2
Event: 2187.665 Thread 0x00000208de82d000 DEOPT PACKING pc=0x00000208c7eae661 sp=0x000000c49c1f9be0
Event: 2187.665 Thread 0x00000208de82d000 DEOPT UNPACKING pc=0x00000208c4ab76ce sp=0x000000c49c1f92b8 mode 0
Event: 2187.788 Thread 0x00000208de82d000 DEOPT PACKING pc=0x00000208c7ec8589 sp=0x000000c49c1f96b0
Event: 2187.788 Thread 0x00000208de82d000 DEOPT UNPACKING pc=0x00000208c4ab76ce sp=0x000000c49c1f8d00 mode 0
Event: 2187.802 Thread 0x00000208de82d000 Uncommon trap: trap_request=0xffffffde fr.pc=0x00000208cd603df8 relative=0x0000000000005918
Event: 2187.802 Thread 0x00000208de82d000 Uncommon trap: reason=class_check action=maybe_recompile pc=0x00000208cd603df8 method=com.android.tools.r8.internal.E7.a(Lcom/android/tools/r8/internal/Me;Lcom/android/tools/r8/internal/h2;Ljava/util/function/Supplier;Ljava/util/Map;Ljava/util/function/Pr
Event: 2187.802 Thread 0x00000208de82d000 DEOPT PACKING pc=0x00000208cd603df8 sp=0x000000c49c1f9a10
Event: 2187.802 Thread 0x00000208de82d000 DEOPT UNPACKING pc=0x00000208c4ab78af sp=0x000000c49c1f9a18 mode 2
Event: 2188.349 Thread 0x00000208de82d000 DEOPT PACKING pc=0x00000208c7eae661 sp=0x000000c49c1f9be0
Event: 2188.349 Thread 0x00000208de82d000 DEOPT UNPACKING pc=0x00000208c4ab76ce sp=0x000000c49c1f92b8 mode 0
Event: 2188.370 Thread 0x00000208de82d000 DEOPT PACKING pc=0x00000208c7fa9ac4 sp=0x000000c49c1f9880
Event: 2188.370 Thread 0x00000208de82d000 DEOPT UNPACKING pc=0x00000208c4ab76ce sp=0x000000c49c1f8e08 mode 0

Classes redefined (0 events):
No events

Internal exceptions (20 events):
Event: 2157.383 Thread 0x00000208de829000 Exception <a 'java/lang/IncompatibleClassChangeError'{0x000000008fd498b8}: Found class java.lang.Object, but interface was expected> (0x000000008fd498b8) thrown at [./src/hotspot/share/interpreter/linkResolver.cpp, line 839]
Event: 2159.105 Thread 0x00000208e1c99000 Exception <a 'sun/nio/fs/WindowsException'{0x000000008f61faa8}> (0x000000008f61faa8) thrown at [./src/hotspot/share/prims/jni.cpp, line 615]
Event: 2159.409 Thread 0x00000208e1c99000 Exception <a 'sun/nio/fs/WindowsException'{0x000000008eba0c70}> (0x000000008eba0c70) thrown at [./src/hotspot/share/prims/jni.cpp, line 615]
Event: 2159.453 Thread 0x00000208e1c96000 Exception <a 'sun/nio/fs/WindowsException'{0x000000008e026058}> (0x000000008e026058) thrown at [./src/hotspot/share/prims/jni.cpp, line 615]
Event: 2159.498 Thread 0x00000208e1c99000 Exception <a 'sun/nio/fs/WindowsException'{0x000000008dd2a2f0}> (0x000000008dd2a2f0) thrown at [./src/hotspot/share/prims/jni.cpp, line 615]
Event: 2159.764 Thread 0x00000208e1c96000 Exception <a 'sun/nio/fs/WindowsException'{0x000000008cfb99c8}> (0x000000008cfb99c8) thrown at [./src/hotspot/share/prims/jni.cpp, line 615]
Event: 2159.870 Thread 0x00000208de82d000 Implicit null exception at 0x00000208ccc30a6b to 0x00000208ccc30a8c
Event: 2160.055 Thread 0x00000208e1c99000 Exception <a 'sun/nio/fs/WindowsException'{0x000000008ce9a540}> (0x000000008ce9a540) thrown at [./src/hotspot/share/prims/jni.cpp, line 615]
Event: 2160.131 Thread 0x00000208e1c96000 Exception <a 'sun/nio/fs/WindowsException'{0x000000008c2a11e8}> (0x000000008c2a11e8) thrown at [./src/hotspot/share/prims/jni.cpp, line 615]
Event: 2160.374 Thread 0x00000208e1c99000 Exception <a 'sun/nio/fs/WindowsException'{0x0000000090016ae0}> (0x0000000090016ae0) thrown at [./src/hotspot/share/prims/jni.cpp, line 615]
Event: 2161.122 Thread 0x00000208e1c99000 Exception <a 'sun/nio/fs/WindowsException'{0x000000008e80b3a8}> (0x000000008e80b3a8) thrown at [./src/hotspot/share/prims/jni.cpp, line 615]
Event: 2161.149 Thread 0x00000208e1c99000 Exception <a 'sun/nio/fs/WindowsException'{0x000000008e8b4bc8}> (0x000000008e8b4bc8) thrown at [./src/hotspot/share/prims/jni.cpp, line 615]
Event: 2161.968 Thread 0x00000208e1c96000 Exception <a 'sun/nio/fs/WindowsException'{0x00000000909a7988}> (0x00000000909a7988) thrown at [./src/hotspot/share/prims/jni.cpp, line 615]
Event: 2161.972 Thread 0x00000208e1c99000 Exception <a 'sun/nio/fs/WindowsException'{0x00000000909e3d88}> (0x00000000909e3d88) thrown at [./src/hotspot/share/prims/jni.cpp, line 615]
Event: 2163.151 Thread 0x00000208de829000 Implicit null exception at 0x00000208ccde5f84 to 0x00000208ccde6624
Event: 2163.576 Thread 0x00000208e1c96000 Exception <a 'sun/nio/fs/WindowsException'{0x000000009024e940}> (0x000000009024e940) thrown at [./src/hotspot/share/prims/jni.cpp, line 615]
Event: 2164.173 Thread 0x00000208e1c96000 Exception <a 'sun/nio/fs/WindowsException'{0x000000008efb5630}> (0x000000008efb5630) thrown at [./src/hotspot/share/prims/jni.cpp, line 615]
Event: 2164.615 Thread 0x00000208de829000 Exception <a 'java/lang/NoSuchMethodError'{0x000000008dd7b818}: 'int java.lang.invoke.DirectMethodHandle$Holder.invokeSpecial(java.lang.Object, java.lang.Object, java.lang.Object, java.lang.Object, java.lang.Object, java.lang.Object)'> (0x000000008dd7b818) thrown at [./src/hotspot/share/interpreter/linkResolver.cpp, line 773]
Event: 2165.018 Thread 0x00000208de829000 Exception <a 'sun/nio/fs/WindowsException'{0x000000008caded18}> (0x000000008caded18) thrown at [./src/hotspot/share/prims/jni.cpp, line 615]
Event: 2168.786 Thread 0x00000208de82d000 Implicit null exception at 0x00000208ccba6a8f to 0x00000208ccbac6fc

Events (20 events):
Event: 2180.703 Executing VM operation: G1CollectForAllocation
Event: 2180.729 Executing VM operation: G1CollectForAllocation done
Event: 2181.400 Executing VM operation: G1CollectForAllocation
Event: 2181.424 Executing VM operation: G1CollectForAllocation done
Event: 2182.927 loading class com/android/tools/r8/internal/X$i$a
Event: 2182.927 loading class com/android/tools/r8/internal/X$i$a done
Event: 2188.422 loading class com/android/tools/r8/internal/Ug
Event: 2188.424 loading class com/android/tools/r8/internal/Ug done
Event: 2188.434 loading class com/android/tools/r8/internal/ah
Event: 2188.434 loading class com/android/tools/r8/internal/ah done
Event: 2188.437 loading class com/android/tools/r8/internal/Wg
Event: 2188.437 loading class com/android/tools/r8/internal/Wg done
Event: 2188.439 loading class com/android/tools/r8/internal/bh
Event: 2188.439 loading class com/android/tools/r8/internal/bh done
Event: 2188.441 loading class com/android/tools/r8/internal/Zg
Event: 2188.441 loading class com/android/tools/r8/internal/Zg done
Event: 2188.441 loading class com/android/tools/r8/internal/Tg
Event: 2188.441 loading class com/android/tools/r8/internal/Tg done
Event: 2188.567 Executing VM operation: G1CollectForAllocation
Event: 2188.587 Executing VM operation: G1CollectForAllocation done


Dynamic libraries:
0x00007ff78bb00000 - 0x00007ff78bb0a000 	C:\Program Files\Android\Android Studio\jre\bin\java.exe
0x00007ff967a50000 - 0x00007ff967c45000 	C:\Windows\SYSTEM32\ntdll.dll
0x00007ff9662c0000 - 0x00007ff96637e000 	C:\Windows\System32\KERNEL32.DLL
0x00007ff965510000 - 0x00007ff9657d8000 	C:\Windows\System32\KERNELBASE.dll
0x00007ff965170000 - 0x00007ff965270000 	C:\Windows\System32\ucrtbase.dll
0x00007ff95c870000 - 0x00007ff95c887000 	C:\Program Files\Android\Android Studio\jre\bin\VCRUNTIME140.dll
0x00007ff95c850000 - 0x00007ff95c869000 	C:\Program Files\Android\Android Studio\jre\bin\jli.dll
0x00007ff967740000 - 0x00007ff9678e1000 	C:\Windows\System32\USER32.dll
0x00007ff952970000 - 0x00007ff952c0a000 	C:\Windows\WinSxS\amd64_microsoft.windows.common-controls_6595b64144ccf1df_6.0.19041.1110_none_60b5254171f9507e\COMCTL32.dll
0x00007ff9654e0000 - 0x00007ff965502000 	C:\Windows\System32\win32u.dll
0x00007ff965e50000 - 0x00007ff965eee000 	C:\Windows\System32\msvcrt.dll
0x00007ff967710000 - 0x00007ff96773b000 	C:\Windows\System32\GDI32.dll
0x00007ff965890000 - 0x00007ff96599b000 	C:\Windows\System32\gdi32full.dll
0x00007ff965a00000 - 0x00007ff965a9d000 	C:\Windows\System32\msvcp_win.dll
0x00007ff965d80000 - 0x00007ff965db0000 	C:\Windows\System32\IMM32.DLL
0x00007ff9322e0000 - 0x00007ff93237d000 	C:\Program Files\Android\Android Studio\jre\bin\msvcp140.dll
0x00007ff930480000 - 0x00007ff930f4f000 	C:\Program Files\Android\Android Studio\jre\bin\server\jvm.dll
0x00007ff966430000 - 0x00007ff9664dc000 	C:\Windows\System32\ADVAPI32.dll
0x00007ff966690000 - 0x00007ff96672b000 	C:\Windows\System32\sechost.dll
0x00007ff9667a0000 - 0x00007ff9668ca000 	C:\Windows\System32\RPCRT4.dll
0x00007ff965f50000 - 0x00007ff965f58000 	C:\Windows\System32\PSAPI.DLL
0x00007ff95d6b0000 - 0x00007ff95d6ba000 	C:\Windows\SYSTEM32\VERSION.dll
0x00007ff94fe90000 - 0x00007ff94fe99000 	C:\Windows\SYSTEM32\WSOCK32.dll
0x00007ff965dd0000 - 0x00007ff965e3b000 	C:\Windows\System32\WS2_32.dll
0x00007ff940f00000 - 0x00007ff940f27000 	C:\Windows\SYSTEM32\WINMM.dll
0x00007ff963a20000 - 0x00007ff963a32000 	C:\Windows\SYSTEM32\kernel.appcore.dll
0x00007ff954250000 - 0x00007ff954261000 	C:\Program Files\Android\Android Studio\jre\bin\verify.dll
0x00007ff962f60000 - 0x00007ff963144000 	C:\Windows\SYSTEM32\DBGHELP.DLL
0x00007ff94a320000 - 0x00007ff94a34c000 	C:\Windows\SYSTEM32\dbgcore.DLL
0x00007ff965450000 - 0x00007ff9654d3000 	C:\Windows\System32\bcryptPrimitives.dll
0x00007ff954220000 - 0x00007ff954249000 	C:\Program Files\Android\Android Studio\jre\bin\java.dll
0x00007ff95d780000 - 0x00007ff95d78b000 	C:\Program Files\Android\Android Studio\jre\bin\jimage.dll
0x00007ff953e70000 - 0x00007ff953e88000 	C:\Program Files\Android\Android Studio\jre\bin\zip.dll
0x00007ff9669e0000 - 0x00007ff96711f000 	C:\Windows\System32\SHELL32.dll
0x00007ff963150000 - 0x00007ff9638e0000 	C:\Windows\SYSTEM32\windows.storage.dll
0x00007ff965f60000 - 0x00007ff9662b5000 	C:\Windows\System32\combase.dll
0x00007ff964af0000 - 0x00007ff964b1e000 	C:\Windows\SYSTEM32\Wldp.dll
0x00007ff9668d0000 - 0x00007ff96697d000 	C:\Windows\System32\SHCORE.dll
0x00007ff965ef0000 - 0x00007ff965f45000 	C:\Windows\System32\shlwapi.dll
0x00007ff9650b0000 - 0x00007ff9650cf000 	C:\Windows\SYSTEM32\profapi.dll
0x00007ff953e50000 - 0x00007ff953e6a000 	C:\Program Files\Android\Android Studio\jre\bin\net.dll
0x00007ff952210000 - 0x00007ff95231c000 	C:\Windows\SYSTEM32\WINHTTP.dll
0x00007ff964850000 - 0x00007ff9648ba000 	C:\Windows\system32\mswsock.dll
0x00007ff960590000 - 0x00007ff9605a4000 	C:\Program Files\Android\Android Studio\jre\bin\nio.dll
0x00007ff95c890000 - 0x00007ff95c8b7000 	C:\Users\usuario\.gradle\native\8bec1ad78214c89d9ad589b4d07fe93259594b29d510b10fafb7a158f7737e5d\windows-amd64\native-platform.dll
0x00007ff932380000 - 0x00007ff9324bd000 	C:\Users\usuario\.gradle\native\53dbd7edfb1c66fb8903c78663c9afc45aea4f116125fa6feffd364cf09443e8\windows-amd64\native-platform-file-events.dll
0x00007ff9542f0000 - 0x00007ff9542fa000 	C:\Program Files\Android\Android Studio\jre\bin\management.dll
0x00007ff9542e0000 - 0x00007ff9542ec000 	C:\Program Files\Android\Android Studio\jre\bin\management_ext.dll
0x00007ff964a40000 - 0x00007ff964a58000 	C:\Windows\SYSTEM32\CRYPTSP.dll
0x00007ff9641d0000 - 0x00007ff964204000 	C:\Windows\system32\rsaenh.dll
0x00007ff9652c0000 - 0x00007ff9652e7000 	C:\Windows\System32\bcrypt.dll
0x00007ff965030000 - 0x00007ff96505e000 	C:\Windows\SYSTEM32\USERENV.dll
0x00007ff964a60000 - 0x00007ff964a6c000 	C:\Windows\SYSTEM32\CRYPTBASE.dll
0x00007ff964540000 - 0x00007ff96457b000 	C:\Windows\SYSTEM32\IPHLPAPI.DLL
0x00007ff965e40000 - 0x00007ff965e48000 	C:\Windows\System32\NSI.dll
0x00007ff959400000 - 0x00007ff959417000 	C:\Windows\SYSTEM32\dhcpcsvc6.DLL
0x00007ff95b400000 - 0x00007ff95b41d000 	C:\Windows\SYSTEM32\dhcpcsvc.DLL
0x00007ff964580000 - 0x00007ff96464b000 	C:\Windows\SYSTEM32\DNSAPI.dll
0x00007ff951c40000 - 0x00007ff951c67000 	C:\Program Files\Android\Android Studio\jre\bin\sunec.dll
0x00007ff9517b0000 - 0x00007ff9517ba000 	C:\Windows\System32\rasadhlp.dll
0x00007ff951800000 - 0x00007ff95187f000 	C:\Windows\System32\fwpuclnt.dll

dbghelp: loaded successfully - version: 4.0.5 - missing functions: none
symbol engine: initialized successfully - sym options: 0x614 - pdb path: .;C:\Program Files\Android\Android Studio\jre\bin;C:\Windows\SYSTEM32;C:\Windows\WinSxS\amd64_microsoft.windows.common-controls_6595b64144ccf1df_6.0.19041.1110_none_60b5254171f9507e;C:\Program Files\Android\Android Studio\jre\bin\server;C:\Users\usuario\.gradle\native\8bec1ad78214c89d9ad589b4d07fe93259594b29d510b10fafb7a158f7737e5d\windows-amd64;C:\Users\usuario\.gradle\native\53dbd7edfb1c66fb8903c78663c9afc45aea4f116125fa6feffd364cf09443e8\windows-amd64

VM Arguments:
jvm_args: --add-opens=java.base/java.util=ALL-UNNAMED --add-opens=java.base/java.lang=ALL-UNNAMED --add-opens=java.base/java.lang.invoke=ALL-UNNAMED --add-opens=java.base/java.util=ALL-UNNAMED --add-opens=java.prefs/java.util.prefs=ALL-UNNAMED --add-opens=java.prefs/java.util.prefs=ALL-UNNAMED --add-opens=java.base/java.nio.charset=ALL-UNNAMED --add-opens=java.base/java.net=ALL-UNNAMED --add-opens=java.base/java.util.concurrent.atomic=ALL-UNNAMED -Xmx2048m -Dfile.encoding=UTF-8 -Duser.country=BR -Duser.language=pt -Duser.variant 
java_command: org.gradle.launcher.daemon.bootstrap.GradleDaemon 7.0.2
java_class_path (initial): C:\Users\usuario\.gradle\wrapper\dists\gradle-7.0.2-bin\857tjihv64xamwrf0h14cai3r\gradle-7.0.2\lib\gradle-launcher-7.0.2.jar
Launcher Type: SUN_STANDARD

[Global flags]
     intx CICompilerCount                          = 3                                         {product} {ergonomic}
     uint ConcGCThreads                            = 1                                         {product} {ergonomic}
     uint G1ConcRefinementThreads                  = 4                                         {product} {ergonomic}
   size_t G1HeapRegionSize                         = 1048576                                   {product} {ergonomic}
    uintx GCDrainStackTargetSize                   = 64                                        {product} {ergonomic}
   size_t InitialHeapSize                          = 134217728                                 {product} {ergonomic}
   size_t MarkStackSize                            = 4194304                                   {product} {ergonomic}
   size_t MaxHeapSize                              = 2147483648                                {product} {command line}
   size_t MaxNewSize                               = 1287651328                                {product} {ergonomic}
   size_t MinHeapDeltaBytes                        = 1048576                                   {product} {ergonomic}
    uintx NonNMethodCodeHeapSize                   = 5830732                                {pd product} {ergonomic}
    uintx NonProfiledCodeHeapSize                  = 122913754                              {pd product} {ergonomic}
    uintx ProfiledCodeHeapSize                     = 122913754                              {pd product} {ergonomic}
    uintx ReservedCodeCacheSize                    = 251658240                              {pd product} {ergonomic}
     bool SegmentedCodeCache                       = true                                      {product} {ergonomic}
     bool UseCompressedClassPointers               = true                                 {lp64_product} {ergonomic}
     bool UseCompressedOops                        = true                                 {lp64_product} {ergonomic}
     bool UseG1GC                                  = true                                      {product} {ergonomic}
     bool UseLargePagesIndividualAllocation        = false                                  {pd product} {ergonomic}

Logging:
Log output configuration:
 #0: stdout all=warning uptime,level,tags
 #1: stderr all=off uptime,level,tags

Environment Variables:
JAVA_HOME=C:\Program Files\Java\jdk-17
PATH=C:\Program Files\Common Files\Oracle\Java\javapath;C:\Windows\system32;C:\Windows;C:\Windows\System32\Wbem;C:\Windows\System32\WindowsPowerShell\v1.0\;C:\Windows\System32\OpenSSH\;C:\Program Files (x86)\Intel\Intel(R) Management Engine Components\DAL;C:\Program Files\Intel\Intel(R) Management Engine Components\DAL;C:\ProgramData\UNIVALI\Portugol Studio;C:\Program Files\Git\cmd;C:\Program Files\Java\jdk-17\bin;C:\Users\usuario\AppData\Local\Microsoft\WindowsApps;;C:\Program Files\JetBrains\IntelliJ IDEA Community Edition 2021.2.2\bin;
USERNAME=usuario
OS=Windows_NT
PROCESSOR_IDENTIFIER=Intel64 Family 6 Model 78 Stepping 3, GenuineIntel



---------------  S Y S T E M  ---------------

OS: Windows 10 , 64 bit Build 19041 (10.0.19041.1348)
OS uptime: 0 days 0:45 hours

CPU:total 4 (initial active 4) (2 cores per cpu, 2 threads per core) family 6 model 78 stepping 3 microcode 0xea, cmov, cx8, fxsr, mmx, sse, sse2, sse3, ssse3, sse4.1, sse4.2, popcnt, avx, avx2, aes, clmul, erms, 3dnowpref, lzcnt, ht, tsc, tscinvbit, bmi1, bmi2, adx, fma

Memory: 4k page, system-wide physical 8083M (131M free)
TotalPageFile size 12179M (AvailPageFile size 8M)
current process WorkingSet (physical memory assigned to process): 402M, peak: 604M
current process commit charge ("private bytes"): 729M, peak: 746M

vm_info: OpenJDK 64-Bit Server VM (11.0.10+0-b96-7249189) for windows-amd64 JRE (11.0.10+0-b96-7249189), built on Mar 31 2021 21:44:00 by "builder" with MS VC++ 14.0 (VS2015)

END.
